[1.855s] Invoking command in '/home/walle/WALL-E/ros2_ws/build/teleop': CMAKE_PREFIX_PATH=${CMAKE_PREFIX_PATH}:/home/walle/WALL-E/ros2_ws/install/motor_control:/opt/ros/humble /usr/bin/cmake --build /home/walle/WALL-E/ros2_ws/build/teleop -- -j4 -l4
[2.076s] Invoked command in '/home/walle/WALL-E/ros2_ws/build/teleop' returned '0': CMAKE_PREFIX_PATH=${CMAKE_PREFIX_PATH}:/home/walle/WALL-E/ros2_ws/install/motor_control:/opt/ros/humble /usr/bin/cmake --build /home/walle/WALL-E/ros2_ws/build/teleop -- -j4 -l4
[2.265s] Invoking command in '/home/walle/WALL-E/ros2_ws/build/teleop': CMAKE_PREFIX_PATH=${CMAKE_PREFIX_PATH}:/home/walle/WALL-E/ros2_ws/install/motor_control:/opt/ros/humble /usr/bin/cmake --install /home/walle/WALL-E/ros2_ws/build/teleop
[2.305s] -- Install configuration: ""
[2.306s] -- Up-to-date: /home/walle/WALL-E/ros2_ws/install/teleop/share/teleop//launch
[2.307s] -- Up-to-date: /home/walle/WALL-E/ros2_ws/install/teleop/share/teleop//launch/teleop_launch.py
[2.307s] -- Up-to-date: /home/walle/WALL-E/ros2_ws/install/teleop/share/ament_index/resource_index/package_run_dependencies/teleop
[2.308s] -- Up-to-date: /home/walle/WALL-E/ros2_ws/install/teleop/share/ament_index/resource_index/parent_prefix_path/teleop
[2.308s] -- Up-to-date: /home/walle/WALL-E/ros2_ws/install/teleop/share/teleop/environment/ament_prefix_path.sh
[2.309s] -- Up-to-date: /home/walle/WALL-E/ros2_ws/install/teleop/share/teleop/environment/ament_prefix_path.dsv
[2.309s] -- Up-to-date: /home/walle/WALL-E/ros2_ws/install/teleop/share/teleop/environment/path.sh
[2.310s] -- Up-to-date: /home/walle/WALL-E/ros2_ws/install/teleop/share/teleop/environment/path.dsv
[2.310s] -- Up-to-date: /home/walle/WALL-E/ros2_ws/install/teleop/share/teleop/local_setup.bash
[2.312s] -- Up-to-date: /home/walle/WALL-E/ros2_ws/install/teleop/share/teleop/local_setup.sh
[2.313s] -- Up-to-date: /home/walle/WALL-E/ros2_ws/install/teleop/share/teleop/local_setup.zsh
[2.314s] -- Up-to-date: /home/walle/WALL-E/ros2_ws/install/teleop/share/teleop/local_setup.dsv
[2.317s] -- Installing: /home/walle/WALL-E/ros2_ws/install/teleop/share/teleop/package.dsv
[2.319s] -- Up-to-date: /home/walle/WALL-E/ros2_ws/install/teleop/share/ament_index/resource_index/packages/teleop
[2.320s] -- Up-to-date: /home/walle/WALL-E/ros2_ws/install/teleop/share/teleop/cmake/teleopConfig.cmake
[2.322s] -- Up-to-date: /home/walle/WALL-E/ros2_ws/install/teleop/share/teleop/cmake/teleopConfig-version.cmake
[2.322s] -- Up-to-date: /home/walle/WALL-E/ros2_ws/install/teleop/share/teleop/package.xml
[2.323s] Invoked command in '/home/walle/WALL-E/ros2_ws/build/teleop' returned '0': CMAKE_PREFIX_PATH=${CMAKE_PREFIX_PATH}:/home/walle/WALL-E/ros2_ws/install/motor_control:/opt/ros/humble /usr/bin/cmake --install /home/walle/WALL-E/ros2_ws/build/teleop
