[0.134s] DEBUG:colcon:Command line arguments: ['/usr/bin/colcon', 'build']
[0.134s] DEBUG:colcon:Parsed command line arguments: Namespace(allow_overriding=[], ament_cmake_args=None, base_paths=['.'], build_base='build', catkin_cmake_args=None, catkin_skip_building_tests=False, cmake_args=None, cmake_clean_cache=False, cmake_clean_first=False, cmake_force_configure=False, cmake_target=None, cmake_target_skip_unavailable=False, continue_on_error=False, event_handlers=None, executor='parallel', ignore_user_meta=False, install_base='install', log_base=None, log_level=None, main=<bound method BuildVerb.main of <colcon_core.verb.build.BuildVerb object at 0x7fecd89b0730>>, merge_install=False, metas=['./colcon.meta'], mixin=None, mixin_files=None, mixin_verb=('build',), packages_above=None, packages_above_and_dependencies=None, packages_above_depth=None, packages_end=None, packages_ignore=None, packages_ignore_regex=None, packages_select=None, packages_select_build_failed=False, packages_select_by_dep=None, packages_select_regex=None, packages_select_test_failures=False, packages_skip=None, packages_skip_build_finished=False, packages_skip_by_dep=None, packages_skip_regex=None, packages_skip_test_passed=False, packages_skip_up_to=None, packages_start=None, packages_up_to=None, packages_up_to_regex=None, parallel_workers=16, paths=None, symlink_install=False, test_result_base=None, verb_extension=<colcon_core.verb.build.BuildVerb object at 0x7fecd89b0730>, verb_name='build', verb_parser=<colcon_mixin.mixin.mixin_argument.MixinArgumentDecorator object at 0x7fecd89b0d00>)
[0.238s] Level 1:colcon.colcon_core.package_discovery:discover_packages(colcon_meta) check parameters
[0.238s] Level 1:colcon.colcon_core.package_discovery:discover_packages(recursive) check parameters
[0.238s] Level 1:colcon.colcon_core.package_discovery:discover_packages(ignore) check parameters
[0.238s] Level 1:colcon.colcon_core.package_discovery:discover_packages(path) check parameters
[0.238s] Level 1:colcon.colcon_core.package_discovery:discover_packages(colcon_meta) discover
[0.238s] Level 1:colcon.colcon_core.package_discovery:discover_packages(recursive) discover
[0.239s] INFO:colcon.colcon_core.package_discovery:Crawling recursively for packages in '/home/ndev/WALL-E/ros2_ws'
[0.239s] Level 1:colcon.colcon_core.package_identification:_identify(.) by extensions ['ignore', 'ignore_ament_install']
[0.239s] Level 1:colcon.colcon_core.package_identification:_identify(.) by extension 'ignore'
[0.239s] Level 1:colcon.colcon_core.package_identification:_identify(.) by extension 'ignore_ament_install'
[0.239s] Level 1:colcon.colcon_core.package_identification:_identify(.) by extensions ['colcon_pkg']
[0.239s] Level 1:colcon.colcon_core.package_identification:_identify(.) by extension 'colcon_pkg'
[0.239s] Level 1:colcon.colcon_core.package_identification:_identify(.) by extensions ['colcon_meta']
[0.239s] Level 1:colcon.colcon_core.package_identification:_identify(.) by extension 'colcon_meta'
[0.239s] Level 1:colcon.colcon_core.package_identification:_identify(.) by extensions ['ros']
[0.239s] Level 1:colcon.colcon_core.package_identification:_identify(.) by extension 'ros'
[0.247s] Level 1:colcon.colcon_core.package_identification:_identify(.) by extensions ['cmake', 'python']
[0.247s] Level 1:colcon.colcon_core.package_identification:_identify(.) by extension 'cmake'
[0.247s] Level 1:colcon.colcon_core.package_identification:_identify(.) by extension 'python'
[0.247s] Level 1:colcon.colcon_core.package_identification:_identify(.) by extensions ['python_setup_py']
[0.247s] Level 1:colcon.colcon_core.package_identification:_identify(.) by extension 'python_setup_py'
[0.247s] Level 1:colcon.colcon_core.package_identification:_identify(build) by extensions ['ignore', 'ignore_ament_install']
[0.247s] Level 1:colcon.colcon_core.package_identification:_identify(build) by extension 'ignore'
[0.247s] Level 1:colcon.colcon_core.package_identification:_identify(build) ignored
[0.247s] Level 1:colcon.colcon_core.package_identification:_identify(install) by extensions ['ignore', 'ignore_ament_install']
[0.247s] Level 1:colcon.colcon_core.package_identification:_identify(install) by extension 'ignore'
[0.247s] Level 1:colcon.colcon_core.package_identification:_identify(install) ignored
[0.247s] Level 1:colcon.colcon_core.package_identification:_identify(log) by extensions ['ignore', 'ignore_ament_install']
[0.247s] Level 1:colcon.colcon_core.package_identification:_identify(log) by extension 'ignore'
[0.247s] Level 1:colcon.colcon_core.package_identification:_identify(log) ignored
[0.247s] Level 1:colcon.colcon_core.package_identification:_identify(src) by extensions ['ignore', 'ignore_ament_install']
[0.247s] Level 1:colcon.colcon_core.package_identification:_identify(src) by extension 'ignore'
[0.248s] Level 1:colcon.colcon_core.package_identification:_identify(src) by extension 'ignore_ament_install'
[0.248s] Level 1:colcon.colcon_core.package_identification:_identify(src) by extensions ['colcon_pkg']
[0.248s] Level 1:colcon.colcon_core.package_identification:_identify(src) by extension 'colcon_pkg'
[0.248s] Level 1:colcon.colcon_core.package_identification:_identify(src) by extensions ['colcon_meta']
[0.248s] Level 1:colcon.colcon_core.package_identification:_identify(src) by extension 'colcon_meta'
[0.248s] Level 1:colcon.colcon_core.package_identification:_identify(src) by extensions ['ros']
[0.248s] Level 1:colcon.colcon_core.package_identification:_identify(src) by extension 'ros'
[0.248s] Level 1:colcon.colcon_core.package_identification:_identify(src) by extensions ['cmake', 'python']
[0.248s] Level 1:colcon.colcon_core.package_identification:_identify(src) by extension 'cmake'
[0.248s] Level 1:colcon.colcon_core.package_identification:_identify(src) by extension 'python'
[0.248s] Level 1:colcon.colcon_core.package_identification:_identify(src) by extensions ['python_setup_py']
[0.248s] Level 1:colcon.colcon_core.package_identification:_identify(src) by extension 'python_setup_py'
[0.248s] Level 1:colcon.colcon_core.package_identification:_identify(src/motor_control) by extensions ['ignore', 'ignore_ament_install']
[0.248s] Level 1:colcon.colcon_core.package_identification:_identify(src/motor_control) by extension 'ignore'
[0.248s] Level 1:colcon.colcon_core.package_identification:_identify(src/motor_control) by extension 'ignore_ament_install'
[0.248s] Level 1:colcon.colcon_core.package_identification:_identify(src/motor_control) by extensions ['colcon_pkg']
[0.248s] Level 1:colcon.colcon_core.package_identification:_identify(src/motor_control) by extension 'colcon_pkg'
[0.248s] Level 1:colcon.colcon_core.package_identification:_identify(src/motor_control) by extensions ['colcon_meta']
[0.248s] Level 1:colcon.colcon_core.package_identification:_identify(src/motor_control) by extension 'colcon_meta'
[0.248s] Level 1:colcon.colcon_core.package_identification:_identify(src/motor_control) by extensions ['ros']
[0.248s] Level 1:colcon.colcon_core.package_identification:_identify(src/motor_control) by extension 'ros'
[0.250s] DEBUG:colcon.colcon_core.package_identification:Package 'src/motor_control' with type 'ros.ament_python' and name 'motor_control'
[0.250s] Level 1:colcon.colcon_core.package_identification:_identify(src/teleop) by extensions ['ignore', 'ignore_ament_install']
[0.250s] Level 1:colcon.colcon_core.package_identification:_identify(src/teleop) by extension 'ignore'
[0.250s] Level 1:colcon.colcon_core.package_identification:_identify(src/teleop) by extension 'ignore_ament_install'
[0.250s] Level 1:colcon.colcon_core.package_identification:_identify(src/teleop) by extensions ['colcon_pkg']
[0.250s] Level 1:colcon.colcon_core.package_identification:_identify(src/teleop) by extension 'colcon_pkg'
[0.250s] Level 1:colcon.colcon_core.package_identification:_identify(src/teleop) by extensions ['colcon_meta']
[0.250s] Level 1:colcon.colcon_core.package_identification:_identify(src/teleop) by extension 'colcon_meta'
[0.250s] Level 1:colcon.colcon_core.package_identification:_identify(src/teleop) by extensions ['ros']
[0.250s] Level 1:colcon.colcon_core.package_identification:_identify(src/teleop) by extension 'ros'
[0.251s] DEBUG:colcon.colcon_core.package_identification:Package 'src/teleop' with type 'ros.ament_cmake' and name 'teleop'
[0.251s] Level 1:colcon.colcon_core.package_discovery:discover_packages(recursive) using defaults
[0.251s] Level 1:colcon.colcon_core.package_discovery:discover_packages(ignore) discover
[0.251s] Level 1:colcon.colcon_core.package_discovery:discover_packages(ignore) using defaults
[0.251s] Level 1:colcon.colcon_core.package_discovery:discover_packages(path) discover
[0.251s] Level 1:colcon.colcon_core.package_discovery:discover_packages(path) using defaults
[0.263s] Level 1:colcon.colcon_core.package_discovery:discover_packages(prefix_path) check parameters
[0.263s] Level 1:colcon.colcon_core.package_discovery:discover_packages(prefix_path) discover
[0.264s] DEBUG:colcon.colcon_installed_package_information.package_discovery:Found 2 installed packages in /home/ndev/luna/ros2_ws/install
[0.265s] DEBUG:colcon.colcon_installed_package_information.package_discovery:Found 272 installed packages in /opt/ros/foxy
[0.266s] Level 1:colcon.colcon_core.package_discovery:discover_packages(prefix_path) using defaults
[0.307s] Level 5:colcon.colcon_core.verb:set package 'motor_control' build argument 'cmake_args' from command line to 'None'
[0.307s] Level 5:colcon.colcon_core.verb:set package 'motor_control' build argument 'cmake_target' from command line to 'None'
[0.307s] Level 5:colcon.colcon_core.verb:set package 'motor_control' build argument 'cmake_target_skip_unavailable' from command line to 'False'
[0.307s] Level 5:colcon.colcon_core.verb:set package 'motor_control' build argument 'cmake_clean_cache' from command line to 'False'
[0.307s] Level 5:colcon.colcon_core.verb:set package 'motor_control' build argument 'cmake_clean_first' from command line to 'False'
[0.307s] Level 5:colcon.colcon_core.verb:set package 'motor_control' build argument 'cmake_force_configure' from command line to 'False'
[0.307s] Level 5:colcon.colcon_core.verb:set package 'motor_control' build argument 'ament_cmake_args' from command line to 'None'
[0.307s] Level 5:colcon.colcon_core.verb:set package 'motor_control' build argument 'catkin_cmake_args' from command line to 'None'
[0.308s] Level 5:colcon.colcon_core.verb:set package 'motor_control' build argument 'catkin_skip_building_tests' from command line to 'False'
[0.308s] DEBUG:colcon.colcon_core.verb:Building package 'motor_control' with the following arguments: {'ament_cmake_args': None, 'build_base': '/home/ndev/WALL-E/ros2_ws/build/motor_control', 'catkin_cmake_args': None, 'catkin_skip_building_tests': False, 'cmake_args': None, 'cmake_clean_cache': False, 'cmake_clean_first': False, 'cmake_force_configure': False, 'cmake_target': None, 'cmake_target_skip_unavailable': False, 'install_base': '/home/ndev/WALL-E/ros2_ws/install/motor_control', 'merge_install': False, 'path': '/home/ndev/WALL-E/ros2_ws/src/motor_control', 'symlink_install': False, 'test_result_base': None}
[0.308s] Level 5:colcon.colcon_core.verb:set package 'teleop' build argument 'cmake_args' from command line to 'None'
[0.308s] Level 5:colcon.colcon_core.verb:set package 'teleop' build argument 'cmake_target' from command line to 'None'
[0.308s] Level 5:colcon.colcon_core.verb:set package 'teleop' build argument 'cmake_target_skip_unavailable' from command line to 'False'
[0.308s] Level 5:colcon.colcon_core.verb:set package 'teleop' build argument 'cmake_clean_cache' from command line to 'False'
[0.308s] Level 5:colcon.colcon_core.verb:set package 'teleop' build argument 'cmake_clean_first' from command line to 'False'
[0.308s] Level 5:colcon.colcon_core.verb:set package 'teleop' build argument 'cmake_force_configure' from command line to 'False'
[0.308s] Level 5:colcon.colcon_core.verb:set package 'teleop' build argument 'ament_cmake_args' from command line to 'None'
[0.308s] Level 5:colcon.colcon_core.verb:set package 'teleop' build argument 'catkin_cmake_args' from command line to 'None'
[0.308s] Level 5:colcon.colcon_core.verb:set package 'teleop' build argument 'catkin_skip_building_tests' from command line to 'False'
[0.308s] DEBUG:colcon.colcon_core.verb:Building package 'teleop' with the following arguments: {'ament_cmake_args': None, 'build_base': '/home/ndev/WALL-E/ros2_ws/build/teleop', 'catkin_cmake_args': None, 'catkin_skip_building_tests': False, 'cmake_args': None, 'cmake_clean_cache': False, 'cmake_clean_first': False, 'cmake_force_configure': False, 'cmake_target': None, 'cmake_target_skip_unavailable': False, 'install_base': '/home/ndev/WALL-E/ros2_ws/install/teleop', 'merge_install': False, 'path': '/home/ndev/WALL-E/ros2_ws/src/teleop', 'symlink_install': False, 'test_result_base': None}
[0.308s] INFO:colcon.colcon_core.executor:Executing jobs using 'parallel' executor
[0.309s] DEBUG:colcon.colcon_parallel_executor.executor.parallel:run_until_complete
[0.309s] INFO:colcon.colcon_ros.task.ament_python.build:Building ROS package in '/home/ndev/WALL-E/ros2_ws/src/motor_control' with build type 'ament_python'
[0.309s] Level 1:colcon.colcon_core.shell:create_environment_hook('motor_control', 'ament_prefix_path')
[0.311s] INFO:colcon.colcon_core.plugin_system:Skipping extension 'colcon_core.shell.bat': Not used on non-Windows systems
[0.311s] INFO:colcon.colcon_core.shell:Creating environment hook '/home/ndev/WALL-E/ros2_ws/install/motor_control/share/motor_control/hook/ament_prefix_path.ps1'
[0.311s] INFO:colcon.colcon_core.shell:Creating environment descriptor '/home/ndev/WALL-E/ros2_ws/install/motor_control/share/motor_control/hook/ament_prefix_path.dsv'
[0.312s] INFO:colcon.colcon_core.shell:Creating environment hook '/home/ndev/WALL-E/ros2_ws/install/motor_control/share/motor_control/hook/ament_prefix_path.sh'
[0.312s] INFO:colcon.colcon_core.shell:Skip shell extension 'powershell' for command environment: Not usable outside of PowerShell
[0.312s] DEBUG:colcon.colcon_core.shell:Skip shell extension 'dsv' for command environment
[0.334s] INFO:colcon.colcon_ros.task.ament_cmake.build:Building ROS package in '/home/ndev/WALL-E/ros2_ws/src/teleop' with build type 'ament_cmake'
[0.335s] INFO:colcon.colcon_cmake.task.cmake.build:Building CMake package in '/home/ndev/WALL-E/ros2_ws/src/teleop'
[0.336s] INFO:colcon.colcon_core.shell:Skip shell extension 'powershell' for command environment: Not usable outside of PowerShell
[0.336s] DEBUG:colcon.colcon_core.shell:Skip shell extension 'dsv' for command environment
[0.513s] INFO:colcon.colcon_core.task.python.build:Building Python package in '/home/ndev/WALL-E/ros2_ws/src/motor_control'
[0.514s] INFO:colcon.colcon_core.shell:Skip shell extension 'powershell' for command environment: Not usable outside of PowerShell
[0.514s] DEBUG:colcon.colcon_core.shell:Skip shell extension 'dsv' for command environment
[0.529s] DEBUG:colcon.colcon_core.event_handler.log_command:Invoking command in '/home/ndev/WALL-E/ros2_ws/build/teleop': CMAKE_PREFIX_PATH=${CMAKE_PREFIX_PATH}:/opt/ros/foxy CONDA_PROMPT_MODIFIER=(base) /usr/bin/cmake /home/ndev/WALL-E/ros2_ws/src/teleop -DCMAKE_INSTALL_PREFIX=/home/ndev/WALL-E/ros2_ws/install/teleop
[0.923s] DEBUG:colcon.colcon_core.event_handler.log_command:Invoking command in '/home/ndev/WALL-E/ros2_ws/src/motor_control': CONDA_PROMPT_MODIFIER=(base) PYTHONPATH=/home/ndev/WALL-E/ros2_ws/build/motor_control/prefix_override:/usr/lib/python3/dist-packages/colcon_core/task/python/colcon_distutils_commands:/home/ndev/WALL-E/ros2_ws/install/motor_control/lib/python3.8/site-packages:${PYTHONPATH} /usr/bin/python3 -W ignore:setup.py install is deprecated setup.py egg_info --egg-base ../../build/motor_control build --build-base /home/ndev/WALL-E/ros2_ws/build/motor_control/build install --record /home/ndev/WALL-E/ros2_ws/build/motor_control/install.log --install-scripts $base/lib/motor_control --single-version-externally-managed install_data
[1.168s] DEBUG:colcon.colcon_core.event_handler.log_command:Invoked command in '/home/ndev/WALL-E/ros2_ws/src/motor_control' returned '0': CONDA_PROMPT_MODIFIER=(base) PYTHONPATH=/home/ndev/WALL-E/ros2_ws/build/motor_control/prefix_override:/usr/lib/python3/dist-packages/colcon_core/task/python/colcon_distutils_commands:/home/ndev/WALL-E/ros2_ws/install/motor_control/lib/python3.8/site-packages:${PYTHONPATH} /usr/bin/python3 -W ignore:setup.py install is deprecated setup.py egg_info --egg-base ../../build/motor_control build --build-base /home/ndev/WALL-E/ros2_ws/build/motor_control/build install --record /home/ndev/WALL-E/ros2_ws/build/motor_control/install.log --install-scripts $base/lib/motor_control --single-version-externally-managed install_data
[1.171s] Level 1:colcon.colcon_core.environment:checking '/home/ndev/WALL-E/ros2_ws/install/motor_control' for CMake module files
[1.172s] Level 1:colcon.colcon_core.environment:checking '/home/ndev/WALL-E/ros2_ws/install/motor_control' for CMake config files
[1.172s] Level 1:colcon.colcon_core.environment:checking '/home/ndev/WALL-E/ros2_ws/install/motor_control/lib'
[1.173s] Level 1:colcon.colcon_core.environment:checking '/home/ndev/WALL-E/ros2_ws/install/motor_control/bin'
[1.173s] Level 1:colcon.colcon_core.environment:checking '/home/ndev/WALL-E/ros2_ws/install/motor_control/lib/pkgconfig/motor_control.pc'
[1.173s] Level 1:colcon.colcon_core.environment:checking '/home/ndev/WALL-E/ros2_ws/install/motor_control/lib/python3.8/site-packages'
[1.173s] Level 1:colcon.colcon_core.shell:create_environment_hook('motor_control', 'pythonpath')
[1.173s] INFO:colcon.colcon_core.shell:Creating environment hook '/home/ndev/WALL-E/ros2_ws/install/motor_control/share/motor_control/hook/pythonpath.ps1'
[1.174s] INFO:colcon.colcon_core.shell:Creating environment descriptor '/home/ndev/WALL-E/ros2_ws/install/motor_control/share/motor_control/hook/pythonpath.dsv'
[1.174s] INFO:colcon.colcon_core.shell:Creating environment hook '/home/ndev/WALL-E/ros2_ws/install/motor_control/share/motor_control/hook/pythonpath.sh'
[1.174s] Level 1:colcon.colcon_core.environment:checking '/home/ndev/WALL-E/ros2_ws/install/motor_control/bin'
[1.174s] Level 1:colcon.colcon_core.environment:create_environment_scripts_only(motor_control)
[1.175s] INFO:colcon.colcon_core.shell:Creating package script '/home/ndev/WALL-E/ros2_ws/install/motor_control/share/motor_control/package.ps1'
[1.175s] INFO:colcon.colcon_core.shell:Creating package descriptor '/home/ndev/WALL-E/ros2_ws/install/motor_control/share/motor_control/package.dsv'
[1.176s] INFO:colcon.colcon_core.shell:Creating package script '/home/ndev/WALL-E/ros2_ws/install/motor_control/share/motor_control/package.sh'
[1.176s] INFO:colcon.colcon_core.shell:Creating package script '/home/ndev/WALL-E/ros2_ws/install/motor_control/share/motor_control/package.bash'
[1.177s] INFO:colcon.colcon_core.shell:Creating package script '/home/ndev/WALL-E/ros2_ws/install/motor_control/share/motor_control/package.zsh'
[1.178s] Level 1:colcon.colcon_core.environment:create_file_with_runtime_dependencies(/home/ndev/WALL-E/ros2_ws/install/motor_control/share/colcon-core/packages/motor_control)
[2.511s] DEBUG:colcon.colcon_core.event_handler.log_command:Invoked command in '/home/ndev/WALL-E/ros2_ws/build/teleop' returned '0': CMAKE_PREFIX_PATH=${CMAKE_PREFIX_PATH}:/opt/ros/foxy CONDA_PROMPT_MODIFIER=(base) /usr/bin/cmake /home/ndev/WALL-E/ros2_ws/src/teleop -DCMAKE_INSTALL_PREFIX=/home/ndev/WALL-E/ros2_ws/install/teleop
[2.518s] DEBUG:colcon.colcon_core.event_handler.log_command:Invoking command in '/home/ndev/WALL-E/ros2_ws/build/teleop': CMAKE_PREFIX_PATH=${CMAKE_PREFIX_PATH}:/opt/ros/foxy CONDA_PROMPT_MODIFIER=(base) /usr/bin/cmake --build /home/ndev/WALL-E/ros2_ws/build/teleop -- -j16 -l16
[2.581s] DEBUG:colcon.colcon_core.event_handler.log_command:Invoked command in '/home/ndev/WALL-E/ros2_ws/build/teleop' returned '0': CMAKE_PREFIX_PATH=${CMAKE_PREFIX_PATH}:/opt/ros/foxy CONDA_PROMPT_MODIFIER=(base) /usr/bin/cmake --build /home/ndev/WALL-E/ros2_ws/build/teleop -- -j16 -l16
[2.648s] DEBUG:colcon.colcon_core.event_handler.log_command:Invoking command in '/home/ndev/WALL-E/ros2_ws/build/teleop': CMAKE_PREFIX_PATH=${CMAKE_PREFIX_PATH}:/opt/ros/foxy CONDA_PROMPT_MODIFIER=(base) /usr/bin/cmake --install /home/ndev/WALL-E/ros2_ws/build/teleop
[2.664s] Level 1:colcon.colcon_core.environment:create_environment_scripts_only(teleop)
[2.665s] Level 1:colcon.colcon_core.environment:checking '/home/ndev/WALL-E/ros2_ws/install/teleop' for CMake module files
[2.665s] DEBUG:colcon.colcon_core.event_handler.log_command:Invoked command in '/home/ndev/WALL-E/ros2_ws/build/teleop' returned '0': CMAKE_PREFIX_PATH=${CMAKE_PREFIX_PATH}:/opt/ros/foxy CONDA_PROMPT_MODIFIER=(base) /usr/bin/cmake --install /home/ndev/WALL-E/ros2_ws/build/teleop
[2.666s] Level 1:colcon.colcon_core.environment:checking '/home/ndev/WALL-E/ros2_ws/install/teleop' for CMake config files
[2.667s] Level 1:colcon.colcon_core.shell:create_environment_hook('teleop', 'cmake_prefix_path')
[2.667s] INFO:colcon.colcon_core.shell:Creating environment hook '/home/ndev/WALL-E/ros2_ws/install/teleop/share/teleop/hook/cmake_prefix_path.ps1'
[2.668s] INFO:colcon.colcon_core.shell:Creating environment descriptor '/home/ndev/WALL-E/ros2_ws/install/teleop/share/teleop/hook/cmake_prefix_path.dsv'
[2.668s] INFO:colcon.colcon_core.shell:Creating environment hook '/home/ndev/WALL-E/ros2_ws/install/teleop/share/teleop/hook/cmake_prefix_path.sh'
[2.669s] Level 1:colcon.colcon_core.environment:checking '/home/ndev/WALL-E/ros2_ws/install/teleop/bin'
[2.669s] Level 1:colcon.colcon_core.environment:checking '/home/ndev/WALL-E/ros2_ws/install/teleop/lib/pkgconfig/teleop.pc'
[2.670s] Level 1:colcon.colcon_core.environment:checking '/home/ndev/WALL-E/ros2_ws/install/teleop/lib/python3.8/site-packages'
[2.670s] Level 1:colcon.colcon_core.environment:checking '/home/ndev/WALL-E/ros2_ws/install/teleop/bin'
[2.671s] INFO:colcon.colcon_core.shell:Creating package script '/home/ndev/WALL-E/ros2_ws/install/teleop/share/teleop/package.ps1'
[2.672s] INFO:colcon.colcon_core.shell:Creating package descriptor '/home/ndev/WALL-E/ros2_ws/install/teleop/share/teleop/package.dsv'
[2.673s] INFO:colcon.colcon_core.shell:Creating package script '/home/ndev/WALL-E/ros2_ws/install/teleop/share/teleop/package.sh'
[2.674s] INFO:colcon.colcon_core.shell:Creating package script '/home/ndev/WALL-E/ros2_ws/install/teleop/share/teleop/package.bash'
[2.675s] INFO:colcon.colcon_core.shell:Creating package script '/home/ndev/WALL-E/ros2_ws/install/teleop/share/teleop/package.zsh'
[2.675s] Level 1:colcon.colcon_core.environment:create_file_with_runtime_dependencies(/home/ndev/WALL-E/ros2_ws/install/teleop/share/colcon-core/packages/teleop)
[2.719s] Level 1:colcon.colcon_core.environment:create_environment_scripts_only(teleop)
[2.720s] Level 1:colcon.colcon_core.environment:checking '/home/ndev/WALL-E/ros2_ws/install/teleop' for CMake module files
[2.722s] Level 1:colcon.colcon_core.environment:checking '/home/ndev/WALL-E/ros2_ws/install/teleop' for CMake config files
[2.723s] Level 1:colcon.colcon_core.shell:create_environment_hook('teleop', 'cmake_prefix_path')
[2.723s] INFO:colcon.colcon_core.shell:Creating environment hook '/home/ndev/WALL-E/ros2_ws/install/teleop/share/teleop/hook/cmake_prefix_path.ps1'
[2.725s] INFO:colcon.colcon_core.shell:Creating environment descriptor '/home/ndev/WALL-E/ros2_ws/install/teleop/share/teleop/hook/cmake_prefix_path.dsv'
[2.726s] INFO:colcon.colcon_core.shell:Creating environment hook '/home/ndev/WALL-E/ros2_ws/install/teleop/share/teleop/hook/cmake_prefix_path.sh'
[2.728s] Level 1:colcon.colcon_core.environment:checking '/home/ndev/WALL-E/ros2_ws/install/teleop/bin'
[2.728s] Level 1:colcon.colcon_core.environment:checking '/home/ndev/WALL-E/ros2_ws/install/teleop/lib/pkgconfig/teleop.pc'
[2.728s] Level 1:colcon.colcon_core.environment:checking '/home/ndev/WALL-E/ros2_ws/install/teleop/lib/python3.8/site-packages'
[2.728s] Level 1:colcon.colcon_core.environment:checking '/home/ndev/WALL-E/ros2_ws/install/teleop/bin'
[2.729s] INFO:colcon.colcon_core.shell:Creating package script '/home/ndev/WALL-E/ros2_ws/install/teleop/share/teleop/package.ps1'
[2.729s] INFO:colcon.colcon_core.shell:Creating package descriptor '/home/ndev/WALL-E/ros2_ws/install/teleop/share/teleop/package.dsv'
[2.730s] INFO:colcon.colcon_core.shell:Creating package script '/home/ndev/WALL-E/ros2_ws/install/teleop/share/teleop/package.sh'
[2.730s] INFO:colcon.colcon_core.shell:Creating package script '/home/ndev/WALL-E/ros2_ws/install/teleop/share/teleop/package.bash'
[2.730s] INFO:colcon.colcon_core.shell:Creating package script '/home/ndev/WALL-E/ros2_ws/install/teleop/share/teleop/package.zsh'
[2.731s] Level 1:colcon.colcon_core.environment:create_file_with_runtime_dependencies(/home/ndev/WALL-E/ros2_ws/install/teleop/share/colcon-core/packages/teleop)
[2.731s] DEBUG:colcon.colcon_parallel_executor.executor.parallel:closing loop
[2.731s] DEBUG:colcon.colcon_parallel_executor.executor.parallel:loop closed
[2.732s] DEBUG:colcon.colcon_parallel_executor.executor.parallel:run_until_complete finished with '0'
[2.732s] DEBUG:colcon.colcon_core.event_reactor:joining thread
[2.740s] INFO:colcon.colcon_core.plugin_system:Skipping extension 'colcon_notification.desktop_notification.terminal_notifier': Not used on non-Darwin systems
[2.740s] INFO:colcon.colcon_core.plugin_system:Skipping extension 'colcon_notification.desktop_notification.win32': Not used on non-Windows systems
[2.740s] INFO:colcon.colcon_notification.desktop_notification:Sending desktop notification using 'notify2'
[2.745s] DEBUG:colcon.colcon_core.event_reactor:joined thread
[2.746s] INFO:colcon.colcon_core.shell:Creating prefix script '/home/ndev/WALL-E/ros2_ws/install/local_setup.ps1'
[2.747s] INFO:colcon.colcon_core.shell:Creating prefix util module '/home/ndev/WALL-E/ros2_ws/install/_local_setup_util_ps1.py'
[2.749s] INFO:colcon.colcon_core.shell:Creating prefix chain script '/home/ndev/WALL-E/ros2_ws/install/setup.ps1'
[2.749s] INFO:colcon.colcon_core.shell:Creating prefix script '/home/ndev/WALL-E/ros2_ws/install/local_setup.sh'
[2.750s] INFO:colcon.colcon_core.shell:Creating prefix util module '/home/ndev/WALL-E/ros2_ws/install/_local_setup_util_sh.py'
[2.750s] INFO:colcon.colcon_core.shell:Creating prefix chain script '/home/ndev/WALL-E/ros2_ws/install/setup.sh'
[2.751s] INFO:colcon.colcon_core.shell:Creating prefix script '/home/ndev/WALL-E/ros2_ws/install/local_setup.bash'
[2.752s] INFO:colcon.colcon_core.shell:Creating prefix chain script '/home/ndev/WALL-E/ros2_ws/install/setup.bash'
[2.754s] INFO:colcon.colcon_core.shell:Creating prefix script '/home/ndev/WALL-E/ros2_ws/install/local_setup.zsh'
[2.754s] INFO:colcon.colcon_core.shell:Creating prefix chain script '/home/ndev/WALL-E/ros2_ws/install/setup.zsh'
