[3.533s] Invoking command in '/home/walle/WALL-E/ros2_ws/src/motor_control': PYTHONPATH=/home/walle/WALL-E/ros2_ws/build/motor_control/prefix_override:/home/walle/.local/lib/python3.10/site-packages/colcon_core/task/python/colcon_distutils_commands:/home/walle/WALL-E/ros2_ws/install/motor_control/lib/python3.10/site-packages:${PYTHONPATH} /usr/bin/python3 -W ignore:setup.py install is deprecated setup.py egg_info --egg-base ../../build/motor_control build --build-base /home/walle/WALL-E/ros2_ws/build/motor_control/build install --record /home/walle/WALL-E/ros2_ws/build/motor_control/install.log --install-scripts $base/lib/motor_control --single-version-externally-managed install_data
[4.867s] /usr/lib/python3/dist-packages/setuptools/dist.py:723: UserWarning: Usage of dash-separated 'script-dir' will not be supported in future versions. Please use the underscore name 'script_dir' instead
[4.868s]   warnings.warn(
[4.915s] running egg_info
[4.918s] writing ../../build/motor_control/motor_control.egg-info/PKG-INFO
[4.919s] writing dependency_links to ../../build/motor_control/motor_control.egg-info/dependency_links.txt
[4.921s] writing entry points to ../../build/motor_control/motor_control.egg-info/entry_points.txt
[4.921s] writing requirements to ../../build/motor_control/motor_control.egg-info/requires.txt
[4.922s] writing top-level names to ../../build/motor_control/motor_control.egg-info/top_level.txt
[4.932s] reading manifest file '../../build/motor_control/motor_control.egg-info/SOURCES.txt'
[4.938s] writing manifest file '../../build/motor_control/motor_control.egg-info/SOURCES.txt'
[4.939s] running build
[4.939s] running build_py
[4.940s] copying motor_control/motor_control_node.py -> /home/walle/WALL-E/ros2_ws/build/motor_control/build/lib/motor_control
[4.942s] running install
[4.944s] running install_lib
[4.948s] copying /home/walle/WALL-E/ros2_ws/build/motor_control/build/lib/motor_control/motor_control_node.py -> /home/walle/WALL-E/ros2_ws/install/motor_control/lib/python3.10/site-packages/motor_control
[4.952s] byte-compiling /home/walle/WALL-E/ros2_ws/install/motor_control/lib/python3.10/site-packages/motor_control/motor_control_node.py to motor_control_node.cpython-310.pyc
[4.957s] running install_data
[4.958s] running install_egg_info
[4.966s] removing '/home/walle/WALL-E/ros2_ws/install/motor_control/lib/python3.10/site-packages/motor_control-0.0.0-py3.10.egg-info' (and everything under it)
[4.968s] Copying ../../build/motor_control/motor_control.egg-info to /home/walle/WALL-E/ros2_ws/install/motor_control/lib/python3.10/site-packages/motor_control-0.0.0-py3.10.egg-info
[4.976s] running install_scripts
[5.078s] Installing motor_control_node script to /home/walle/WALL-E/ros2_ws/install/motor_control/lib/motor_control
[5.081s] writing list of installed files to '/home/walle/WALL-E/ros2_ws/build/motor_control/install.log'
[5.223s] Invoked command in '/home/walle/WALL-E/ros2_ws/src/motor_control' returned '0': PYTHONPATH=/home/walle/WALL-E/ros2_ws/build/motor_control/prefix_override:/home/walle/.local/lib/python3.10/site-packages/colcon_core/task/python/colcon_distutils_commands:/home/walle/WALL-E/ros2_ws/install/motor_control/lib/python3.10/site-packages:${PYTHONPATH} /usr/bin/python3 -W ignore:setup.py install is deprecated setup.py egg_info --egg-base ../../build/motor_control build --build-base /home/walle/WALL-E/ros2_ws/build/motor_control/build install --record /home/walle/WALL-E/ros2_ws/build/motor_control/install.log --install-scripts $base/lib/motor_control --single-version-externally-managed install_data
