[1.454s] Invoking command in '/home/walle/WALL-E/ros2_ws/build/teleop': CMAKE_PREFIX_PATH=/opt/ros/humble /usr/bin/cmake /home/walle/WALL-E/ros2_ws/src/teleop -DCMAKE_INSTALL_PREFIX=/home/walle/WALL-E/ros2_ws/install/teleop
[2.699s] -- The C compiler identification is GNU 11.4.0
[3.519s] -- The CXX compiler identification is GNU 11.4.0
[3.582s] -- Detecting C compiler ABI info
[4.049s] -- Detecting C compiler ABI info - done
[4.081s] -- Check for working C compiler: /usr/bin/cc - skipped
[4.083s] -- Detecting C compile features
[4.087s] -- Detecting C compile features - done
[4.106s] -- Detecting CXX compiler ABI info
[4.545s] -- Detecting CXX compiler ABI info - done
[4.577s] -- Check for working CXX compiler: /usr/bin/c++ - skipped
[4.578s] -- Detecting CXX compile features
[4.580s] -- Detecting CXX compile features - done
[4.643s] -- Found ament_cmake: 1.3.10 (/opt/ros/humble/share/ament_cmake/cmake)
[5.638s] -- Found Python3: /usr/bin/python3 (found version "3.10.12") found components: Interpreter 
[6.483s] -- Found rclcpp: 16.0.10 (/opt/ros/humble/share/rclcpp/cmake)
[7.037s] -- Found rosidl_generator_c: 3.1.5 (/opt/ros/humble/share/rosidl_generator_c/cmake)
[7.108s] -- Found rosidl_adapter: 3.1.5 (/opt/ros/humble/share/rosidl_adapter/cmake)
[7.204s] -- Found rosidl_generator_cpp: 3.1.5 (/opt/ros/humble/share/rosidl_generator_cpp/cmake)
[7.335s] -- Using all available rosidl_typesupport_c: rosidl_typesupport_fastrtps_c;rosidl_typesupport_introspection_c
[7.501s] -- Using all available rosidl_typesupport_cpp: rosidl_typesupport_fastrtps_cpp;rosidl_typesupport_introspection_cpp
[7.973s] -- Found rmw_implementation_cmake: 6.1.2 (/opt/ros/humble/share/rmw_implementation_cmake/cmake)
[8.011s] -- Found rmw_fastrtps_cpp: 6.2.7 (/opt/ros/humble/share/rmw_fastrtps_cpp/cmake)
[8.798s] -- Found OpenSSL: /usr/lib/aarch64-linux-gnu/libcrypto.so (found version "3.0.2")  
[9.129s] -- Found FastRTPS: /opt/ros/humble/include  
[9.647s] -- Using RMW implementation 'rmw_fastrtps_cpp' as default
[9.767s] -- Looking for pthread.h
[10.282s] -- Looking for pthread.h - found
[10.285s] -- Performing Test CMAKE_HAVE_LIBC_PTHREAD
[10.684s] -- Performing Test CMAKE_HAVE_LIBC_PTHREAD - Success
[10.689s] -- Found Threads: TRUE  
[11.128s] -- Found sensor_msgs: 4.2.4 (/opt/ros/humble/share/sensor_msgs/cmake)
[11.381s] -- Found teleop_twist_joy: 2.4.6 (/opt/ros/humble/share/teleop_twist_joy/cmake)
[11.423s] -- Found joy: 3.3.0 (/opt/ros/humble/share/joy/cmake)
[11.533s] -- Found ament_lint_auto: 0.12.11 (/opt/ros/humble/share/ament_lint_auto/cmake)
[12.170s] -- Added test 'copyright' to check source files copyright and LICENSE
[12.185s] -- Added test 'flake8' to check Python code syntax and style conventions
[12.189s] -- Added test 'lint_cmake' to check CMake code style
[12.192s] -- Added test 'pep257' to check Python code against some of the docstring style conventions in PEP 257
[12.200s] -- Added test 'xmllint' to check XML markup files
[12.215s] -- Configuring done
[12.262s] -- Generating done
[12.270s] -- Build files have been written to: /home/walle/WALL-E/ros2_ws/build/teleop
[12.312s] Invoked command in '/home/walle/WALL-E/ros2_ws/build/teleop' returned '0': CMAKE_PREFIX_PATH=/opt/ros/humble /usr/bin/cmake /home/walle/WALL-E/ros2_ws/src/teleop -DCMAKE_INSTALL_PREFIX=/home/walle/WALL-E/ros2_ws/install/teleop
[12.325s] Invoking command in '/home/walle/WALL-E/ros2_ws/build/teleop': CMAKE_PREFIX_PATH=/opt/ros/humble /usr/bin/cmake --build /home/walle/WALL-E/ros2_ws/build/teleop -- -j4 -l4
[12.513s] Invoked command in '/home/walle/WALL-E/ros2_ws/build/teleop' returned '0': CMAKE_PREFIX_PATH=/opt/ros/humble /usr/bin/cmake --build /home/walle/WALL-E/ros2_ws/build/teleop -- -j4 -l4
[12.691s] Invoking command in '/home/walle/WALL-E/ros2_ws/build/teleop': CMAKE_PREFIX_PATH=/opt/ros/humble /usr/bin/cmake --install /home/walle/WALL-E/ros2_ws/build/teleop
[12.724s] -- Install configuration: ""
[12.725s] -- Installing: /home/walle/WALL-E/ros2_ws/install/teleop/share/teleop//launch
[12.726s] -- Installing: /home/walle/WALL-E/ros2_ws/install/teleop/share/teleop//launch/teleop_launch.py
[12.728s] -- Installing: /home/walle/WALL-E/ros2_ws/install/teleop/share/ament_index/resource_index/package_run_dependencies/teleop
[12.730s] -- Installing: /home/walle/WALL-E/ros2_ws/install/teleop/share/ament_index/resource_index/parent_prefix_path/teleop
[12.732s] -- Installing: /home/walle/WALL-E/ros2_ws/install/teleop/share/teleop/environment/ament_prefix_path.sh
[12.733s] -- Installing: /home/walle/WALL-E/ros2_ws/install/teleop/share/teleop/environment/ament_prefix_path.dsv
[12.734s] -- Installing: /home/walle/WALL-E/ros2_ws/install/teleop/share/teleop/environment/path.sh
[12.736s] -- Installing: /home/walle/WALL-E/ros2_ws/install/teleop/share/teleop/environment/path.dsv
[12.737s] -- Installing: /home/walle/WALL-E/ros2_ws/install/teleop/share/teleop/local_setup.bash
[12.739s] -- Installing: /home/walle/WALL-E/ros2_ws/install/teleop/share/teleop/local_setup.sh
[12.741s] -- Installing: /home/walle/WALL-E/ros2_ws/install/teleop/share/teleop/local_setup.zsh
[12.742s] -- Installing: /home/walle/WALL-E/ros2_ws/install/teleop/share/teleop/local_setup.dsv
[12.743s] -- Installing: /home/walle/WALL-E/ros2_ws/install/teleop/share/teleop/package.dsv
[12.745s] -- Installing: /home/walle/WALL-E/ros2_ws/install/teleop/share/ament_index/resource_index/packages/teleop
[12.747s] -- Installing: /home/walle/WALL-E/ros2_ws/install/teleop/share/teleop/cmake/teleopConfig.cmake
[12.748s] -- Installing: /home/walle/WALL-E/ros2_ws/install/teleop/share/teleop/cmake/teleopConfig-version.cmake
[12.749s] -- Installing: /home/walle/WALL-E/ros2_ws/install/teleop/share/teleop/package.xml
[12.758s] Invoked command in '/home/walle/WALL-E/ros2_ws/build/teleop' returned '0': CMAKE_PREFIX_PATH=/opt/ros/humble /usr/bin/cmake --install /home/walle/WALL-E/ros2_ws/build/teleop
