[1.903s] Invoking command in '/home/walle/WALL-E/ros2_ws/build/teleop': CMAKE_PREFIX_PATH=${CMAKE_PREFIX_PATH}:/home/walle/WALL-E/ros2_ws/install/motor_control:/opt/ros/humble /usr/bin/cmake --build /home/walle/WALL-E/ros2_ws/build/teleop -- -j4 -l4
[2.187s] Invoked command in '/home/walle/WALL-E/ros2_ws/build/teleop' returned '0': CMAKE_PREFIX_PATH=${CMAKE_PREFIX_PATH}:/home/walle/WALL-E/ros2_ws/install/motor_control:/opt/ros/humble /usr/bin/cmake --build /home/walle/WALL-E/ros2_ws/build/teleop -- -j4 -l4
[2.381s] Invoking command in '/home/walle/WALL-E/ros2_ws/build/teleop': CMAKE_PREFIX_PATH=${CMAKE_PREFIX_PATH}:/home/walle/WALL-E/ros2_ws/install/motor_control:/opt/ros/humble /usr/bin/cmake --install /home/walle/WALL-E/ros2_ws/build/teleop
[2.427s] -- Install configuration: ""
[2.429s] -- Up-to-date: /home/walle/WALL-E/ros2_ws/install/teleop/share/teleop//launch
[2.429s] -- Up-to-date: /home/walle/WALL-E/ros2_ws/install/teleop/share/teleop//launch/teleop_launch.py
[2.431s] -- Up-to-date: /home/walle/WALL-E/ros2_ws/install/teleop/share/ament_index/resource_index/package_run_dependencies/teleop
[2.434s] -- Up-to-date: /home/walle/WALL-E/ros2_ws/install/teleop/share/ament_index/resource_index/parent_prefix_path/teleop
[2.435s] -- Up-to-date: /home/walle/WALL-E/ros2_ws/install/teleop/share/teleop/environment/ament_prefix_path.sh
[2.436s] -- Up-to-date: /home/walle/WALL-E/ros2_ws/install/teleop/share/teleop/environment/ament_prefix_path.dsv
[2.437s] -- Up-to-date: /home/walle/WALL-E/ros2_ws/install/teleop/share/teleop/environment/path.sh
[2.438s] -- Up-to-date: /home/walle/WALL-E/ros2_ws/install/teleop/share/teleop/environment/path.dsv
[2.438s] -- Up-to-date: /home/walle/WALL-E/ros2_ws/install/teleop/share/teleop/local_setup.bash
[2.439s] -- Up-to-date: /home/walle/WALL-E/ros2_ws/install/teleop/share/teleop/local_setup.sh
[2.440s] -- Up-to-date: /home/walle/WALL-E/ros2_ws/install/teleop/share/teleop/local_setup.zsh
[2.440s] -- Up-to-date: /home/walle/WALL-E/ros2_ws/install/teleop/share/teleop/local_setup.dsv
[2.441s] -- Installing: /home/walle/WALL-E/ros2_ws/install/teleop/share/teleop/package.dsv
[2.441s] -- Up-to-date: /home/walle/WALL-E/ros2_ws/install/teleop/share/ament_index/resource_index/packages/teleop
[2.442s] -- Up-to-date: /home/walle/WALL-E/ros2_ws/install/teleop/share/teleop/cmake/teleopConfig.cmake
[2.443s] -- Up-to-date: /home/walle/WALL-E/ros2_ws/install/teleop/share/teleop/cmake/teleopConfig-version.cmake
[2.444s] -- Up-to-date: /home/walle/WALL-E/ros2_ws/install/teleop/share/teleop/package.xml
[2.451s] Invoked command in '/home/walle/WALL-E/ros2_ws/build/teleop' returned '0': CMAKE_PREFIX_PATH=${CMAKE_PREFIX_PATH}:/home/walle/WALL-E/ros2_ws/install/motor_control:/opt/ros/humble /usr/bin/cmake --install /home/walle/WALL-E/ros2_ws/build/teleop
