[3.862s] Invoking command in '/home/walle/WALL-E/ros2_ws/src/motor_control': PYTHONPATH=/home/walle/WALL-E/ros2_ws/build/motor_control/prefix_override:/home/walle/.local/lib/python3.10/site-packages/colcon_core/task/python/colcon_distutils_commands:/home/walle/WALL-E/ros2_ws/install/motor_control/lib/python3.10/site-packages:${PYTHONPATH} /usr/bin/python3 -W ignore:setup.py install is deprecated setup.py egg_info --egg-base ../../build/motor_control build --build-base /home/walle/WALL-E/ros2_ws/build/motor_control/build install --record /home/walle/WALL-E/ros2_ws/build/motor_control/install.log --install-scripts $base/lib/motor_control --single-version-externally-managed install_data
[5.152s] /usr/lib/python3/dist-packages/setuptools/dist.py:723: UserWarning: Usage of dash-separated 'script-dir' will not be supported in future versions. Please use the underscore name 'script_dir' instead
[5.153s]   warnings.warn(
[5.196s] running egg_info
[5.200s] writing ../../build/motor_control/motor_control.egg-info/PKG-INFO
[5.201s] writing dependency_links to ../../build/motor_control/motor_control.egg-info/dependency_links.txt
[5.202s] writing entry points to ../../build/motor_control/motor_control.egg-info/entry_points.txt
[5.203s] writing requirements to ../../build/motor_control/motor_control.egg-info/requires.txt
[5.204s] writing top-level names to ../../build/motor_control/motor_control.egg-info/top_level.txt
[5.213s] reading manifest file '../../build/motor_control/motor_control.egg-info/SOURCES.txt'
[5.219s] writing manifest file '../../build/motor_control/motor_control.egg-info/SOURCES.txt'
[5.220s] running build
[5.220s] running build_py
[5.221s] copying motor_control/motor_control_node.py -> /home/walle/WALL-E/ros2_ws/build/motor_control/build/lib/motor_control
[5.223s] running install
[5.224s] running install_lib
[5.228s] copying /home/walle/WALL-E/ros2_ws/build/motor_control/build/lib/motor_control/motor_control_node.py -> /home/walle/WALL-E/ros2_ws/install/motor_control/lib/python3.10/site-packages/motor_control
[5.232s] byte-compiling /home/walle/WALL-E/ros2_ws/install/motor_control/lib/python3.10/site-packages/motor_control/motor_control_node.py to motor_control_node.cpython-310.pyc
[5.236s] running install_data
[5.237s] running install_egg_info
[5.247s] removing '/home/walle/WALL-E/ros2_ws/install/motor_control/lib/python3.10/site-packages/motor_control-0.0.0-py3.10.egg-info' (and everything under it)
[5.248s] Copying ../../build/motor_control/motor_control.egg-info to /home/walle/WALL-E/ros2_ws/install/motor_control/lib/python3.10/site-packages/motor_control-0.0.0-py3.10.egg-info
[5.255s] running install_scripts
[5.353s] Installing motor_control_node script to /home/walle/WALL-E/ros2_ws/install/motor_control/lib/motor_control
[5.355s] writing list of installed files to '/home/walle/WALL-E/ros2_ws/build/motor_control/install.log'
[5.490s] Invoked command in '/home/walle/WALL-E/ros2_ws/src/motor_control' returned '0': PYTHONPATH=/home/walle/WALL-E/ros2_ws/build/motor_control/prefix_override:/home/walle/.local/lib/python3.10/site-packages/colcon_core/task/python/colcon_distutils_commands:/home/walle/WALL-E/ros2_ws/install/motor_control/lib/python3.10/site-packages:${PYTHONPATH} /usr/bin/python3 -W ignore:setup.py install is deprecated setup.py egg_info --egg-base ../../build/motor_control build --build-base /home/walle/WALL-E/ros2_ws/build/motor_control/build install --record /home/walle/WALL-E/ros2_ws/build/motor_control/install.log --install-scripts $base/lib/motor_control --single-version-externally-managed install_data
