[1.758s] Invoking command in '/home/walle/WALL-E/ros2_ws/build/teleop': CMAKE_PREFIX_PATH=${CMAKE_PREFIX_PATH}:/home/walle/WALL-E/ros2_ws/install/motor_control:/opt/ros/humble /usr/bin/cmake --build /home/walle/WALL-E/ros2_ws/build/teleop -- -j4 -l4
[1.979s] Invoked command in '/home/walle/WALL-E/ros2_ws/build/teleop' returned '0': CMAKE_PREFIX_PATH=${CMAKE_PREFIX_PATH}:/home/walle/WALL-E/ros2_ws/install/motor_control:/opt/ros/humble /usr/bin/cmake --build /home/walle/WALL-E/ros2_ws/build/teleop -- -j4 -l4
[2.222s] Invoking command in '/home/walle/WALL-E/ros2_ws/build/teleop': CMAKE_PREFIX_PATH=${CMAKE_PREFIX_PATH}:/home/walle/WALL-E/ros2_ws/install/motor_control:/opt/ros/humble /usr/bin/cmake --install /home/walle/WALL-E/ros2_ws/build/teleop
[2.270s] -- Install configuration: ""
[2.271s] -- Up-to-date: /home/walle/WALL-E/ros2_ws/install/teleop/share/teleop//launch
[2.273s] -- Up-to-date: /home/walle/WALL-E/ros2_ws/install/teleop/share/teleop//launch/teleop_launch.py
[2.275s] -- Up-to-date: /home/walle/WALL-E/ros2_ws/install/teleop/share/ament_index/resource_index/package_run_dependencies/teleop
[2.276s] -- Up-to-date: /home/walle/WALL-E/ros2_ws/install/teleop/share/ament_index/resource_index/parent_prefix_path/teleop
[2.277s] -- Up-to-date: /home/walle/WALL-E/ros2_ws/install/teleop/share/teleop/environment/ament_prefix_path.sh
[2.279s] -- Up-to-date: /home/walle/WALL-E/ros2_ws/install/teleop/share/teleop/environment/ament_prefix_path.dsv
[2.280s] -- Up-to-date: /home/walle/WALL-E/ros2_ws/install/teleop/share/teleop/environment/path.sh
[2.280s] -- Up-to-date: /home/walle/WALL-E/ros2_ws/install/teleop/share/teleop/environment/path.dsv
[2.281s] -- Up-to-date: /home/walle/WALL-E/ros2_ws/install/teleop/share/teleop/local_setup.bash
[2.283s] -- Up-to-date: /home/walle/WALL-E/ros2_ws/install/teleop/share/teleop/local_setup.sh
[2.284s] -- Up-to-date: /home/walle/WALL-E/ros2_ws/install/teleop/share/teleop/local_setup.zsh
[2.284s] -- Up-to-date: /home/walle/WALL-E/ros2_ws/install/teleop/share/teleop/local_setup.dsv
[2.286s] -- Installing: /home/walle/WALL-E/ros2_ws/install/teleop/share/teleop/package.dsv
[2.286s] -- Up-to-date: /home/walle/WALL-E/ros2_ws/install/teleop/share/ament_index/resource_index/packages/teleop
[2.287s] -- Up-to-date: /home/walle/WALL-E/ros2_ws/install/teleop/share/teleop/cmake/teleopConfig.cmake
[2.288s] -- Up-to-date: /home/walle/WALL-E/ros2_ws/install/teleop/share/teleop/cmake/teleopConfig-version.cmake
[2.289s] -- Up-to-date: /home/walle/WALL-E/ros2_ws/install/teleop/share/teleop/package.xml
[2.302s] Invoked command in '/home/walle/WALL-E/ros2_ws/build/teleop' returned '0': CMAKE_PREFIX_PATH=${CMAKE_PREFIX_PATH}:/home/walle/WALL-E/ros2_ws/install/motor_control:/opt/ros/humble /usr/bin/cmake --install /home/walle/WALL-E/ros2_ws/build/teleop
