[0.737s] DEBUG:colcon:Command line arguments: ['/home/walle/.local/bin/colcon', 'build']
[0.737s] DEBUG:colcon:Parsed command line arguments: Namespace(log_base=None, log_level=None, verb_name='build', build_base='build', install_base='install', merge_install=False, symlink_install=False, test_result_base=None, continue_on_error=False, executor='parallel', parallel_workers=4, event_handlers=None, ignore_user_meta=False, metas=['./colcon.meta'], base_paths=['.'], packages_ignore=None, packages_ignore_regex=None, paths=None, packages_up_to=None, packages_up_to_regex=None, packages_above=None, packages_above_and_dependencies=None, packages_above_depth=None, packages_select_by_dep=None, packages_skip_by_dep=None, packages_skip_up_to=None, packages_select_build_failed=False, packages_skip_build_finished=False, packages_select_test_failures=False, packages_skip_test_passed=False, packages_select=None, packages_skip=None, packages_select_regex=None, packages_skip_regex=None, packages_start=None, packages_end=None, cmake_args=None, cmake_target=None, cmake_target_skip_unavailable=False, cmake_clean_cache=False, cmake_clean_first=False, cmake_force_configure=False, ament_cmake_args=None, catkin_cmake_args=None, catkin_skip_building_tests=False, verb_parser=<colcon_defaults.argument_parser.defaults.DefaultArgumentsDecorator object at 0xffffb80e1b10>, verb_extension=<colcon_core.verb.build.BuildVerb object at 0xffffb80e16c0>, main=<bound method BuildVerb.main of <colcon_core.verb.build.BuildVerb object at 0xffffb80e16c0>>)
[1.750s] Level 1:colcon.colcon_core.package_discovery:discover_packages(colcon_meta) check parameters
[1.751s] Level 1:colcon.colcon_core.package_discovery:discover_packages(recursive) check parameters
[1.751s] Level 1:colcon.colcon_core.package_discovery:discover_packages(ignore) check parameters
[1.752s] Level 1:colcon.colcon_core.package_discovery:discover_packages(path) check parameters
[1.753s] Level 1:colcon.colcon_core.package_discovery:discover_packages(colcon_meta) discover
[1.754s] Level 1:colcon.colcon_core.package_discovery:discover_packages(recursive) discover
[1.754s] INFO:colcon.colcon_core.package_discovery:Crawling recursively for packages in '/home/walle/WALL-E/ros2_ws'
[1.756s] Level 1:colcon.colcon_core.package_identification:_identify(.) by extensions ['ignore', 'ignore_ament_install']
[1.757s] Level 1:colcon.colcon_core.package_identification:_identify(.) by extension 'ignore'
[1.758s] Level 1:colcon.colcon_core.package_identification:_identify(.) by extension 'ignore_ament_install'
[1.759s] Level 1:colcon.colcon_core.package_identification:_identify(.) by extensions ['colcon_pkg']
[1.759s] Level 1:colcon.colcon_core.package_identification:_identify(.) by extension 'colcon_pkg'
[1.760s] Level 1:colcon.colcon_core.package_identification:_identify(.) by extensions ['colcon_meta']
[1.760s] Level 1:colcon.colcon_core.package_identification:_identify(.) by extension 'colcon_meta'
[1.761s] Level 1:colcon.colcon_core.package_identification:_identify(.) by extensions ['ros']
[1.761s] Level 1:colcon.colcon_core.package_identification:_identify(.) by extension 'ros'
[1.865s] Level 1:colcon.colcon_core.package_identification:_identify(.) by extensions ['cmake', 'python']
[1.865s] Level 1:colcon.colcon_core.package_identification:_identify(.) by extension 'cmake'
[1.866s] Level 1:colcon.colcon_core.package_identification:_identify(.) by extension 'python'
[1.866s] Level 1:colcon.colcon_core.package_identification:_identify(.) by extensions ['python_setup_py']
[1.867s] Level 1:colcon.colcon_core.package_identification:_identify(.) by extension 'python_setup_py'
[1.868s] Level 1:colcon.colcon_core.package_identification:_identify(build) by extensions ['ignore', 'ignore_ament_install']
[1.870s] Level 1:colcon.colcon_core.package_identification:_identify(build) by extension 'ignore'
[1.871s] Level 1:colcon.colcon_core.package_identification:_identify(build) ignored
[1.873s] Level 1:colcon.colcon_core.package_identification:_identify(install) by extensions ['ignore', 'ignore_ament_install']
[1.874s] Level 1:colcon.colcon_core.package_identification:_identify(install) by extension 'ignore'
[1.875s] Level 1:colcon.colcon_core.package_identification:_identify(install) ignored
[1.876s] Level 1:colcon.colcon_core.package_identification:_identify(log) by extensions ['ignore', 'ignore_ament_install']
[1.877s] Level 1:colcon.colcon_core.package_identification:_identify(log) by extension 'ignore'
[1.878s] Level 1:colcon.colcon_core.package_identification:_identify(log) ignored
[1.879s] Level 1:colcon.colcon_core.package_identification:_identify(src) by extensions ['ignore', 'ignore_ament_install']
[1.880s] Level 1:colcon.colcon_core.package_identification:_identify(src) by extension 'ignore'
[1.881s] Level 1:colcon.colcon_core.package_identification:_identify(src) by extension 'ignore_ament_install'
[1.882s] Level 1:colcon.colcon_core.package_identification:_identify(src) by extensions ['colcon_pkg']
[1.882s] Level 1:colcon.colcon_core.package_identification:_identify(src) by extension 'colcon_pkg'
[1.882s] Level 1:colcon.colcon_core.package_identification:_identify(src) by extensions ['colcon_meta']
[1.882s] Level 1:colcon.colcon_core.package_identification:_identify(src) by extension 'colcon_meta'
[1.882s] Level 1:colcon.colcon_core.package_identification:_identify(src) by extensions ['ros']
[1.883s] Level 1:colcon.colcon_core.package_identification:_identify(src) by extension 'ros'
[1.883s] Level 1:colcon.colcon_core.package_identification:_identify(src) by extensions ['cmake', 'python']
[1.883s] Level 1:colcon.colcon_core.package_identification:_identify(src) by extension 'cmake'
[1.884s] Level 1:colcon.colcon_core.package_identification:_identify(src) by extension 'python'
[1.884s] Level 1:colcon.colcon_core.package_identification:_identify(src) by extensions ['python_setup_py']
[1.884s] Level 1:colcon.colcon_core.package_identification:_identify(src) by extension 'python_setup_py'
[1.885s] Level 1:colcon.colcon_core.package_identification:_identify(src/motor_control) by extensions ['ignore', 'ignore_ament_install']
[1.886s] Level 1:colcon.colcon_core.package_identification:_identify(src/motor_control) by extension 'ignore'
[1.887s] Level 1:colcon.colcon_core.package_identification:_identify(src/motor_control) by extension 'ignore_ament_install'
[1.887s] Level 1:colcon.colcon_core.package_identification:_identify(src/motor_control) by extensions ['colcon_pkg']
[1.888s] Level 1:colcon.colcon_core.package_identification:_identify(src/motor_control) by extension 'colcon_pkg'
[1.889s] Level 1:colcon.colcon_core.package_identification:_identify(src/motor_control) by extensions ['colcon_meta']
[1.889s] Level 1:colcon.colcon_core.package_identification:_identify(src/motor_control) by extension 'colcon_meta'
[1.890s] Level 1:colcon.colcon_core.package_identification:_identify(src/motor_control) by extensions ['ros']
[1.891s] Level 1:colcon.colcon_core.package_identification:_identify(src/motor_control) by extension 'ros'
[1.916s] DEBUG:colcon.colcon_core.package_identification:Package 'src/motor_control' with type 'ros.ament_python' and name 'motor_control'
[1.918s] Level 1:colcon.colcon_core.package_identification:_identify(src/teleop) by extensions ['ignore', 'ignore_ament_install']
[1.919s] Level 1:colcon.colcon_core.package_identification:_identify(src/teleop) by extension 'ignore'
[1.920s] Level 1:colcon.colcon_core.package_identification:_identify(src/teleop) by extension 'ignore_ament_install'
[1.921s] Level 1:colcon.colcon_core.package_identification:_identify(src/teleop) by extensions ['colcon_pkg']
[1.921s] Level 1:colcon.colcon_core.package_identification:_identify(src/teleop) by extension 'colcon_pkg'
[1.922s] Level 1:colcon.colcon_core.package_identification:_identify(src/teleop) by extensions ['colcon_meta']
[1.922s] Level 1:colcon.colcon_core.package_identification:_identify(src/teleop) by extension 'colcon_meta'
[1.923s] Level 1:colcon.colcon_core.package_identification:_identify(src/teleop) by extensions ['ros']
[1.924s] Level 1:colcon.colcon_core.package_identification:_identify(src/teleop) by extension 'ros'
[1.932s] DEBUG:colcon.colcon_core.package_identification:Package 'src/teleop' with type 'ros.ament_cmake' and name 'teleop'
[1.934s] Level 1:colcon.colcon_core.package_discovery:discover_packages(recursive) using defaults
[1.935s] Level 1:colcon.colcon_core.package_discovery:discover_packages(ignore) discover
[1.935s] Level 1:colcon.colcon_core.package_discovery:discover_packages(ignore) using defaults
[1.936s] Level 1:colcon.colcon_core.package_discovery:discover_packages(path) discover
[1.936s] Level 1:colcon.colcon_core.package_discovery:discover_packages(path) using defaults
[2.146s] Level 5:colcon.colcon_core.verb:set package 'motor_control' build argument 'cmake_args' from command line to 'None'
[2.146s] Level 5:colcon.colcon_core.verb:set package 'motor_control' build argument 'cmake_target' from command line to 'None'
[2.146s] Level 5:colcon.colcon_core.verb:set package 'motor_control' build argument 'cmake_target_skip_unavailable' from command line to 'False'
[2.146s] Level 5:colcon.colcon_core.verb:set package 'motor_control' build argument 'cmake_clean_cache' from command line to 'False'
[2.146s] Level 5:colcon.colcon_core.verb:set package 'motor_control' build argument 'cmake_clean_first' from command line to 'False'
[2.147s] Level 5:colcon.colcon_core.verb:set package 'motor_control' build argument 'cmake_force_configure' from command line to 'False'
[2.147s] Level 5:colcon.colcon_core.verb:set package 'motor_control' build argument 'ament_cmake_args' from command line to 'None'
[2.147s] Level 5:colcon.colcon_core.verb:set package 'motor_control' build argument 'catkin_cmake_args' from command line to 'None'
[2.147s] Level 5:colcon.colcon_core.verb:set package 'motor_control' build argument 'catkin_skip_building_tests' from command line to 'False'
[2.147s] DEBUG:colcon.colcon_core.verb:Building package 'motor_control' with the following arguments: {'ament_cmake_args': None, 'build_base': '/home/walle/WALL-E/ros2_ws/build/motor_control', 'catkin_cmake_args': None, 'catkin_skip_building_tests': False, 'cmake_args': None, 'cmake_clean_cache': False, 'cmake_clean_first': False, 'cmake_force_configure': False, 'cmake_target': None, 'cmake_target_skip_unavailable': False, 'install_base': '/home/walle/WALL-E/ros2_ws/install/motor_control', 'merge_install': False, 'path': '/home/walle/WALL-E/ros2_ws/src/motor_control', 'symlink_install': False, 'test_result_base': None}
[2.149s] Level 5:colcon.colcon_core.verb:set package 'teleop' build argument 'cmake_args' from command line to 'None'
[2.149s] Level 5:colcon.colcon_core.verb:set package 'teleop' build argument 'cmake_target' from command line to 'None'
[2.149s] Level 5:colcon.colcon_core.verb:set package 'teleop' build argument 'cmake_target_skip_unavailable' from command line to 'False'
[2.150s] Level 5:colcon.colcon_core.verb:set package 'teleop' build argument 'cmake_clean_cache' from command line to 'False'
[2.150s] Level 5:colcon.colcon_core.verb:set package 'teleop' build argument 'cmake_clean_first' from command line to 'False'
[2.150s] Level 5:colcon.colcon_core.verb:set package 'teleop' build argument 'cmake_force_configure' from command line to 'False'
[2.150s] Level 5:colcon.colcon_core.verb:set package 'teleop' build argument 'ament_cmake_args' from command line to 'None'
[2.150s] Level 5:colcon.colcon_core.verb:set package 'teleop' build argument 'catkin_cmake_args' from command line to 'None'
[2.150s] Level 5:colcon.colcon_core.verb:set package 'teleop' build argument 'catkin_skip_building_tests' from command line to 'False'
[2.150s] DEBUG:colcon.colcon_core.verb:Building package 'teleop' with the following arguments: {'ament_cmake_args': None, 'build_base': '/home/walle/WALL-E/ros2_ws/build/teleop', 'catkin_cmake_args': None, 'catkin_skip_building_tests': False, 'cmake_args': None, 'cmake_clean_cache': False, 'cmake_clean_first': False, 'cmake_force_configure': False, 'cmake_target': None, 'cmake_target_skip_unavailable': False, 'install_base': '/home/walle/WALL-E/ros2_ws/install/teleop', 'merge_install': False, 'path': '/home/walle/WALL-E/ros2_ws/src/teleop', 'symlink_install': False, 'test_result_base': None}
[2.151s] INFO:colcon.colcon_core.executor:Executing jobs using 'parallel' executor
[2.156s] DEBUG:colcon.colcon_parallel_executor.executor.parallel:run_until_complete
[2.157s] INFO:colcon.colcon_ros.task.ament_python.build:Building ROS package in '/home/walle/WALL-E/ros2_ws/src/motor_control' with build type 'ament_python'
[2.158s] Level 1:colcon.colcon_core.shell:create_environment_hook('motor_control', 'ament_prefix_path')
[2.174s] INFO:colcon.colcon_core.plugin_system:Skipping extension 'colcon_core.shell.bat': Not used on non-Windows systems
[2.175s] INFO:colcon.colcon_core.shell:Creating environment hook '/home/walle/WALL-E/ros2_ws/install/motor_control/share/motor_control/hook/ament_prefix_path.ps1'
[2.179s] INFO:colcon.colcon_core.shell:Creating environment descriptor '/home/walle/WALL-E/ros2_ws/install/motor_control/share/motor_control/hook/ament_prefix_path.dsv'
[2.181s] INFO:colcon.colcon_core.shell:Creating environment hook '/home/walle/WALL-E/ros2_ws/install/motor_control/share/motor_control/hook/ament_prefix_path.sh'
[2.185s] INFO:colcon.colcon_core.shell:Skip shell extension 'powershell' for command environment: Not usable outside of PowerShell
[2.186s] DEBUG:colcon.colcon_core.shell:Skip shell extension 'dsv' for command environment
[2.220s] INFO:colcon.colcon_ros.task.ament_cmake.build:Building ROS package in '/home/walle/WALL-E/ros2_ws/src/teleop' with build type 'ament_cmake'
[2.221s] INFO:colcon.colcon_cmake.task.cmake.build:Building CMake package in '/home/walle/WALL-E/ros2_ws/src/teleop'
[2.223s] INFO:colcon.colcon_core.shell:Skip shell extension 'powershell' for command environment: Not usable outside of PowerShell
[2.223s] DEBUG:colcon.colcon_core.shell:Skip shell extension 'dsv' for command environment
[4.035s] INFO:colcon.colcon_core.task.python.build:Building Python package in '/home/walle/WALL-E/ros2_ws/src/motor_control'
[4.036s] INFO:colcon.colcon_core.shell:Skip shell extension 'powershell' for command environment: Not usable outside of PowerShell
[4.036s] DEBUG:colcon.colcon_core.shell:Skip shell extension 'dsv' for command environment
[4.076s] DEBUG:colcon.colcon_core.event_handler.log_command:Invoking command in '/home/walle/WALL-E/ros2_ws/build/teleop': CMAKE_PREFIX_PATH=${CMAKE_PREFIX_PATH}:/home/walle/WALL-E/ros2_ws/install/motor_control:/opt/ros/humble /usr/bin/cmake --build /home/walle/WALL-E/ros2_ws/build/teleop -- -j4 -l4
[4.297s] DEBUG:colcon.colcon_core.event_handler.log_command:Invoked command in '/home/walle/WALL-E/ros2_ws/build/teleop' returned '0': CMAKE_PREFIX_PATH=${CMAKE_PREFIX_PATH}:/home/walle/WALL-E/ros2_ws/install/motor_control:/opt/ros/humble /usr/bin/cmake --build /home/walle/WALL-E/ros2_ws/build/teleop -- -j4 -l4
[4.487s] DEBUG:colcon.colcon_core.event_handler.log_command:Invoking command in '/home/walle/WALL-E/ros2_ws/build/teleop': CMAKE_PREFIX_PATH=${CMAKE_PREFIX_PATH}:/home/walle/WALL-E/ros2_ws/install/motor_control:/opt/ros/humble /usr/bin/cmake --install /home/walle/WALL-E/ros2_ws/build/teleop
[4.538s] Level 1:colcon.colcon_core.environment:create_environment_scripts_only(teleop)
[4.544s] DEBUG:colcon.colcon_core.event_handler.log_command:Invoked command in '/home/walle/WALL-E/ros2_ws/build/teleop' returned '0': CMAKE_PREFIX_PATH=${CMAKE_PREFIX_PATH}:/home/walle/WALL-E/ros2_ws/install/motor_control:/opt/ros/humble /usr/bin/cmake --install /home/walle/WALL-E/ros2_ws/build/teleop
[4.558s] Level 1:colcon.colcon_core.environment:checking '/home/walle/WALL-E/ros2_ws/install/teleop' for CMake module files
[4.562s] Level 1:colcon.colcon_core.environment:checking '/home/walle/WALL-E/ros2_ws/install/teleop' for CMake config files
[4.563s] Level 1:colcon.colcon_core.shell:create_environment_hook('teleop', 'cmake_prefix_path')
[4.564s] INFO:colcon.colcon_core.shell:Creating environment hook '/home/walle/WALL-E/ros2_ws/install/teleop/share/teleop/hook/cmake_prefix_path.ps1'
[4.567s] INFO:colcon.colcon_core.shell:Creating environment descriptor '/home/walle/WALL-E/ros2_ws/install/teleop/share/teleop/hook/cmake_prefix_path.dsv'
[4.570s] INFO:colcon.colcon_core.shell:Creating environment hook '/home/walle/WALL-E/ros2_ws/install/teleop/share/teleop/hook/cmake_prefix_path.sh'
[4.575s] Level 1:colcon.colcon_core.environment:checking '/home/walle/WALL-E/ros2_ws/install/teleop/bin'
[4.575s] Level 1:colcon.colcon_core.environment:checking '/home/walle/WALL-E/ros2_ws/install/teleop/lib/pkgconfig/teleop.pc'
[4.577s] Level 1:colcon.colcon_core.environment:checking '/home/walle/WALL-E/ros2_ws/install/teleop/lib/python3.10/site-packages'
[4.578s] Level 1:colcon.colcon_core.environment:checking '/home/walle/WALL-E/ros2_ws/install/teleop/bin'
[4.579s] INFO:colcon.colcon_core.shell:Creating package script '/home/walle/WALL-E/ros2_ws/install/teleop/share/teleop/package.ps1'
[4.584s] INFO:colcon.colcon_core.shell:Creating package descriptor '/home/walle/WALL-E/ros2_ws/install/teleop/share/teleop/package.dsv'
[4.587s] INFO:colcon.colcon_core.shell:Creating package script '/home/walle/WALL-E/ros2_ws/install/teleop/share/teleop/package.sh'
[4.593s] INFO:colcon.colcon_core.shell:Creating package script '/home/walle/WALL-E/ros2_ws/install/teleop/share/teleop/package.bash'
[4.598s] INFO:colcon.colcon_core.shell:Creating package script '/home/walle/WALL-E/ros2_ws/install/teleop/share/teleop/package.zsh'
[4.602s] Level 1:colcon.colcon_core.environment:create_file_with_runtime_dependencies(/home/walle/WALL-E/ros2_ws/install/teleop/share/colcon-core/packages/teleop)
[4.741s] Level 1:colcon.colcon_core.environment:create_environment_scripts_only(teleop)
[4.744s] Level 1:colcon.colcon_core.environment:checking '/home/walle/WALL-E/ros2_ws/install/teleop' for CMake module files
[4.747s] Level 1:colcon.colcon_core.environment:checking '/home/walle/WALL-E/ros2_ws/install/teleop' for CMake config files
[4.748s] Level 1:colcon.colcon_core.shell:create_environment_hook('teleop', 'cmake_prefix_path')
[4.749s] INFO:colcon.colcon_core.shell:Creating environment hook '/home/walle/WALL-E/ros2_ws/install/teleop/share/teleop/hook/cmake_prefix_path.ps1'
[4.752s] INFO:colcon.colcon_core.shell:Creating environment descriptor '/home/walle/WALL-E/ros2_ws/install/teleop/share/teleop/hook/cmake_prefix_path.dsv'
[4.755s] INFO:colcon.colcon_core.shell:Creating environment hook '/home/walle/WALL-E/ros2_ws/install/teleop/share/teleop/hook/cmake_prefix_path.sh'
[4.758s] Level 1:colcon.colcon_core.environment:checking '/home/walle/WALL-E/ros2_ws/install/teleop/bin'
[4.759s] Level 1:colcon.colcon_core.environment:checking '/home/walle/WALL-E/ros2_ws/install/teleop/lib/pkgconfig/teleop.pc'
[4.760s] Level 1:colcon.colcon_core.environment:checking '/home/walle/WALL-E/ros2_ws/install/teleop/lib/python3.10/site-packages'
[4.761s] Level 1:colcon.colcon_core.environment:checking '/home/walle/WALL-E/ros2_ws/install/teleop/bin'
[4.763s] INFO:colcon.colcon_core.shell:Creating package script '/home/walle/WALL-E/ros2_ws/install/teleop/share/teleop/package.ps1'
[4.765s] INFO:colcon.colcon_core.shell:Creating package descriptor '/home/walle/WALL-E/ros2_ws/install/teleop/share/teleop/package.dsv'
[4.769s] INFO:colcon.colcon_core.shell:Creating package script '/home/walle/WALL-E/ros2_ws/install/teleop/share/teleop/package.sh'
[4.772s] INFO:colcon.colcon_core.shell:Creating package script '/home/walle/WALL-E/ros2_ws/install/teleop/share/teleop/package.bash'
[4.775s] INFO:colcon.colcon_core.shell:Creating package script '/home/walle/WALL-E/ros2_ws/install/teleop/share/teleop/package.zsh'
[4.778s] Level 1:colcon.colcon_core.environment:create_file_with_runtime_dependencies(/home/walle/WALL-E/ros2_ws/install/teleop/share/colcon-core/packages/teleop)
[6.023s] DEBUG:colcon.colcon_core.event_handler.log_command:Invoking command in '/home/walle/WALL-E/ros2_ws/src/motor_control': PYTHONPATH=/home/walle/WALL-E/ros2_ws/build/motor_control/prefix_override:/home/walle/.local/lib/python3.10/site-packages/colcon_core/task/python/colcon_distutils_commands:/home/walle/WALL-E/ros2_ws/install/motor_control/lib/python3.10/site-packages:${PYTHONPATH} /usr/bin/python3 -W ignore:setup.py install is deprecated setup.py egg_info --egg-base ../../build/motor_control build --build-base /home/walle/WALL-E/ros2_ws/build/motor_control/build install --record /home/walle/WALL-E/ros2_ws/build/motor_control/install.log --install-scripts $base/lib/motor_control --single-version-externally-managed install_data
[7.648s] Level 1:colcon.colcon_core.environment:checking '/home/walle/WALL-E/ros2_ws/install/motor_control' for CMake module files
[7.650s] DEBUG:colcon.colcon_core.event_handler.log_command:Invoked command in '/home/walle/WALL-E/ros2_ws/src/motor_control' returned '0': PYTHONPATH=/home/walle/WALL-E/ros2_ws/build/motor_control/prefix_override:/home/walle/.local/lib/python3.10/site-packages/colcon_core/task/python/colcon_distutils_commands:/home/walle/WALL-E/ros2_ws/install/motor_control/lib/python3.10/site-packages:${PYTHONPATH} /usr/bin/python3 -W ignore:setup.py install is deprecated setup.py egg_info --egg-base ../../build/motor_control build --build-base /home/walle/WALL-E/ros2_ws/build/motor_control/build install --record /home/walle/WALL-E/ros2_ws/build/motor_control/install.log --install-scripts $base/lib/motor_control --single-version-externally-managed install_data
[7.652s] Level 1:colcon.colcon_core.environment:checking '/home/walle/WALL-E/ros2_ws/install/motor_control' for CMake config files
[7.657s] Level 1:colcon.colcon_core.environment:checking '/home/walle/WALL-E/ros2_ws/install/motor_control/lib'
[7.658s] Level 1:colcon.colcon_core.environment:checking '/home/walle/WALL-E/ros2_ws/install/motor_control/bin'
[7.659s] Level 1:colcon.colcon_core.environment:checking '/home/walle/WALL-E/ros2_ws/install/motor_control/lib/pkgconfig/motor_control.pc'
[7.660s] Level 1:colcon.colcon_core.environment:checking '/home/walle/WALL-E/ros2_ws/install/motor_control/lib/python3.10/site-packages'
[7.660s] Level 1:colcon.colcon_core.shell:create_environment_hook('motor_control', 'pythonpath')
[7.662s] INFO:colcon.colcon_core.shell:Creating environment hook '/home/walle/WALL-E/ros2_ws/install/motor_control/share/motor_control/hook/pythonpath.ps1'
[7.664s] INFO:colcon.colcon_core.shell:Creating environment descriptor '/home/walle/WALL-E/ros2_ws/install/motor_control/share/motor_control/hook/pythonpath.dsv'
[7.666s] INFO:colcon.colcon_core.shell:Creating environment hook '/home/walle/WALL-E/ros2_ws/install/motor_control/share/motor_control/hook/pythonpath.sh'
[7.669s] Level 1:colcon.colcon_core.environment:checking '/home/walle/WALL-E/ros2_ws/install/motor_control/bin'
[7.670s] Level 1:colcon.colcon_core.environment:create_environment_scripts_only(motor_control)
[7.671s] INFO:colcon.colcon_core.shell:Creating package script '/home/walle/WALL-E/ros2_ws/install/motor_control/share/motor_control/package.ps1'
[7.674s] INFO:colcon.colcon_core.shell:Creating package descriptor '/home/walle/WALL-E/ros2_ws/install/motor_control/share/motor_control/package.dsv'
[7.677s] INFO:colcon.colcon_core.shell:Creating package script '/home/walle/WALL-E/ros2_ws/install/motor_control/share/motor_control/package.sh'
[7.679s] INFO:colcon.colcon_core.shell:Creating package script '/home/walle/WALL-E/ros2_ws/install/motor_control/share/motor_control/package.bash'
[7.681s] INFO:colcon.colcon_core.shell:Creating package script '/home/walle/WALL-E/ros2_ws/install/motor_control/share/motor_control/package.zsh'
[7.684s] Level 1:colcon.colcon_core.environment:create_file_with_runtime_dependencies(/home/walle/WALL-E/ros2_ws/install/motor_control/share/colcon-core/packages/motor_control)
[7.685s] DEBUG:colcon.colcon_parallel_executor.executor.parallel:closing loop
[7.686s] DEBUG:colcon.colcon_parallel_executor.executor.parallel:loop closed
[7.687s] DEBUG:colcon.colcon_parallel_executor.executor.parallel:run_until_complete finished with '0'
[7.687s] DEBUG:colcon.colcon_core.event_reactor:joining thread
[7.717s] INFO:colcon.colcon_core.plugin_system:Skipping extension 'colcon_notification.desktop_notification.terminal_notifier': Not used on non-Darwin systems
[7.718s] INFO:colcon.colcon_core.plugin_system:Skipping extension 'colcon_notification.desktop_notification.win32': Not used on non-Windows systems
[7.719s] INFO:colcon.colcon_notification.desktop_notification:Sending desktop notification using 'notify2'
[7.773s] DEBUG:colcon.colcon_core.event_reactor:joined thread
[7.775s] INFO:colcon.colcon_core.shell:Creating prefix script '/home/walle/WALL-E/ros2_ws/install/local_setup.ps1'
[7.781s] INFO:colcon.colcon_core.shell:Creating prefix util module '/home/walle/WALL-E/ros2_ws/install/_local_setup_util_ps1.py'
[7.791s] INFO:colcon.colcon_core.shell:Creating prefix chain script '/home/walle/WALL-E/ros2_ws/install/setup.ps1'
[7.798s] INFO:colcon.colcon_core.shell:Creating prefix script '/home/walle/WALL-E/ros2_ws/install/local_setup.sh'
[7.802s] INFO:colcon.colcon_core.shell:Creating prefix util module '/home/walle/WALL-E/ros2_ws/install/_local_setup_util_sh.py'
[7.807s] INFO:colcon.colcon_core.shell:Creating prefix chain script '/home/walle/WALL-E/ros2_ws/install/setup.sh'
[7.815s] INFO:colcon.colcon_core.shell:Creating prefix script '/home/walle/WALL-E/ros2_ws/install/local_setup.bash'
[7.818s] INFO:colcon.colcon_core.shell:Creating prefix chain script '/home/walle/WALL-E/ros2_ws/install/setup.bash'
[7.825s] INFO:colcon.colcon_core.shell:Creating prefix script '/home/walle/WALL-E/ros2_ws/install/local_setup.zsh'
[7.829s] INFO:colcon.colcon_core.shell:Creating prefix chain script '/home/walle/WALL-E/ros2_ws/install/setup.zsh'
