/usr/lib/python3/dist-packages/setuptools/dist.py:723: UserWarning: Usage of dash-separated 'script-dir' will not be supported in future versions. Please use the underscore name 'script_dir' instead
  warnings.warn(
running egg_info
creating ../../build/motor_control/motor_control.egg-info
writing ../../build/motor_control/motor_control.egg-info/PKG-INFO
writing dependency_links to ../../build/motor_control/motor_control.egg-info/dependency_links.txt
writing entry points to ../../build/motor_control/motor_control.egg-info/entry_points.txt
writing requirements to ../../build/motor_control/motor_control.egg-info/requires.txt
writing top-level names to ../../build/motor_control/motor_control.egg-info/top_level.txt
writing manifest file '../../build/motor_control/motor_control.egg-info/SOURCES.txt'
reading manifest file '../../build/motor_control/motor_control.egg-info/SOURCES.txt'
writing manifest file '../../build/motor_control/motor_control.egg-info/SOURCES.txt'
running build
running build_py
creating /home/walle/WALL-E/ros2_ws/build/motor_control/build
creating /home/walle/WALL-E/ros2_ws/build/motor_control/build/lib
creating /home/walle/WALL-E/ros2_ws/build/motor_control/build/lib/motor_control
copying motor_control/motor_test.py -> /home/walle/WALL-E/ros2_ws/build/motor_control/build/lib/motor_control
copying motor_control/motor_control_node.py -> /home/walle/WALL-E/ros2_ws/build/motor_control/build/lib/motor_control
copying motor_control/__init__.py -> /home/walle/WALL-E/ros2_ws/build/motor_control/build/lib/motor_control
running install
running install_lib
creating /home/walle/WALL-E/ros2_ws/install/motor_control/lib/python3.10/site-packages/motor_control
copying /home/walle/WALL-E/ros2_ws/build/motor_control/build/lib/motor_control/motor_test.py -> /home/walle/WALL-E/ros2_ws/install/motor_control/lib/python3.10/site-packages/motor_control
copying /home/walle/WALL-E/ros2_ws/build/motor_control/build/lib/motor_control/motor_control_node.py -> /home/walle/WALL-E/ros2_ws/install/motor_control/lib/python3.10/site-packages/motor_control
copying /home/walle/WALL-E/ros2_ws/build/motor_control/build/lib/motor_control/__init__.py -> /home/walle/WALL-E/ros2_ws/install/motor_control/lib/python3.10/site-packages/motor_control
byte-compiling /home/walle/WALL-E/ros2_ws/install/motor_control/lib/python3.10/site-packages/motor_control/motor_test.py to motor_test.cpython-310.pyc
byte-compiling /home/walle/WALL-E/ros2_ws/install/motor_control/lib/python3.10/site-packages/motor_control/motor_control_node.py to motor_control_node.cpython-310.pyc
byte-compiling /home/walle/WALL-E/ros2_ws/install/motor_control/lib/python3.10/site-packages/motor_control/__init__.py to __init__.cpython-310.pyc
running install_data
creating /home/walle/WALL-E/ros2_ws/install/motor_control/share/ament_index
creating /home/walle/WALL-E/ros2_ws/install/motor_control/share/ament_index/resource_index
creating /home/walle/WALL-E/ros2_ws/install/motor_control/share/ament_index/resource_index/packages
copying resource/motor_control -> /home/walle/WALL-E/ros2_ws/install/motor_control/share/ament_index/resource_index/packages
copying package.xml -> /home/walle/WALL-E/ros2_ws/install/motor_control/share/motor_control
running install_egg_info
Copying ../../build/motor_control/motor_control.egg-info to /home/walle/WALL-E/ros2_ws/install/motor_control/lib/python3.10/site-packages/motor_control-0.0.0-py3.10.egg-info
running install_scripts
Installing motor_control_node script to /home/walle/WALL-E/ros2_ws/install/motor_control/lib/motor_control
writing list of installed files to '/home/walle/WALL-E/ros2_ws/build/motor_control/install.log'
