-- The C compiler identification is GNU 9.4.0
-- The CXX compiler identification is GNU 9.4.0
-- Check for working C compiler: /usr/bin/cc
-- Check for working C compiler: /usr/bin/cc -- works
-- Detecting C compiler ABI info
-- Detecting C compiler ABI info - done
-- Detecting C compile features
-- Detecting C compile features - done
-- Check for working CXX compiler: /usr/bin/c++
-- Check for working CXX compiler: /usr/bin/c++ -- works
-- Detecting CXX compiler ABI info
-- Detecting CXX compiler ABI info - done
-- Detecting CXX compile features
-- Detecting CXX compile features - done
-- Found ament_cmake: 0.9.12 (/opt/ros/foxy/share/ament_cmake/cmake)
-- Found PythonInterp: /home/ndev/miniconda3/bin/python3 (found suitable version "3.11.5", minimum required is "3") 
-- Using PYTHON_EXECUTABLE: /home/ndev/miniconda3/bin/python3
-- Found rclcpp: 2.4.3 (/opt/ros/foxy/share/rclcpp/cmake)
-- Using all available rosidl_typesupport_c: rosidl_typesupport_fastrtps_c;rosidl_typesupport_introspection_c
-- Found rosidl_adapter: 1.3.1 (/opt/ros/foxy/share/rosidl_adapter/cmake)
-- Found OpenSSL: /usr/lib/x86_64-linux-gnu/libcrypto.so (found version "1.1.1f")  
-- Found FastRTPS: /opt/ros/foxy/include  
-- Using all available rosidl_typesupport_cpp: rosidl_typesupport_fastrtps_cpp;rosidl_typesupport_introspection_cpp
-- Found rmw_implementation_cmake: 1.0.4 (/opt/ros/foxy/share/rmw_implementation_cmake/cmake)
-- Using RMW implementation 'rmw_cyclonedds_cpp' as default
-- Looking for pthread.h
-- Looking for pthread.h - found
-- Performing Test CMAKE_HAVE_LIBC_PTHREAD
-- Performing Test CMAKE_HAVE_LIBC_PTHREAD - Failed
-- Looking for pthread_create in pthreads
-- Looking for pthread_create in pthreads - not found
-- Looking for pthread_create in pthread
-- Looking for pthread_create in pthread - found
-- Found Threads: TRUE  
-- Found sensor_msgs: 2.0.5 (/opt/ros/foxy/share/sensor_msgs/cmake)
-- Found teleop_twist_joy: 2.4.3 (/opt/ros/foxy/share/teleop_twist_joy/cmake)
-- Found joy: 3.0.1 (/opt/ros/foxy/share/joy/cmake)
-- Found ament_lint_auto: 0.9.8 (/opt/ros/foxy/share/ament_lint_auto/cmake)
-- Added test 'copyright' to check source files copyright and LICENSE
-- Added test 'flake8' to check Python code syntax and style conventions
-- Added test 'lint_cmake' to check CMake code style
-- Added test 'pep257' to check Python code against some of the style conventions in PEP 257
-- Added test 'xmllint' to check XML markup files
-- Configuring done
-- Generating done
-- Build files have been written to: /home/ndev/WALL-E/ros2_ws/build/teleop
-- Install configuration: ""
-- Installing: /home/ndev/WALL-E/ros2_ws/install/teleop/share/teleop//launch
-- Installing: /home/ndev/WALL-E/ros2_ws/install/teleop/share/teleop//launch/teleop_launch.py
-- Installing: /home/ndev/WALL-E/ros2_ws/install/teleop/share/ament_index/resource_index/package_run_dependencies/teleop
-- Installing: /home/ndev/WALL-E/ros2_ws/install/teleop/share/ament_index/resource_index/parent_prefix_path/teleop
-- Installing: /home/ndev/WALL-E/ros2_ws/install/teleop/share/teleop/environment/ament_prefix_path.sh
-- Installing: /home/ndev/WALL-E/ros2_ws/install/teleop/share/teleop/environment/ament_prefix_path.dsv
-- Installing: /home/ndev/WALL-E/ros2_ws/install/teleop/share/teleop/environment/path.sh
-- Installing: /home/ndev/WALL-E/ros2_ws/install/teleop/share/teleop/environment/path.dsv
-- Installing: /home/ndev/WALL-E/ros2_ws/install/teleop/share/teleop/local_setup.bash
-- Installing: /home/ndev/WALL-E/ros2_ws/install/teleop/share/teleop/local_setup.sh
-- Installing: /home/ndev/WALL-E/ros2_ws/install/teleop/share/teleop/local_setup.zsh
-- Installing: /home/ndev/WALL-E/ros2_ws/install/teleop/share/teleop/local_setup.dsv
-- Installing: /home/ndev/WALL-E/ros2_ws/install/teleop/share/teleop/package.dsv
-- Installing: /home/ndev/WALL-E/ros2_ws/install/teleop/share/ament_index/resource_index/packages/teleop
-- Installing: /home/ndev/WALL-E/ros2_ws/install/teleop/share/teleop/cmake/teleopConfig.cmake
-- Installing: /home/ndev/WALL-E/ros2_ws/install/teleop/share/teleop/cmake/teleopConfig-version.cmake
-- Installing: /home/ndev/WALL-E/ros2_ws/install/teleop/share/teleop/package.xml
