[0.193s] Invoking command in '/home/ndev/WALL-E/ros2_ws/build/teleop': CMAKE_PREFIX_PATH=${CMAKE_PREFIX_PATH}:/opt/ros/foxy CONDA_PROMPT_MODIFIER=(base) /usr/bin/cmake /home/ndev/WALL-E/ros2_ws/src/teleop -DCMAKE_INSTALL_PREFIX=/home/ndev/WALL-E/ros2_ws/install/teleop
[0.295s] -- The C compiler identification is GNU 9.4.0
[0.397s] -- The CXX compiler identification is GNU 9.4.0
[0.403s] -- Check for working C compiler: /usr/bin/cc
[0.480s] -- Check for working C compiler: /usr/bin/cc -- works
[0.481s] -- Detecting C compiler ABI info
[0.556s] -- Detecting C compiler ABI info - done
[0.565s] -- Detecting C compile features
[0.565s] -- Detecting C compile features - done
[0.568s] -- Check for working CXX compiler: /usr/bin/c++
[0.654s] -- Check for working CXX compiler: /usr/bin/c++ -- works
[0.655s] -- Detecting CXX compiler ABI info
[0.740s] -- Detecting CXX compiler ABI info - done
[0.750s] -- Detecting CXX compile features
[0.750s] -- Detecting CXX compile features - done
[0.755s] -- Found ament_cmake: 0.9.12 (/opt/ros/foxy/share/ament_cmake/cmake)
[0.779s] -- Found PythonInterp: /home/ndev/miniconda3/bin/python3 (found suitable version "3.11.5", minimum required is "3") 
[0.779s] -- Using PYTHON_EXECUTABLE: /home/ndev/miniconda3/bin/python3
[0.938s] -- Found rclcpp: 2.4.3 (/opt/ros/foxy/share/rclcpp/cmake)
[0.993s] -- Using all available rosidl_typesupport_c: rosidl_typesupport_fastrtps_c;rosidl_typesupport_introspection_c
[1.000s] -- Found rosidl_adapter: 1.3.1 (/opt/ros/foxy/share/rosidl_adapter/cmake)
[1.177s] -- Found OpenSSL: /usr/lib/x86_64-linux-gnu/libcrypto.so (found version "1.1.1f")  
[1.204s] -- Found FastRTPS: /opt/ros/foxy/include  
[1.275s] -- Using all available rosidl_typesupport_cpp: rosidl_typesupport_fastrtps_cpp;rosidl_typesupport_introspection_cpp
[1.323s] -- Found rmw_implementation_cmake: 1.0.4 (/opt/ros/foxy/share/rmw_implementation_cmake/cmake)
[1.325s] -- Using RMW implementation 'rmw_cyclonedds_cpp' as default
[1.326s] -- Looking for pthread.h
[1.446s] -- Looking for pthread.h - found
[1.446s] -- Performing Test CMAKE_HAVE_LIBC_PTHREAD
[1.577s] -- Performing Test CMAKE_HAVE_LIBC_PTHREAD - Failed
[1.578s] -- Looking for pthread_create in pthreads
[1.686s] -- Looking for pthread_create in pthreads - not found
[1.686s] -- Looking for pthread_create in pthread
[1.819s] -- Looking for pthread_create in pthread - found
[1.822s] -- Found Threads: TRUE  
[1.964s] -- Found sensor_msgs: 2.0.5 (/opt/ros/foxy/share/sensor_msgs/cmake)
[2.051s] -- Found teleop_twist_joy: 2.4.3 (/opt/ros/foxy/share/teleop_twist_joy/cmake)
[2.054s] -- Found joy: 3.0.1 (/opt/ros/foxy/share/joy/cmake)
[2.055s] -- Found ament_lint_auto: 0.9.8 (/opt/ros/foxy/share/ament_lint_auto/cmake)
[2.158s] -- Added test 'copyright' to check source files copyright and LICENSE
[2.159s] -- Added test 'flake8' to check Python code syntax and style conventions
[2.160s] -- Added test 'lint_cmake' to check CMake code style
[2.160s] -- Added test 'pep257' to check Python code against some of the style conventions in PEP 257
[2.161s] -- Added test 'xmllint' to check XML markup files
[2.165s] -- Configuring done
[2.166s] -- Generating done
[2.167s] -- Build files have been written to: /home/ndev/WALL-E/ros2_ws/build/teleop
[2.175s] Invoked command in '/home/ndev/WALL-E/ros2_ws/build/teleop' returned '0': CMAKE_PREFIX_PATH=${CMAKE_PREFIX_PATH}:/opt/ros/foxy CONDA_PROMPT_MODIFIER=(base) /usr/bin/cmake /home/ndev/WALL-E/ros2_ws/src/teleop -DCMAKE_INSTALL_PREFIX=/home/ndev/WALL-E/ros2_ws/install/teleop
[2.182s] Invoking command in '/home/ndev/WALL-E/ros2_ws/build/teleop': CMAKE_PREFIX_PATH=${CMAKE_PREFIX_PATH}:/opt/ros/foxy CONDA_PROMPT_MODIFIER=(base) /usr/bin/cmake --build /home/ndev/WALL-E/ros2_ws/build/teleop -- -j16 -l16
[2.245s] Invoked command in '/home/ndev/WALL-E/ros2_ws/build/teleop' returned '0': CMAKE_PREFIX_PATH=${CMAKE_PREFIX_PATH}:/opt/ros/foxy CONDA_PROMPT_MODIFIER=(base) /usr/bin/cmake --build /home/ndev/WALL-E/ros2_ws/build/teleop -- -j16 -l16
[2.312s] Invoking command in '/home/ndev/WALL-E/ros2_ws/build/teleop': CMAKE_PREFIX_PATH=${CMAKE_PREFIX_PATH}:/opt/ros/foxy CONDA_PROMPT_MODIFIER=(base) /usr/bin/cmake --install /home/ndev/WALL-E/ros2_ws/build/teleop
[2.325s] -- Install configuration: ""
[2.325s] -- Installing: /home/ndev/WALL-E/ros2_ws/install/teleop/share/teleop//launch
[2.325s] -- Installing: /home/ndev/WALL-E/ros2_ws/install/teleop/share/teleop//launch/teleop_launch.py
[2.325s] -- Installing: /home/ndev/WALL-E/ros2_ws/install/teleop/share/ament_index/resource_index/package_run_dependencies/teleop
[2.325s] -- Installing: /home/ndev/WALL-E/ros2_ws/install/teleop/share/ament_index/resource_index/parent_prefix_path/teleop
[2.326s] -- Installing: /home/ndev/WALL-E/ros2_ws/install/teleop/share/teleop/environment/ament_prefix_path.sh
[2.326s] -- Installing: /home/ndev/WALL-E/ros2_ws/install/teleop/share/teleop/environment/ament_prefix_path.dsv
[2.326s] -- Installing: /home/ndev/WALL-E/ros2_ws/install/teleop/share/teleop/environment/path.sh
[2.326s] -- Installing: /home/ndev/WALL-E/ros2_ws/install/teleop/share/teleop/environment/path.dsv
[2.326s] -- Installing: /home/ndev/WALL-E/ros2_ws/install/teleop/share/teleop/local_setup.bash
[2.326s] -- Installing: /home/ndev/WALL-E/ros2_ws/install/teleop/share/teleop/local_setup.sh
[2.326s] -- Installing: /home/ndev/WALL-E/ros2_ws/install/teleop/share/teleop/local_setup.zsh
[2.327s] -- Installing: /home/ndev/WALL-E/ros2_ws/install/teleop/share/teleop/local_setup.dsv
[2.327s] -- Installing: /home/ndev/WALL-E/ros2_ws/install/teleop/share/teleop/package.dsv
[2.327s] -- Installing: /home/ndev/WALL-E/ros2_ws/install/teleop/share/ament_index/resource_index/packages/teleop
[2.327s] -- Installing: /home/ndev/WALL-E/ros2_ws/install/teleop/share/teleop/cmake/teleopConfig.cmake
[2.327s] -- Installing: /home/ndev/WALL-E/ros2_ws/install/teleop/share/teleop/cmake/teleopConfig-version.cmake
[2.327s] -- Installing: /home/ndev/WALL-E/ros2_ws/install/teleop/share/teleop/package.xml
[2.329s] Invoked command in '/home/ndev/WALL-E/ros2_ws/build/teleop' returned '0': CMAKE_PREFIX_PATH=${CMAKE_PREFIX_PATH}:/opt/ros/foxy CONDA_PROMPT_MODIFIER=(base) /usr/bin/cmake --install /home/ndev/WALL-E/ros2_ws/build/teleop
