[1.532s] Invoking command in '/home/walle/WALL-E/ros2_ws/build/teleop': CMAKE_PREFIX_PATH=${CMAKE_PREFIX_PATH}:/home/walle/WALL-E/ros2_ws/install/motor_control:/opt/ros/humble /usr/bin/cmake --build /home/walle/WALL-E/ros2_ws/build/teleop -- -j4 -l4
[1.744s] Invoked command in '/home/walle/WALL-E/ros2_ws/build/teleop' returned '0': CMAKE_PREFIX_PATH=${CMAKE_PREFIX_PATH}:/home/walle/WALL-E/ros2_ws/install/motor_control:/opt/ros/humble /usr/bin/cmake --build /home/walle/WALL-E/ros2_ws/build/teleop -- -j4 -l4
[1.933s] Invoking command in '/home/walle/WALL-E/ros2_ws/build/teleop': CMAKE_PREFIX_PATH=${CMAKE_PREFIX_PATH}:/home/walle/WALL-E/ros2_ws/install/motor_control:/opt/ros/humble /usr/bin/cmake --install /home/walle/WALL-E/ros2_ws/build/teleop
[1.966s] -- Install configuration: ""
[1.967s] -- Up-to-date: /home/walle/WALL-E/ros2_ws/install/teleop/share/teleop//launch
[1.968s] -- Up-to-date: /home/walle/WALL-E/ros2_ws/install/teleop/share/teleop//launch/teleop_launch.py
[1.968s] -- Up-to-date: /home/walle/WALL-E/ros2_ws/install/teleop/share/ament_index/resource_index/package_run_dependencies/teleop
[1.970s] -- Up-to-date: /home/walle/WALL-E/ros2_ws/install/teleop/share/ament_index/resource_index/parent_prefix_path/teleop
[1.971s] -- Up-to-date: /home/walle/WALL-E/ros2_ws/install/teleop/share/teleop/environment/ament_prefix_path.sh
[1.973s] -- Up-to-date: /home/walle/WALL-E/ros2_ws/install/teleop/share/teleop/environment/ament_prefix_path.dsv
[1.973s] -- Up-to-date: /home/walle/WALL-E/ros2_ws/install/teleop/share/teleop/environment/path.sh
[1.976s] -- Up-to-date: /home/walle/WALL-E/ros2_ws/install/teleop/share/teleop/environment/path.dsv
[1.976s] -- Up-to-date: /home/walle/WALL-E/ros2_ws/install/teleop/share/teleop/local_setup.bash
[1.977s] -- Up-to-date: /home/walle/WALL-E/ros2_ws/install/teleop/share/teleop/local_setup.sh
[1.977s] -- Up-to-date: /home/walle/WALL-E/ros2_ws/install/teleop/share/teleop/local_setup.zsh
[1.978s] -- Up-to-date: /home/walle/WALL-E/ros2_ws/install/teleop/share/teleop/local_setup.dsv
[1.978s] -- Installing: /home/walle/WALL-E/ros2_ws/install/teleop/share/teleop/package.dsv
[1.979s] -- Up-to-date: /home/walle/WALL-E/ros2_ws/install/teleop/share/ament_index/resource_index/packages/teleop
[1.980s] -- Up-to-date: /home/walle/WALL-E/ros2_ws/install/teleop/share/teleop/cmake/teleopConfig.cmake
[1.980s] -- Up-to-date: /home/walle/WALL-E/ros2_ws/install/teleop/share/teleop/cmake/teleopConfig-version.cmake
[1.981s] -- Up-to-date: /home/walle/WALL-E/ros2_ws/install/teleop/share/teleop/package.xml
[1.985s] Invoked command in '/home/walle/WALL-E/ros2_ws/build/teleop' returned '0': CMAKE_PREFIX_PATH=${CMAKE_PREFIX_PATH}:/home/walle/WALL-E/ros2_ws/install/motor_control:/opt/ros/humble /usr/bin/cmake --install /home/walle/WALL-E/ros2_ws/build/teleop
