[0.592s] Invoking command in '/home/ndev/WALL-E/ros2_ws/src/motor_control': CONDA_PROMPT_MODIFIER=(base) PYTHONPATH=/home/ndev/WALL-E/ros2_ws/build/motor_control/prefix_override:/usr/lib/python3/dist-packages/colcon_core/task/python/colcon_distutils_commands:/home/ndev/WALL-E/ros2_ws/install/motor_control/lib/python3.8/site-packages:${PYTHONPATH} /usr/bin/python3 -W ignore:setup.py install is deprecated setup.py egg_info --egg-base ../../build/motor_control build --build-base /home/ndev/WALL-E/ros2_ws/build/motor_control/build install --record /home/ndev/WALL-E/ros2_ws/build/motor_control/install.log --install-scripts $base/lib/motor_control --single-version-externally-managed install_data
[0.756s] running egg_info
[0.756s] creating ../../build/motor_control/motor_control.egg-info
[0.756s] writing ../../build/motor_control/motor_control.egg-info/PKG-INFO
[0.757s] writing dependency_links to ../../build/motor_control/motor_control.egg-info/dependency_links.txt
[0.757s] writing entry points to ../../build/motor_control/motor_control.egg-info/entry_points.txt
[0.757s] writing requirements to ../../build/motor_control/motor_control.egg-info/requires.txt
[0.757s] writing top-level names to ../../build/motor_control/motor_control.egg-info/top_level.txt
[0.767s] writing manifest file '../../build/motor_control/motor_control.egg-info/SOURCES.txt'
[0.792s] reading manifest file '../../build/motor_control/motor_control.egg-info/SOURCES.txt'
[0.792s] writing manifest file '../../build/motor_control/motor_control.egg-info/SOURCES.txt'
[0.792s] running build
[0.792s] running build_py
[0.792s] creating /home/ndev/WALL-E/ros2_ws/build/motor_control/build
[0.792s] creating /home/ndev/WALL-E/ros2_ws/build/motor_control/build/lib
[0.792s] creating /home/ndev/WALL-E/ros2_ws/build/motor_control/build/lib/motor_control
[0.792s] copying motor_control/motor_control_node.py -> /home/ndev/WALL-E/ros2_ws/build/motor_control/build/lib/motor_control
[0.793s] copying motor_control/__init__.py -> /home/ndev/WALL-E/ros2_ws/build/motor_control/build/lib/motor_control
[0.793s] running install
[0.793s] running install_lib
[0.794s] creating /home/ndev/WALL-E/ros2_ws/install/motor_control/lib/python3.8/site-packages/motor_control
[0.794s] copying /home/ndev/WALL-E/ros2_ws/build/motor_control/build/lib/motor_control/motor_control_node.py -> /home/ndev/WALL-E/ros2_ws/install/motor_control/lib/python3.8/site-packages/motor_control
[0.794s] copying /home/ndev/WALL-E/ros2_ws/build/motor_control/build/lib/motor_control/__init__.py -> /home/ndev/WALL-E/ros2_ws/install/motor_control/lib/python3.8/site-packages/motor_control
[0.794s] byte-compiling /home/ndev/WALL-E/ros2_ws/install/motor_control/lib/python3.8/site-packages/motor_control/motor_control_node.py to motor_control_node.cpython-38.pyc
[0.795s] byte-compiling /home/ndev/WALL-E/ros2_ws/install/motor_control/lib/python3.8/site-packages/motor_control/__init__.py to __init__.cpython-38.pyc
[0.795s] running install_data
[0.795s] creating /home/ndev/WALL-E/ros2_ws/install/motor_control/share/ament_index
[0.795s] creating /home/ndev/WALL-E/ros2_ws/install/motor_control/share/ament_index/resource_index
[0.795s] creating /home/ndev/WALL-E/ros2_ws/install/motor_control/share/ament_index/resource_index/packages
[0.796s] copying resource/motor_control -> /home/ndev/WALL-E/ros2_ws/install/motor_control/share/ament_index/resource_index/packages
[0.796s] copying package.xml -> /home/ndev/WALL-E/ros2_ws/install/motor_control/share/motor_control
[0.796s] running install_egg_info
[0.797s] Copying ../../build/motor_control/motor_control.egg-info to /home/ndev/WALL-E/ros2_ws/install/motor_control/lib/python3.8/site-packages/motor_control-0.0.0-py3.8.egg-info
[0.797s] running install_scripts
[0.809s] Installing motor_control_node script to /home/ndev/WALL-E/ros2_ws/install/motor_control/lib/motor_control
[0.810s] writing list of installed files to '/home/ndev/WALL-E/ros2_ws/build/motor_control/install.log'
[0.833s] Invoked command in '/home/ndev/WALL-E/ros2_ws/src/motor_control' returned '0': CONDA_PROMPT_MODIFIER=(base) PYTHONPATH=/home/ndev/WALL-E/ros2_ws/build/motor_control/prefix_override:/usr/lib/python3/dist-packages/colcon_core/task/python/colcon_distutils_commands:/home/ndev/WALL-E/ros2_ws/install/motor_control/lib/python3.8/site-packages:${PYTHONPATH} /usr/bin/python3 -W ignore:setup.py install is deprecated setup.py egg_info --egg-base ../../build/motor_control build --build-base /home/ndev/WALL-E/ros2_ws/build/motor_control/build install --record /home/ndev/WALL-E/ros2_ws/build/motor_control/install.log --install-scripts $base/lib/motor_control --single-version-externally-managed install_data
