[0.681s] DEBUG:colcon:Command line arguments: ['/home/walle/.local/bin/colcon', 'build']
[0.682s] DEBUG:colcon:Parsed command line arguments: Namespace(log_base=None, log_level=None, verb_name='build', build_base='build', install_base='install', merge_install=False, symlink_install=False, test_result_base=None, continue_on_error=False, executor='parallel', parallel_workers=4, event_handlers=None, ignore_user_meta=False, metas=['./colcon.meta'], base_paths=['.'], packages_ignore=None, packages_ignore_regex=None, paths=None, packages_up_to=None, packages_up_to_regex=None, packages_above=None, packages_above_and_dependencies=None, packages_above_depth=None, packages_select_by_dep=None, packages_skip_by_dep=None, packages_skip_up_to=None, packages_select_build_failed=False, packages_skip_build_finished=False, packages_select_test_failures=False, packages_skip_test_passed=False, packages_select=None, packages_skip=None, packages_select_regex=None, packages_skip_regex=None, packages_start=None, packages_end=None, cmake_args=None, cmake_target=None, cmake_target_skip_unavailable=False, cmake_clean_cache=False, cmake_clean_first=False, cmake_force_configure=False, ament_cmake_args=None, catkin_cmake_args=None, catkin_skip_building_tests=False, verb_parser=<colcon_defaults.argument_parser.defaults.DefaultArgumentsDecorator object at 0xffff8d201b10>, verb_extension=<colcon_core.verb.build.BuildVerb object at 0xffff8d2016c0>, main=<bound method BuildVerb.main of <colcon_core.verb.build.BuildVerb object at 0xffff8d2016c0>>)
[1.551s] Level 1:colcon.colcon_core.package_discovery:discover_packages(colcon_meta) check parameters
[1.551s] Level 1:colcon.colcon_core.package_discovery:discover_packages(recursive) check parameters
[1.551s] Level 1:colcon.colcon_core.package_discovery:discover_packages(ignore) check parameters
[1.551s] Level 1:colcon.colcon_core.package_discovery:discover_packages(path) check parameters
[1.552s] Level 1:colcon.colcon_core.package_discovery:discover_packages(colcon_meta) discover
[1.552s] Level 1:colcon.colcon_core.package_discovery:discover_packages(recursive) discover
[1.552s] INFO:colcon.colcon_core.package_discovery:Crawling recursively for packages in '/home/walle/WALL-E/ros2_ws'
[1.553s] Level 1:colcon.colcon_core.package_identification:_identify(.) by extensions ['ignore', 'ignore_ament_install']
[1.553s] Level 1:colcon.colcon_core.package_identification:_identify(.) by extension 'ignore'
[1.553s] Level 1:colcon.colcon_core.package_identification:_identify(.) by extension 'ignore_ament_install'
[1.554s] Level 1:colcon.colcon_core.package_identification:_identify(.) by extensions ['colcon_pkg']
[1.554s] Level 1:colcon.colcon_core.package_identification:_identify(.) by extension 'colcon_pkg'
[1.554s] Level 1:colcon.colcon_core.package_identification:_identify(.) by extensions ['colcon_meta']
[1.554s] Level 1:colcon.colcon_core.package_identification:_identify(.) by extension 'colcon_meta'
[1.554s] Level 1:colcon.colcon_core.package_identification:_identify(.) by extensions ['ros']
[1.554s] Level 1:colcon.colcon_core.package_identification:_identify(.) by extension 'ros'
[1.609s] Level 1:colcon.colcon_core.package_identification:_identify(.) by extensions ['cmake', 'python']
[1.609s] Level 1:colcon.colcon_core.package_identification:_identify(.) by extension 'cmake'
[1.609s] Level 1:colcon.colcon_core.package_identification:_identify(.) by extension 'python'
[1.610s] Level 1:colcon.colcon_core.package_identification:_identify(.) by extensions ['python_setup_py']
[1.610s] Level 1:colcon.colcon_core.package_identification:_identify(.) by extension 'python_setup_py'
[1.611s] Level 1:colcon.colcon_core.package_identification:_identify(build) by extensions ['ignore', 'ignore_ament_install']
[1.611s] Level 1:colcon.colcon_core.package_identification:_identify(build) by extension 'ignore'
[1.612s] Level 1:colcon.colcon_core.package_identification:_identify(build) ignored
[1.613s] Level 1:colcon.colcon_core.package_identification:_identify(install) by extensions ['ignore', 'ignore_ament_install']
[1.613s] Level 1:colcon.colcon_core.package_identification:_identify(install) by extension 'ignore'
[1.613s] Level 1:colcon.colcon_core.package_identification:_identify(install) ignored
[1.614s] Level 1:colcon.colcon_core.package_identification:_identify(log) by extensions ['ignore', 'ignore_ament_install']
[1.614s] Level 1:colcon.colcon_core.package_identification:_identify(log) by extension 'ignore'
[1.615s] Level 1:colcon.colcon_core.package_identification:_identify(log) ignored
[1.615s] Level 1:colcon.colcon_core.package_identification:_identify(src) by extensions ['ignore', 'ignore_ament_install']
[1.616s] Level 1:colcon.colcon_core.package_identification:_identify(src) by extension 'ignore'
[1.616s] Level 1:colcon.colcon_core.package_identification:_identify(src) by extension 'ignore_ament_install'
[1.616s] Level 1:colcon.colcon_core.package_identification:_identify(src) by extensions ['colcon_pkg']
[1.616s] Level 1:colcon.colcon_core.package_identification:_identify(src) by extension 'colcon_pkg'
[1.616s] Level 1:colcon.colcon_core.package_identification:_identify(src) by extensions ['colcon_meta']
[1.616s] Level 1:colcon.colcon_core.package_identification:_identify(src) by extension 'colcon_meta'
[1.617s] Level 1:colcon.colcon_core.package_identification:_identify(src) by extensions ['ros']
[1.617s] Level 1:colcon.colcon_core.package_identification:_identify(src) by extension 'ros'
[1.617s] Level 1:colcon.colcon_core.package_identification:_identify(src) by extensions ['cmake', 'python']
[1.617s] Level 1:colcon.colcon_core.package_identification:_identify(src) by extension 'cmake'
[1.618s] Level 1:colcon.colcon_core.package_identification:_identify(src) by extension 'python'
[1.618s] Level 1:colcon.colcon_core.package_identification:_identify(src) by extensions ['python_setup_py']
[1.618s] Level 1:colcon.colcon_core.package_identification:_identify(src) by extension 'python_setup_py'
[1.618s] Level 1:colcon.colcon_core.package_identification:_identify(src/motor_control) by extensions ['ignore', 'ignore_ament_install']
[1.619s] Level 1:colcon.colcon_core.package_identification:_identify(src/motor_control) by extension 'ignore'
[1.619s] Level 1:colcon.colcon_core.package_identification:_identify(src/motor_control) by extension 'ignore_ament_install'
[1.619s] Level 1:colcon.colcon_core.package_identification:_identify(src/motor_control) by extensions ['colcon_pkg']
[1.619s] Level 1:colcon.colcon_core.package_identification:_identify(src/motor_control) by extension 'colcon_pkg'
[1.620s] Level 1:colcon.colcon_core.package_identification:_identify(src/motor_control) by extensions ['colcon_meta']
[1.620s] Level 1:colcon.colcon_core.package_identification:_identify(src/motor_control) by extension 'colcon_meta'
[1.620s] Level 1:colcon.colcon_core.package_identification:_identify(src/motor_control) by extensions ['ros']
[1.620s] Level 1:colcon.colcon_core.package_identification:_identify(src/motor_control) by extension 'ros'
[1.632s] DEBUG:colcon.colcon_core.package_identification:Package 'src/motor_control' with type 'ros.ament_python' and name 'motor_control'
[1.633s] Level 1:colcon.colcon_core.package_identification:_identify(src/teleop) by extensions ['ignore', 'ignore_ament_install']
[1.633s] Level 1:colcon.colcon_core.package_identification:_identify(src/teleop) by extension 'ignore'
[1.633s] Level 1:colcon.colcon_core.package_identification:_identify(src/teleop) by extension 'ignore_ament_install'
[1.634s] Level 1:colcon.colcon_core.package_identification:_identify(src/teleop) by extensions ['colcon_pkg']
[1.634s] Level 1:colcon.colcon_core.package_identification:_identify(src/teleop) by extension 'colcon_pkg'
[1.634s] Level 1:colcon.colcon_core.package_identification:_identify(src/teleop) by extensions ['colcon_meta']
[1.634s] Level 1:colcon.colcon_core.package_identification:_identify(src/teleop) by extension 'colcon_meta'
[1.634s] Level 1:colcon.colcon_core.package_identification:_identify(src/teleop) by extensions ['ros']
[1.635s] Level 1:colcon.colcon_core.package_identification:_identify(src/teleop) by extension 'ros'
[1.639s] DEBUG:colcon.colcon_core.package_identification:Package 'src/teleop' with type 'ros.ament_cmake' and name 'teleop'
[1.639s] Level 1:colcon.colcon_core.package_discovery:discover_packages(recursive) using defaults
[1.639s] Level 1:colcon.colcon_core.package_discovery:discover_packages(ignore) discover
[1.639s] Level 1:colcon.colcon_core.package_discovery:discover_packages(ignore) using defaults
[1.639s] Level 1:colcon.colcon_core.package_discovery:discover_packages(path) discover
[1.640s] Level 1:colcon.colcon_core.package_discovery:discover_packages(path) using defaults
[1.740s] Level 5:colcon.colcon_core.verb:set package 'motor_control' build argument 'cmake_args' from command line to 'None'
[1.740s] Level 5:colcon.colcon_core.verb:set package 'motor_control' build argument 'cmake_target' from command line to 'None'
[1.740s] Level 5:colcon.colcon_core.verb:set package 'motor_control' build argument 'cmake_target_skip_unavailable' from command line to 'False'
[1.740s] Level 5:colcon.colcon_core.verb:set package 'motor_control' build argument 'cmake_clean_cache' from command line to 'False'
[1.740s] Level 5:colcon.colcon_core.verb:set package 'motor_control' build argument 'cmake_clean_first' from command line to 'False'
[1.741s] Level 5:colcon.colcon_core.verb:set package 'motor_control' build argument 'cmake_force_configure' from command line to 'False'
[1.741s] Level 5:colcon.colcon_core.verb:set package 'motor_control' build argument 'ament_cmake_args' from command line to 'None'
[1.741s] Level 5:colcon.colcon_core.verb:set package 'motor_control' build argument 'catkin_cmake_args' from command line to 'None'
[1.741s] Level 5:colcon.colcon_core.verb:set package 'motor_control' build argument 'catkin_skip_building_tests' from command line to 'False'
[1.741s] DEBUG:colcon.colcon_core.verb:Building package 'motor_control' with the following arguments: {'ament_cmake_args': None, 'build_base': '/home/walle/WALL-E/ros2_ws/build/motor_control', 'catkin_cmake_args': None, 'catkin_skip_building_tests': False, 'cmake_args': None, 'cmake_clean_cache': False, 'cmake_clean_first': False, 'cmake_force_configure': False, 'cmake_target': None, 'cmake_target_skip_unavailable': False, 'install_base': '/home/walle/WALL-E/ros2_ws/install/motor_control', 'merge_install': False, 'path': '/home/walle/WALL-E/ros2_ws/src/motor_control', 'symlink_install': False, 'test_result_base': None}
[1.743s] Level 5:colcon.colcon_core.verb:set package 'teleop' build argument 'cmake_args' from command line to 'None'
[1.743s] Level 5:colcon.colcon_core.verb:set package 'teleop' build argument 'cmake_target' from command line to 'None'
[1.743s] Level 5:colcon.colcon_core.verb:set package 'teleop' build argument 'cmake_target_skip_unavailable' from command line to 'False'
[1.743s] Level 5:colcon.colcon_core.verb:set package 'teleop' build argument 'cmake_clean_cache' from command line to 'False'
[1.744s] Level 5:colcon.colcon_core.verb:set package 'teleop' build argument 'cmake_clean_first' from command line to 'False'
[1.744s] Level 5:colcon.colcon_core.verb:set package 'teleop' build argument 'cmake_force_configure' from command line to 'False'
[1.744s] Level 5:colcon.colcon_core.verb:set package 'teleop' build argument 'ament_cmake_args' from command line to 'None'
[1.744s] Level 5:colcon.colcon_core.verb:set package 'teleop' build argument 'catkin_cmake_args' from command line to 'None'
[1.744s] Level 5:colcon.colcon_core.verb:set package 'teleop' build argument 'catkin_skip_building_tests' from command line to 'False'
[1.744s] DEBUG:colcon.colcon_core.verb:Building package 'teleop' with the following arguments: {'ament_cmake_args': None, 'build_base': '/home/walle/WALL-E/ros2_ws/build/teleop', 'catkin_cmake_args': None, 'catkin_skip_building_tests': False, 'cmake_args': None, 'cmake_clean_cache': False, 'cmake_clean_first': False, 'cmake_force_configure': False, 'cmake_target': None, 'cmake_target_skip_unavailable': False, 'install_base': '/home/walle/WALL-E/ros2_ws/install/teleop', 'merge_install': False, 'path': '/home/walle/WALL-E/ros2_ws/src/teleop', 'symlink_install': False, 'test_result_base': None}
[1.745s] INFO:colcon.colcon_core.executor:Executing jobs using 'parallel' executor
[1.750s] DEBUG:colcon.colcon_parallel_executor.executor.parallel:run_until_complete
[1.751s] INFO:colcon.colcon_ros.task.ament_python.build:Building ROS package in '/home/walle/WALL-E/ros2_ws/src/motor_control' with build type 'ament_python'
[1.752s] Level 1:colcon.colcon_core.shell:create_environment_hook('motor_control', 'ament_prefix_path')
[1.763s] INFO:colcon.colcon_core.plugin_system:Skipping extension 'colcon_core.shell.bat': Not used on non-Windows systems
[1.765s] INFO:colcon.colcon_core.shell:Creating environment hook '/home/walle/WALL-E/ros2_ws/install/motor_control/share/motor_control/hook/ament_prefix_path.ps1'
[1.768s] INFO:colcon.colcon_core.shell:Creating environment descriptor '/home/walle/WALL-E/ros2_ws/install/motor_control/share/motor_control/hook/ament_prefix_path.dsv'
[1.771s] INFO:colcon.colcon_core.shell:Creating environment hook '/home/walle/WALL-E/ros2_ws/install/motor_control/share/motor_control/hook/ament_prefix_path.sh'
[1.775s] INFO:colcon.colcon_core.shell:Skip shell extension 'powershell' for command environment: Not usable outside of PowerShell
[1.775s] DEBUG:colcon.colcon_core.shell:Skip shell extension 'dsv' for command environment
[1.808s] INFO:colcon.colcon_ros.task.ament_cmake.build:Building ROS package in '/home/walle/WALL-E/ros2_ws/src/teleop' with build type 'ament_cmake'
[1.809s] INFO:colcon.colcon_cmake.task.cmake.build:Building CMake package in '/home/walle/WALL-E/ros2_ws/src/teleop'
[1.810s] INFO:colcon.colcon_core.shell:Skip shell extension 'powershell' for command environment: Not usable outside of PowerShell
[1.811s] DEBUG:colcon.colcon_core.shell:Skip shell extension 'dsv' for command environment
[3.290s] INFO:colcon.colcon_core.task.python.build:Building Python package in '/home/walle/WALL-E/ros2_ws/src/motor_control'
[3.291s] INFO:colcon.colcon_core.shell:Skip shell extension 'powershell' for command environment: Not usable outside of PowerShell
[3.291s] DEBUG:colcon.colcon_core.shell:Skip shell extension 'dsv' for command environment
[3.335s] DEBUG:colcon.colcon_core.event_handler.log_command:Invoking command in '/home/walle/WALL-E/ros2_ws/build/teleop': CMAKE_PREFIX_PATH=${CMAKE_PREFIX_PATH}:/home/walle/WALL-E/ros2_ws/install/motor_control:/opt/ros/humble /usr/bin/cmake --build /home/walle/WALL-E/ros2_ws/build/teleop -- -j4 -l4
[3.552s] DEBUG:colcon.colcon_core.event_handler.log_command:Invoked command in '/home/walle/WALL-E/ros2_ws/build/teleop' returned '0': CMAKE_PREFIX_PATH=${CMAKE_PREFIX_PATH}:/home/walle/WALL-E/ros2_ws/install/motor_control:/opt/ros/humble /usr/bin/cmake --build /home/walle/WALL-E/ros2_ws/build/teleop -- -j4 -l4
[3.756s] DEBUG:colcon.colcon_core.event_handler.log_command:Invoking command in '/home/walle/WALL-E/ros2_ws/build/teleop': CMAKE_PREFIX_PATH=${CMAKE_PREFIX_PATH}:/home/walle/WALL-E/ros2_ws/install/motor_control:/opt/ros/humble /usr/bin/cmake --install /home/walle/WALL-E/ros2_ws/build/teleop
[3.811s] Level 1:colcon.colcon_core.environment:create_environment_scripts_only(teleop)
[3.819s] DEBUG:colcon.colcon_core.event_handler.log_command:Invoked command in '/home/walle/WALL-E/ros2_ws/build/teleop' returned '0': CMAKE_PREFIX_PATH=${CMAKE_PREFIX_PATH}:/home/walle/WALL-E/ros2_ws/install/motor_control:/opt/ros/humble /usr/bin/cmake --install /home/walle/WALL-E/ros2_ws/build/teleop
[3.830s] Level 1:colcon.colcon_core.environment:checking '/home/walle/WALL-E/ros2_ws/install/teleop' for CMake module files
[3.833s] Level 1:colcon.colcon_core.environment:checking '/home/walle/WALL-E/ros2_ws/install/teleop' for CMake config files
[3.834s] Level 1:colcon.colcon_core.shell:create_environment_hook('teleop', 'cmake_prefix_path')
[3.835s] INFO:colcon.colcon_core.shell:Creating environment hook '/home/walle/WALL-E/ros2_ws/install/teleop/share/teleop/hook/cmake_prefix_path.ps1'
[3.838s] INFO:colcon.colcon_core.shell:Creating environment descriptor '/home/walle/WALL-E/ros2_ws/install/teleop/share/teleop/hook/cmake_prefix_path.dsv'
[3.841s] INFO:colcon.colcon_core.shell:Creating environment hook '/home/walle/WALL-E/ros2_ws/install/teleop/share/teleop/hook/cmake_prefix_path.sh'
[3.845s] Level 1:colcon.colcon_core.environment:checking '/home/walle/WALL-E/ros2_ws/install/teleop/bin'
[3.846s] Level 1:colcon.colcon_core.environment:checking '/home/walle/WALL-E/ros2_ws/install/teleop/lib/pkgconfig/teleop.pc'
[3.847s] Level 1:colcon.colcon_core.environment:checking '/home/walle/WALL-E/ros2_ws/install/teleop/lib/python3.10/site-packages'
[3.848s] Level 1:colcon.colcon_core.environment:checking '/home/walle/WALL-E/ros2_ws/install/teleop/bin'
[3.850s] INFO:colcon.colcon_core.shell:Creating package script '/home/walle/WALL-E/ros2_ws/install/teleop/share/teleop/package.ps1'
[3.855s] INFO:colcon.colcon_core.shell:Creating package descriptor '/home/walle/WALL-E/ros2_ws/install/teleop/share/teleop/package.dsv'
[3.859s] INFO:colcon.colcon_core.shell:Creating package script '/home/walle/WALL-E/ros2_ws/install/teleop/share/teleop/package.sh'
[3.864s] INFO:colcon.colcon_core.shell:Creating package script '/home/walle/WALL-E/ros2_ws/install/teleop/share/teleop/package.bash'
[3.870s] INFO:colcon.colcon_core.shell:Creating package script '/home/walle/WALL-E/ros2_ws/install/teleop/share/teleop/package.zsh'
[3.874s] Level 1:colcon.colcon_core.environment:create_file_with_runtime_dependencies(/home/walle/WALL-E/ros2_ws/install/teleop/share/colcon-core/packages/teleop)
[4.006s] Level 1:colcon.colcon_core.environment:create_environment_scripts_only(teleop)
[4.007s] Level 1:colcon.colcon_core.environment:checking '/home/walle/WALL-E/ros2_ws/install/teleop' for CMake module files
[4.010s] Level 1:colcon.colcon_core.environment:checking '/home/walle/WALL-E/ros2_ws/install/teleop' for CMake config files
[4.012s] Level 1:colcon.colcon_core.shell:create_environment_hook('teleop', 'cmake_prefix_path')
[4.014s] INFO:colcon.colcon_core.shell:Creating environment hook '/home/walle/WALL-E/ros2_ws/install/teleop/share/teleop/hook/cmake_prefix_path.ps1'
[4.016s] INFO:colcon.colcon_core.shell:Creating environment descriptor '/home/walle/WALL-E/ros2_ws/install/teleop/share/teleop/hook/cmake_prefix_path.dsv'
[4.019s] INFO:colcon.colcon_core.shell:Creating environment hook '/home/walle/WALL-E/ros2_ws/install/teleop/share/teleop/hook/cmake_prefix_path.sh'
[4.022s] Level 1:colcon.colcon_core.environment:checking '/home/walle/WALL-E/ros2_ws/install/teleop/bin'
[4.022s] Level 1:colcon.colcon_core.environment:checking '/home/walle/WALL-E/ros2_ws/install/teleop/lib/pkgconfig/teleop.pc'
[4.024s] Level 1:colcon.colcon_core.environment:checking '/home/walle/WALL-E/ros2_ws/install/teleop/lib/python3.10/site-packages'
[4.025s] Level 1:colcon.colcon_core.environment:checking '/home/walle/WALL-E/ros2_ws/install/teleop/bin'
[4.026s] INFO:colcon.colcon_core.shell:Creating package script '/home/walle/WALL-E/ros2_ws/install/teleop/share/teleop/package.ps1'
[4.030s] INFO:colcon.colcon_core.shell:Creating package descriptor '/home/walle/WALL-E/ros2_ws/install/teleop/share/teleop/package.dsv'
[4.033s] INFO:colcon.colcon_core.shell:Creating package script '/home/walle/WALL-E/ros2_ws/install/teleop/share/teleop/package.sh'
[4.036s] INFO:colcon.colcon_core.shell:Creating package script '/home/walle/WALL-E/ros2_ws/install/teleop/share/teleop/package.bash'
[4.039s] INFO:colcon.colcon_core.shell:Creating package script '/home/walle/WALL-E/ros2_ws/install/teleop/share/teleop/package.zsh'
[4.041s] Level 1:colcon.colcon_core.environment:create_file_with_runtime_dependencies(/home/walle/WALL-E/ros2_ws/install/teleop/share/colcon-core/packages/teleop)
[5.299s] DEBUG:colcon.colcon_core.event_handler.log_command:Invoking command in '/home/walle/WALL-E/ros2_ws/src/motor_control': PYTHONPATH=/home/walle/WALL-E/ros2_ws/build/motor_control/prefix_override:/home/walle/.local/lib/python3.10/site-packages/colcon_core/task/python/colcon_distutils_commands:/home/walle/WALL-E/ros2_ws/install/motor_control/lib/python3.10/site-packages:${PYTHONPATH} /usr/bin/python3 -W ignore:setup.py install is deprecated setup.py egg_info --egg-base ../../build/motor_control build --build-base /home/walle/WALL-E/ros2_ws/build/motor_control/build install --record /home/walle/WALL-E/ros2_ws/build/motor_control/install.log --install-scripts $base/lib/motor_control --single-version-externally-managed install_data
[6.929s] Level 1:colcon.colcon_core.environment:checking '/home/walle/WALL-E/ros2_ws/install/motor_control' for CMake module files
[6.931s] DEBUG:colcon.colcon_core.event_handler.log_command:Invoked command in '/home/walle/WALL-E/ros2_ws/src/motor_control' returned '0': PYTHONPATH=/home/walle/WALL-E/ros2_ws/build/motor_control/prefix_override:/home/walle/.local/lib/python3.10/site-packages/colcon_core/task/python/colcon_distutils_commands:/home/walle/WALL-E/ros2_ws/install/motor_control/lib/python3.10/site-packages:${PYTHONPATH} /usr/bin/python3 -W ignore:setup.py install is deprecated setup.py egg_info --egg-base ../../build/motor_control build --build-base /home/walle/WALL-E/ros2_ws/build/motor_control/build install --record /home/walle/WALL-E/ros2_ws/build/motor_control/install.log --install-scripts $base/lib/motor_control --single-version-externally-managed install_data
[6.934s] Level 1:colcon.colcon_core.environment:checking '/home/walle/WALL-E/ros2_ws/install/motor_control' for CMake config files
[6.938s] Level 1:colcon.colcon_core.environment:checking '/home/walle/WALL-E/ros2_ws/install/motor_control/lib'
[6.940s] Level 1:colcon.colcon_core.environment:checking '/home/walle/WALL-E/ros2_ws/install/motor_control/bin'
[6.940s] Level 1:colcon.colcon_core.environment:checking '/home/walle/WALL-E/ros2_ws/install/motor_control/lib/pkgconfig/motor_control.pc'
[6.941s] Level 1:colcon.colcon_core.environment:checking '/home/walle/WALL-E/ros2_ws/install/motor_control/lib/python3.10/site-packages'
[6.942s] Level 1:colcon.colcon_core.shell:create_environment_hook('motor_control', 'pythonpath')
[6.943s] INFO:colcon.colcon_core.shell:Creating environment hook '/home/walle/WALL-E/ros2_ws/install/motor_control/share/motor_control/hook/pythonpath.ps1'
[6.947s] INFO:colcon.colcon_core.shell:Creating environment descriptor '/home/walle/WALL-E/ros2_ws/install/motor_control/share/motor_control/hook/pythonpath.dsv'
[6.950s] INFO:colcon.colcon_core.shell:Creating environment hook '/home/walle/WALL-E/ros2_ws/install/motor_control/share/motor_control/hook/pythonpath.sh'
[6.953s] Level 1:colcon.colcon_core.environment:checking '/home/walle/WALL-E/ros2_ws/install/motor_control/bin'
[6.953s] Level 1:colcon.colcon_core.environment:create_environment_scripts_only(motor_control)
[6.955s] INFO:colcon.colcon_core.shell:Creating package script '/home/walle/WALL-E/ros2_ws/install/motor_control/share/motor_control/package.ps1'
[6.957s] INFO:colcon.colcon_core.shell:Creating package descriptor '/home/walle/WALL-E/ros2_ws/install/motor_control/share/motor_control/package.dsv'
[6.960s] INFO:colcon.colcon_core.shell:Creating package script '/home/walle/WALL-E/ros2_ws/install/motor_control/share/motor_control/package.sh'
[6.963s] INFO:colcon.colcon_core.shell:Creating package script '/home/walle/WALL-E/ros2_ws/install/motor_control/share/motor_control/package.bash'
[6.966s] INFO:colcon.colcon_core.shell:Creating package script '/home/walle/WALL-E/ros2_ws/install/motor_control/share/motor_control/package.zsh'
[6.968s] Level 1:colcon.colcon_core.environment:create_file_with_runtime_dependencies(/home/walle/WALL-E/ros2_ws/install/motor_control/share/colcon-core/packages/motor_control)
[6.969s] DEBUG:colcon.colcon_parallel_executor.executor.parallel:closing loop
[6.971s] DEBUG:colcon.colcon_parallel_executor.executor.parallel:loop closed
[6.971s] DEBUG:colcon.colcon_parallel_executor.executor.parallel:run_until_complete finished with '0'
[6.972s] DEBUG:colcon.colcon_core.event_reactor:joining thread
[7.003s] INFO:colcon.colcon_core.plugin_system:Skipping extension 'colcon_notification.desktop_notification.terminal_notifier': Not used on non-Darwin systems
[7.003s] INFO:colcon.colcon_core.plugin_system:Skipping extension 'colcon_notification.desktop_notification.win32': Not used on non-Windows systems
[7.003s] INFO:colcon.colcon_notification.desktop_notification:Sending desktop notification using 'notify2'
[7.065s] DEBUG:colcon.colcon_core.event_reactor:joined thread
[7.067s] INFO:colcon.colcon_core.shell:Creating prefix script '/home/walle/WALL-E/ros2_ws/install/local_setup.ps1'
[7.073s] INFO:colcon.colcon_core.shell:Creating prefix util module '/home/walle/WALL-E/ros2_ws/install/_local_setup_util_ps1.py'
[7.083s] INFO:colcon.colcon_core.shell:Creating prefix chain script '/home/walle/WALL-E/ros2_ws/install/setup.ps1'
[7.090s] INFO:colcon.colcon_core.shell:Creating prefix script '/home/walle/WALL-E/ros2_ws/install/local_setup.sh'
[7.094s] INFO:colcon.colcon_core.shell:Creating prefix util module '/home/walle/WALL-E/ros2_ws/install/_local_setup_util_sh.py'
[7.098s] INFO:colcon.colcon_core.shell:Creating prefix chain script '/home/walle/WALL-E/ros2_ws/install/setup.sh'
[7.106s] INFO:colcon.colcon_core.shell:Creating prefix script '/home/walle/WALL-E/ros2_ws/install/local_setup.bash'
[7.110s] INFO:colcon.colcon_core.shell:Creating prefix chain script '/home/walle/WALL-E/ros2_ws/install/setup.bash'
[7.118s] INFO:colcon.colcon_core.shell:Creating prefix script '/home/walle/WALL-E/ros2_ws/install/local_setup.zsh'
[7.123s] INFO:colcon.colcon_core.shell:Creating prefix chain script '/home/walle/WALL-E/ros2_ws/install/setup.zsh'
