[0.671s] DEBUG:colcon:Command line arguments: ['/home/walle/.local/bin/colcon', 'build']
[0.671s] DEBUG:colcon:Parsed command line arguments: Namespace(log_base=None, log_level=None, verb_name='build', build_base='build', install_base='install', merge_install=False, symlink_install=False, test_result_base=None, continue_on_error=False, executor='parallel', parallel_workers=4, event_handlers=None, ignore_user_meta=False, metas=['./colcon.meta'], base_paths=['.'], packages_ignore=None, packages_ignore_regex=None, paths=None, packages_up_to=None, packages_up_to_regex=None, packages_above=None, packages_above_and_dependencies=None, packages_above_depth=None, packages_select_by_dep=None, packages_skip_by_dep=None, packages_skip_up_to=None, packages_select_build_failed=False, packages_skip_build_finished=False, packages_select_test_failures=False, packages_skip_test_passed=False, packages_select=None, packages_skip=None, packages_select_regex=None, packages_skip_regex=None, packages_start=None, packages_end=None, cmake_args=None, cmake_target=None, cmake_target_skip_unavailable=False, cmake_clean_cache=False, cmake_clean_first=False, cmake_force_configure=False, ament_cmake_args=None, catkin_cmake_args=None, catkin_skip_building_tests=False, verb_parser=<colcon_defaults.argument_parser.defaults.DefaultArgumentsDecorator object at 0xffffad4b1b10>, verb_extension=<colcon_core.verb.build.BuildVerb object at 0xffffad4b16c0>, main=<bound method BuildVerb.main of <colcon_core.verb.build.BuildVerb object at 0xffffad4b16c0>>)
[1.519s] Level 1:colcon.colcon_core.package_discovery:discover_packages(colcon_meta) check parameters
[1.520s] Level 1:colcon.colcon_core.package_discovery:discover_packages(recursive) check parameters
[1.520s] Level 1:colcon.colcon_core.package_discovery:discover_packages(ignore) check parameters
[1.520s] Level 1:colcon.colcon_core.package_discovery:discover_packages(path) check parameters
[1.520s] Level 1:colcon.colcon_core.package_discovery:discover_packages(colcon_meta) discover
[1.520s] Level 1:colcon.colcon_core.package_discovery:discover_packages(recursive) discover
[1.521s] INFO:colcon.colcon_core.package_discovery:Crawling recursively for packages in '/home/walle/WALL-E/ros2_ws'
[1.521s] Level 1:colcon.colcon_core.package_identification:_identify(.) by extensions ['ignore', 'ignore_ament_install']
[1.522s] Level 1:colcon.colcon_core.package_identification:_identify(.) by extension 'ignore'
[1.522s] Level 1:colcon.colcon_core.package_identification:_identify(.) by extension 'ignore_ament_install'
[1.522s] Level 1:colcon.colcon_core.package_identification:_identify(.) by extensions ['colcon_pkg']
[1.522s] Level 1:colcon.colcon_core.package_identification:_identify(.) by extension 'colcon_pkg'
[1.522s] Level 1:colcon.colcon_core.package_identification:_identify(.) by extensions ['colcon_meta']
[1.523s] Level 1:colcon.colcon_core.package_identification:_identify(.) by extension 'colcon_meta'
[1.523s] Level 1:colcon.colcon_core.package_identification:_identify(.) by extensions ['ros']
[1.523s] Level 1:colcon.colcon_core.package_identification:_identify(.) by extension 'ros'
[1.575s] Level 1:colcon.colcon_core.package_identification:_identify(.) by extensions ['cmake', 'python']
[1.576s] Level 1:colcon.colcon_core.package_identification:_identify(.) by extension 'cmake'
[1.576s] Level 1:colcon.colcon_core.package_identification:_identify(.) by extension 'python'
[1.576s] Level 1:colcon.colcon_core.package_identification:_identify(.) by extensions ['python_setup_py']
[1.576s] Level 1:colcon.colcon_core.package_identification:_identify(.) by extension 'python_setup_py'
[1.577s] Level 1:colcon.colcon_core.package_identification:_identify(build) by extensions ['ignore', 'ignore_ament_install']
[1.577s] Level 1:colcon.colcon_core.package_identification:_identify(build) by extension 'ignore'
[1.578s] Level 1:colcon.colcon_core.package_identification:_identify(build) ignored
[1.579s] Level 1:colcon.colcon_core.package_identification:_identify(install) by extensions ['ignore', 'ignore_ament_install']
[1.579s] Level 1:colcon.colcon_core.package_identification:_identify(install) by extension 'ignore'
[1.579s] Level 1:colcon.colcon_core.package_identification:_identify(install) ignored
[1.580s] Level 1:colcon.colcon_core.package_identification:_identify(log) by extensions ['ignore', 'ignore_ament_install']
[1.580s] Level 1:colcon.colcon_core.package_identification:_identify(log) by extension 'ignore'
[1.581s] Level 1:colcon.colcon_core.package_identification:_identify(log) ignored
[1.581s] Level 1:colcon.colcon_core.package_identification:_identify(src) by extensions ['ignore', 'ignore_ament_install']
[1.582s] Level 1:colcon.colcon_core.package_identification:_identify(src) by extension 'ignore'
[1.582s] Level 1:colcon.colcon_core.package_identification:_identify(src) by extension 'ignore_ament_install'
[1.582s] Level 1:colcon.colcon_core.package_identification:_identify(src) by extensions ['colcon_pkg']
[1.582s] Level 1:colcon.colcon_core.package_identification:_identify(src) by extension 'colcon_pkg'
[1.582s] Level 1:colcon.colcon_core.package_identification:_identify(src) by extensions ['colcon_meta']
[1.583s] Level 1:colcon.colcon_core.package_identification:_identify(src) by extension 'colcon_meta'
[1.583s] Level 1:colcon.colcon_core.package_identification:_identify(src) by extensions ['ros']
[1.583s] Level 1:colcon.colcon_core.package_identification:_identify(src) by extension 'ros'
[1.583s] Level 1:colcon.colcon_core.package_identification:_identify(src) by extensions ['cmake', 'python']
[1.584s] Level 1:colcon.colcon_core.package_identification:_identify(src) by extension 'cmake'
[1.584s] Level 1:colcon.colcon_core.package_identification:_identify(src) by extension 'python'
[1.584s] Level 1:colcon.colcon_core.package_identification:_identify(src) by extensions ['python_setup_py']
[1.584s] Level 1:colcon.colcon_core.package_identification:_identify(src) by extension 'python_setup_py'
[1.585s] Level 1:colcon.colcon_core.package_identification:_identify(src/motor_control) by extensions ['ignore', 'ignore_ament_install']
[1.585s] Level 1:colcon.colcon_core.package_identification:_identify(src/motor_control) by extension 'ignore'
[1.585s] Level 1:colcon.colcon_core.package_identification:_identify(src/motor_control) by extension 'ignore_ament_install'
[1.586s] Level 1:colcon.colcon_core.package_identification:_identify(src/motor_control) by extensions ['colcon_pkg']
[1.586s] Level 1:colcon.colcon_core.package_identification:_identify(src/motor_control) by extension 'colcon_pkg'
[1.586s] Level 1:colcon.colcon_core.package_identification:_identify(src/motor_control) by extensions ['colcon_meta']
[1.586s] Level 1:colcon.colcon_core.package_identification:_identify(src/motor_control) by extension 'colcon_meta'
[1.586s] Level 1:colcon.colcon_core.package_identification:_identify(src/motor_control) by extensions ['ros']
[1.586s] Level 1:colcon.colcon_core.package_identification:_identify(src/motor_control) by extension 'ros'
[1.598s] DEBUG:colcon.colcon_core.package_identification:Package 'src/motor_control' with type 'ros.ament_python' and name 'motor_control'
[1.599s] Level 1:colcon.colcon_core.package_identification:_identify(src/teleop) by extensions ['ignore', 'ignore_ament_install']
[1.599s] Level 1:colcon.colcon_core.package_identification:_identify(src/teleop) by extension 'ignore'
[1.599s] Level 1:colcon.colcon_core.package_identification:_identify(src/teleop) by extension 'ignore_ament_install'
[1.600s] Level 1:colcon.colcon_core.package_identification:_identify(src/teleop) by extensions ['colcon_pkg']
[1.600s] Level 1:colcon.colcon_core.package_identification:_identify(src/teleop) by extension 'colcon_pkg'
[1.600s] Level 1:colcon.colcon_core.package_identification:_identify(src/teleop) by extensions ['colcon_meta']
[1.600s] Level 1:colcon.colcon_core.package_identification:_identify(src/teleop) by extension 'colcon_meta'
[1.601s] Level 1:colcon.colcon_core.package_identification:_identify(src/teleop) by extensions ['ros']
[1.601s] Level 1:colcon.colcon_core.package_identification:_identify(src/teleop) by extension 'ros'
[1.605s] DEBUG:colcon.colcon_core.package_identification:Package 'src/teleop' with type 'ros.ament_cmake' and name 'teleop'
[1.605s] Level 1:colcon.colcon_core.package_discovery:discover_packages(recursive) using defaults
[1.605s] Level 1:colcon.colcon_core.package_discovery:discover_packages(ignore) discover
[1.605s] Level 1:colcon.colcon_core.package_discovery:discover_packages(ignore) using defaults
[1.606s] Level 1:colcon.colcon_core.package_discovery:discover_packages(path) discover
[1.606s] Level 1:colcon.colcon_core.package_discovery:discover_packages(path) using defaults
[1.705s] Level 5:colcon.colcon_core.verb:set package 'motor_control' build argument 'cmake_args' from command line to 'None'
[1.705s] Level 5:colcon.colcon_core.verb:set package 'motor_control' build argument 'cmake_target' from command line to 'None'
[1.705s] Level 5:colcon.colcon_core.verb:set package 'motor_control' build argument 'cmake_target_skip_unavailable' from command line to 'False'
[1.706s] Level 5:colcon.colcon_core.verb:set package 'motor_control' build argument 'cmake_clean_cache' from command line to 'False'
[1.706s] Level 5:colcon.colcon_core.verb:set package 'motor_control' build argument 'cmake_clean_first' from command line to 'False'
[1.706s] Level 5:colcon.colcon_core.verb:set package 'motor_control' build argument 'cmake_force_configure' from command line to 'False'
[1.706s] Level 5:colcon.colcon_core.verb:set package 'motor_control' build argument 'ament_cmake_args' from command line to 'None'
[1.706s] Level 5:colcon.colcon_core.verb:set package 'motor_control' build argument 'catkin_cmake_args' from command line to 'None'
[1.706s] Level 5:colcon.colcon_core.verb:set package 'motor_control' build argument 'catkin_skip_building_tests' from command line to 'False'
[1.707s] DEBUG:colcon.colcon_core.verb:Building package 'motor_control' with the following arguments: {'ament_cmake_args': None, 'build_base': '/home/walle/WALL-E/ros2_ws/build/motor_control', 'catkin_cmake_args': None, 'catkin_skip_building_tests': False, 'cmake_args': None, 'cmake_clean_cache': False, 'cmake_clean_first': False, 'cmake_force_configure': False, 'cmake_target': None, 'cmake_target_skip_unavailable': False, 'install_base': '/home/walle/WALL-E/ros2_ws/install/motor_control', 'merge_install': False, 'path': '/home/walle/WALL-E/ros2_ws/src/motor_control', 'symlink_install': False, 'test_result_base': None}
[1.708s] Level 5:colcon.colcon_core.verb:set package 'teleop' build argument 'cmake_args' from command line to 'None'
[1.709s] Level 5:colcon.colcon_core.verb:set package 'teleop' build argument 'cmake_target' from command line to 'None'
[1.709s] Level 5:colcon.colcon_core.verb:set package 'teleop' build argument 'cmake_target_skip_unavailable' from command line to 'False'
[1.709s] Level 5:colcon.colcon_core.verb:set package 'teleop' build argument 'cmake_clean_cache' from command line to 'False'
[1.709s] Level 5:colcon.colcon_core.verb:set package 'teleop' build argument 'cmake_clean_first' from command line to 'False'
[1.709s] Level 5:colcon.colcon_core.verb:set package 'teleop' build argument 'cmake_force_configure' from command line to 'False'
[1.709s] Level 5:colcon.colcon_core.verb:set package 'teleop' build argument 'ament_cmake_args' from command line to 'None'
[1.709s] Level 5:colcon.colcon_core.verb:set package 'teleop' build argument 'catkin_cmake_args' from command line to 'None'
[1.709s] Level 5:colcon.colcon_core.verb:set package 'teleop' build argument 'catkin_skip_building_tests' from command line to 'False'
[1.710s] DEBUG:colcon.colcon_core.verb:Building package 'teleop' with the following arguments: {'ament_cmake_args': None, 'build_base': '/home/walle/WALL-E/ros2_ws/build/teleop', 'catkin_cmake_args': None, 'catkin_skip_building_tests': False, 'cmake_args': None, 'cmake_clean_cache': False, 'cmake_clean_first': False, 'cmake_force_configure': False, 'cmake_target': None, 'cmake_target_skip_unavailable': False, 'install_base': '/home/walle/WALL-E/ros2_ws/install/teleop', 'merge_install': False, 'path': '/home/walle/WALL-E/ros2_ws/src/teleop', 'symlink_install': False, 'test_result_base': None}
[1.710s] INFO:colcon.colcon_core.executor:Executing jobs using 'parallel' executor
[1.715s] DEBUG:colcon.colcon_parallel_executor.executor.parallel:run_until_complete
[1.716s] INFO:colcon.colcon_ros.task.ament_python.build:Building ROS package in '/home/walle/WALL-E/ros2_ws/src/motor_control' with build type 'ament_python'
[1.717s] Level 1:colcon.colcon_core.shell:create_environment_hook('motor_control', 'ament_prefix_path')
[1.728s] INFO:colcon.colcon_core.plugin_system:Skipping extension 'colcon_core.shell.bat': Not used on non-Windows systems
[1.729s] INFO:colcon.colcon_core.shell:Creating environment hook '/home/walle/WALL-E/ros2_ws/install/motor_control/share/motor_control/hook/ament_prefix_path.ps1'
[1.732s] INFO:colcon.colcon_core.shell:Creating environment descriptor '/home/walle/WALL-E/ros2_ws/install/motor_control/share/motor_control/hook/ament_prefix_path.dsv'
[1.735s] INFO:colcon.colcon_core.shell:Creating environment hook '/home/walle/WALL-E/ros2_ws/install/motor_control/share/motor_control/hook/ament_prefix_path.sh'
[1.739s] INFO:colcon.colcon_core.shell:Skip shell extension 'powershell' for command environment: Not usable outside of PowerShell
[1.739s] DEBUG:colcon.colcon_core.shell:Skip shell extension 'dsv' for command environment
[1.771s] INFO:colcon.colcon_ros.task.ament_cmake.build:Building ROS package in '/home/walle/WALL-E/ros2_ws/src/teleop' with build type 'ament_cmake'
[1.772s] INFO:colcon.colcon_cmake.task.cmake.build:Building CMake package in '/home/walle/WALL-E/ros2_ws/src/teleop'
[1.773s] INFO:colcon.colcon_core.shell:Skip shell extension 'powershell' for command environment: Not usable outside of PowerShell
[1.773s] DEBUG:colcon.colcon_core.shell:Skip shell extension 'dsv' for command environment
[3.250s] INFO:colcon.colcon_core.task.python.build:Building Python package in '/home/walle/WALL-E/ros2_ws/src/motor_control'
[3.251s] INFO:colcon.colcon_core.shell:Skip shell extension 'powershell' for command environment: Not usable outside of PowerShell
[3.251s] DEBUG:colcon.colcon_core.shell:Skip shell extension 'dsv' for command environment
[3.306s] DEBUG:colcon.colcon_core.event_handler.log_command:Invoking command in '/home/walle/WALL-E/ros2_ws/build/teleop': CMAKE_PREFIX_PATH=${CMAKE_PREFIX_PATH}:/home/walle/WALL-E/ros2_ws/install/motor_control:/opt/ros/humble /usr/bin/cmake --build /home/walle/WALL-E/ros2_ws/build/teleop -- -j4 -l4
[3.517s] DEBUG:colcon.colcon_core.event_handler.log_command:Invoked command in '/home/walle/WALL-E/ros2_ws/build/teleop' returned '0': CMAKE_PREFIX_PATH=${CMAKE_PREFIX_PATH}:/home/walle/WALL-E/ros2_ws/install/motor_control:/opt/ros/humble /usr/bin/cmake --build /home/walle/WALL-E/ros2_ws/build/teleop -- -j4 -l4
[3.705s] DEBUG:colcon.colcon_core.event_handler.log_command:Invoking command in '/home/walle/WALL-E/ros2_ws/build/teleop': CMAKE_PREFIX_PATH=${CMAKE_PREFIX_PATH}:/home/walle/WALL-E/ros2_ws/install/motor_control:/opt/ros/humble /usr/bin/cmake --install /home/walle/WALL-E/ros2_ws/build/teleop
[3.755s] Level 1:colcon.colcon_core.environment:create_environment_scripts_only(teleop)
[3.757s] DEBUG:colcon.colcon_core.event_handler.log_command:Invoked command in '/home/walle/WALL-E/ros2_ws/build/teleop' returned '0': CMAKE_PREFIX_PATH=${CMAKE_PREFIX_PATH}:/home/walle/WALL-E/ros2_ws/install/motor_control:/opt/ros/humble /usr/bin/cmake --install /home/walle/WALL-E/ros2_ws/build/teleop
[3.773s] Level 1:colcon.colcon_core.environment:checking '/home/walle/WALL-E/ros2_ws/install/teleop' for CMake module files
[3.777s] Level 1:colcon.colcon_core.environment:checking '/home/walle/WALL-E/ros2_ws/install/teleop' for CMake config files
[3.778s] Level 1:colcon.colcon_core.shell:create_environment_hook('teleop', 'cmake_prefix_path')
[3.779s] INFO:colcon.colcon_core.shell:Creating environment hook '/home/walle/WALL-E/ros2_ws/install/teleop/share/teleop/hook/cmake_prefix_path.ps1'
[3.783s] INFO:colcon.colcon_core.shell:Creating environment descriptor '/home/walle/WALL-E/ros2_ws/install/teleop/share/teleop/hook/cmake_prefix_path.dsv'
[3.786s] INFO:colcon.colcon_core.shell:Creating environment hook '/home/walle/WALL-E/ros2_ws/install/teleop/share/teleop/hook/cmake_prefix_path.sh'
[3.790s] Level 1:colcon.colcon_core.environment:checking '/home/walle/WALL-E/ros2_ws/install/teleop/bin'
[3.791s] Level 1:colcon.colcon_core.environment:checking '/home/walle/WALL-E/ros2_ws/install/teleop/lib/pkgconfig/teleop.pc'
[3.792s] Level 1:colcon.colcon_core.environment:checking '/home/walle/WALL-E/ros2_ws/install/teleop/lib/python3.10/site-packages'
[3.793s] Level 1:colcon.colcon_core.environment:checking '/home/walle/WALL-E/ros2_ws/install/teleop/bin'
[3.795s] INFO:colcon.colcon_core.shell:Creating package script '/home/walle/WALL-E/ros2_ws/install/teleop/share/teleop/package.ps1'
[3.799s] INFO:colcon.colcon_core.shell:Creating package descriptor '/home/walle/WALL-E/ros2_ws/install/teleop/share/teleop/package.dsv'
[3.803s] INFO:colcon.colcon_core.shell:Creating package script '/home/walle/WALL-E/ros2_ws/install/teleop/share/teleop/package.sh'
[3.807s] INFO:colcon.colcon_core.shell:Creating package script '/home/walle/WALL-E/ros2_ws/install/teleop/share/teleop/package.bash'
[3.812s] INFO:colcon.colcon_core.shell:Creating package script '/home/walle/WALL-E/ros2_ws/install/teleop/share/teleop/package.zsh'
[3.816s] Level 1:colcon.colcon_core.environment:create_file_with_runtime_dependencies(/home/walle/WALL-E/ros2_ws/install/teleop/share/colcon-core/packages/teleop)
[3.948s] Level 1:colcon.colcon_core.environment:create_environment_scripts_only(teleop)
[3.949s] Level 1:colcon.colcon_core.environment:checking '/home/walle/WALL-E/ros2_ws/install/teleop' for CMake module files
[3.952s] Level 1:colcon.colcon_core.environment:checking '/home/walle/WALL-E/ros2_ws/install/teleop' for CMake config files
[3.953s] Level 1:colcon.colcon_core.shell:create_environment_hook('teleop', 'cmake_prefix_path')
[3.955s] INFO:colcon.colcon_core.shell:Creating environment hook '/home/walle/WALL-E/ros2_ws/install/teleop/share/teleop/hook/cmake_prefix_path.ps1'
[3.957s] INFO:colcon.colcon_core.shell:Creating environment descriptor '/home/walle/WALL-E/ros2_ws/install/teleop/share/teleop/hook/cmake_prefix_path.dsv'
[3.959s] INFO:colcon.colcon_core.shell:Creating environment hook '/home/walle/WALL-E/ros2_ws/install/teleop/share/teleop/hook/cmake_prefix_path.sh'
[3.963s] Level 1:colcon.colcon_core.environment:checking '/home/walle/WALL-E/ros2_ws/install/teleop/bin'
[3.964s] Level 1:colcon.colcon_core.environment:checking '/home/walle/WALL-E/ros2_ws/install/teleop/lib/pkgconfig/teleop.pc'
[3.966s] Level 1:colcon.colcon_core.environment:checking '/home/walle/WALL-E/ros2_ws/install/teleop/lib/python3.10/site-packages'
[3.968s] Level 1:colcon.colcon_core.environment:checking '/home/walle/WALL-E/ros2_ws/install/teleop/bin'
[3.970s] INFO:colcon.colcon_core.shell:Creating package script '/home/walle/WALL-E/ros2_ws/install/teleop/share/teleop/package.ps1'
[3.973s] INFO:colcon.colcon_core.shell:Creating package descriptor '/home/walle/WALL-E/ros2_ws/install/teleop/share/teleop/package.dsv'
[3.976s] INFO:colcon.colcon_core.shell:Creating package script '/home/walle/WALL-E/ros2_ws/install/teleop/share/teleop/package.sh'
[3.979s] INFO:colcon.colcon_core.shell:Creating package script '/home/walle/WALL-E/ros2_ws/install/teleop/share/teleop/package.bash'
[3.983s] INFO:colcon.colcon_core.shell:Creating package script '/home/walle/WALL-E/ros2_ws/install/teleop/share/teleop/package.zsh'
[3.986s] Level 1:colcon.colcon_core.environment:create_file_with_runtime_dependencies(/home/walle/WALL-E/ros2_ws/install/teleop/share/colcon-core/packages/teleop)
[5.203s] DEBUG:colcon.colcon_core.event_handler.log_command:Invoking command in '/home/walle/WALL-E/ros2_ws/src/motor_control': PYTHONPATH=/home/walle/WALL-E/ros2_ws/build/motor_control/prefix_override:/home/walle/.local/lib/python3.10/site-packages/colcon_core/task/python/colcon_distutils_commands:/home/walle/WALL-E/ros2_ws/install/motor_control/lib/python3.10/site-packages:${PYTHONPATH} /usr/bin/python3 -W ignore:setup.py install is deprecated setup.py egg_info --egg-base ../../build/motor_control build --build-base /home/walle/WALL-E/ros2_ws/build/motor_control/build install --record /home/walle/WALL-E/ros2_ws/build/motor_control/install.log --install-scripts $base/lib/motor_control --single-version-externally-managed install_data
[6.808s] Level 1:colcon.colcon_core.environment:checking '/home/walle/WALL-E/ros2_ws/install/motor_control' for CMake module files
[6.810s] DEBUG:colcon.colcon_core.event_handler.log_command:Invoked command in '/home/walle/WALL-E/ros2_ws/src/motor_control' returned '0': PYTHONPATH=/home/walle/WALL-E/ros2_ws/build/motor_control/prefix_override:/home/walle/.local/lib/python3.10/site-packages/colcon_core/task/python/colcon_distutils_commands:/home/walle/WALL-E/ros2_ws/install/motor_control/lib/python3.10/site-packages:${PYTHONPATH} /usr/bin/python3 -W ignore:setup.py install is deprecated setup.py egg_info --egg-base ../../build/motor_control build --build-base /home/walle/WALL-E/ros2_ws/build/motor_control/build install --record /home/walle/WALL-E/ros2_ws/build/motor_control/install.log --install-scripts $base/lib/motor_control --single-version-externally-managed install_data
[6.812s] Level 1:colcon.colcon_core.environment:checking '/home/walle/WALL-E/ros2_ws/install/motor_control' for CMake config files
[6.817s] Level 1:colcon.colcon_core.environment:checking '/home/walle/WALL-E/ros2_ws/install/motor_control/lib'
[6.818s] Level 1:colcon.colcon_core.environment:checking '/home/walle/WALL-E/ros2_ws/install/motor_control/bin'
[6.818s] Level 1:colcon.colcon_core.environment:checking '/home/walle/WALL-E/ros2_ws/install/motor_control/lib/pkgconfig/motor_control.pc'
[6.819s] Level 1:colcon.colcon_core.environment:checking '/home/walle/WALL-E/ros2_ws/install/motor_control/lib/python3.10/site-packages'
[6.820s] Level 1:colcon.colcon_core.shell:create_environment_hook('motor_control', 'pythonpath')
[6.821s] INFO:colcon.colcon_core.shell:Creating environment hook '/home/walle/WALL-E/ros2_ws/install/motor_control/share/motor_control/hook/pythonpath.ps1'
[6.823s] INFO:colcon.colcon_core.shell:Creating environment descriptor '/home/walle/WALL-E/ros2_ws/install/motor_control/share/motor_control/hook/pythonpath.dsv'
[6.826s] INFO:colcon.colcon_core.shell:Creating environment hook '/home/walle/WALL-E/ros2_ws/install/motor_control/share/motor_control/hook/pythonpath.sh'
[6.829s] Level 1:colcon.colcon_core.environment:checking '/home/walle/WALL-E/ros2_ws/install/motor_control/bin'
[6.829s] Level 1:colcon.colcon_core.environment:create_environment_scripts_only(motor_control)
[6.831s] INFO:colcon.colcon_core.shell:Creating package script '/home/walle/WALL-E/ros2_ws/install/motor_control/share/motor_control/package.ps1'
[6.834s] INFO:colcon.colcon_core.shell:Creating package descriptor '/home/walle/WALL-E/ros2_ws/install/motor_control/share/motor_control/package.dsv'
[6.837s] INFO:colcon.colcon_core.shell:Creating package script '/home/walle/WALL-E/ros2_ws/install/motor_control/share/motor_control/package.sh'
[6.839s] INFO:colcon.colcon_core.shell:Creating package script '/home/walle/WALL-E/ros2_ws/install/motor_control/share/motor_control/package.bash'
[6.841s] INFO:colcon.colcon_core.shell:Creating package script '/home/walle/WALL-E/ros2_ws/install/motor_control/share/motor_control/package.zsh'
[6.844s] Level 1:colcon.colcon_core.environment:create_file_with_runtime_dependencies(/home/walle/WALL-E/ros2_ws/install/motor_control/share/colcon-core/packages/motor_control)
[6.845s] DEBUG:colcon.colcon_parallel_executor.executor.parallel:closing loop
[6.846s] DEBUG:colcon.colcon_parallel_executor.executor.parallel:loop closed
[6.848s] DEBUG:colcon.colcon_parallel_executor.executor.parallel:run_until_complete finished with '0'
[6.848s] DEBUG:colcon.colcon_core.event_reactor:joining thread
[6.874s] INFO:colcon.colcon_core.plugin_system:Skipping extension 'colcon_notification.desktop_notification.terminal_notifier': Not used on non-Darwin systems
[6.874s] INFO:colcon.colcon_core.plugin_system:Skipping extension 'colcon_notification.desktop_notification.win32': Not used on non-Windows systems
[6.875s] INFO:colcon.colcon_notification.desktop_notification:Sending desktop notification using 'notify2'
[6.938s] DEBUG:colcon.colcon_core.event_reactor:joined thread
[6.939s] INFO:colcon.colcon_core.shell:Creating prefix script '/home/walle/WALL-E/ros2_ws/install/local_setup.ps1'
[6.944s] INFO:colcon.colcon_core.shell:Creating prefix util module '/home/walle/WALL-E/ros2_ws/install/_local_setup_util_ps1.py'
[6.953s] INFO:colcon.colcon_core.shell:Creating prefix chain script '/home/walle/WALL-E/ros2_ws/install/setup.ps1'
[6.960s] INFO:colcon.colcon_core.shell:Creating prefix script '/home/walle/WALL-E/ros2_ws/install/local_setup.sh'
[6.964s] INFO:colcon.colcon_core.shell:Creating prefix util module '/home/walle/WALL-E/ros2_ws/install/_local_setup_util_sh.py'
[6.968s] INFO:colcon.colcon_core.shell:Creating prefix chain script '/home/walle/WALL-E/ros2_ws/install/setup.sh'
[6.975s] INFO:colcon.colcon_core.shell:Creating prefix script '/home/walle/WALL-E/ros2_ws/install/local_setup.bash'
[6.978s] INFO:colcon.colcon_core.shell:Creating prefix chain script '/home/walle/WALL-E/ros2_ws/install/setup.bash'
[6.987s] INFO:colcon.colcon_core.shell:Creating prefix script '/home/walle/WALL-E/ros2_ws/install/local_setup.zsh'
[6.990s] INFO:colcon.colcon_core.shell:Creating prefix chain script '/home/walle/WALL-E/ros2_ws/install/setup.zsh'
