[0.573s] Invoking command in '/home/ndev/WALL-E/ros2_ws/src/motor_control': CONDA_PROMPT_MODIFIER=(base) PYTHONPATH=/home/ndev/WALL-E/ros2_ws/build/motor_control/prefix_override:/usr/lib/python3/dist-packages/colcon_core/task/python/colcon_distutils_commands:/home/ndev/WALL-E/ros2_ws/install/motor_control/lib/python3.8/site-packages:${PYTHONPATH} /usr/bin/python3 -W ignore:setup.py install is deprecated setup.py egg_info --egg-base ../../build/motor_control build --build-base /home/ndev/WALL-E/ros2_ws/build/motor_control/build install --record /home/ndev/WALL-E/ros2_ws/build/motor_control/install.log --install-scripts $base/lib/motor_control --single-version-externally-managed install_data
[0.735s] running egg_info
[0.735s] writing ../../build/motor_control/motor_control.egg-info/PKG-INFO
[0.744s] writing dependency_links to ../../build/motor_control/motor_control.egg-info/dependency_links.txt
[0.744s] writing entry points to ../../build/motor_control/motor_control.egg-info/entry_points.txt
[0.744s] writing requirements to ../../build/motor_control/motor_control.egg-info/requires.txt
[0.744s] writing top-level names to ../../build/motor_control/motor_control.egg-info/top_level.txt
[0.776s] reading manifest file '../../build/motor_control/motor_control.egg-info/SOURCES.txt'
[0.777s] writing manifest file '../../build/motor_control/motor_control.egg-info/SOURCES.txt'
[0.777s] running build
[0.777s] running build_py
[0.777s] copying motor_control/motor_control_node.py -> /home/ndev/WALL-E/ros2_ws/build/motor_control/build/lib/motor_control
[0.777s] copying motor_control/motor_test.py -> /home/ndev/WALL-E/ros2_ws/build/motor_control/build/lib/motor_control
[0.778s] running install
[0.778s] running install_lib
[0.779s] copying /home/ndev/WALL-E/ros2_ws/build/motor_control/build/lib/motor_control/motor_control_node.py -> /home/ndev/WALL-E/ros2_ws/install/motor_control/lib/python3.8/site-packages/motor_control
[0.779s] copying /home/ndev/WALL-E/ros2_ws/build/motor_control/build/lib/motor_control/motor_test.py -> /home/ndev/WALL-E/ros2_ws/install/motor_control/lib/python3.8/site-packages/motor_control
[0.780s] byte-compiling /home/ndev/WALL-E/ros2_ws/install/motor_control/lib/python3.8/site-packages/motor_control/motor_control_node.py to motor_control_node.cpython-38.pyc
[0.781s] byte-compiling /home/ndev/WALL-E/ros2_ws/install/motor_control/lib/python3.8/site-packages/motor_control/motor_test.py to motor_test.cpython-38.pyc
[0.781s] running install_data
[0.781s] creating /home/ndev/WALL-E/ros2_ws/install/motor_control/share/motor_control/launch
[0.782s] copying launch/motor_launch.py -> /home/ndev/WALL-E/ros2_ws/install/motor_control/share/motor_control/launch
[0.782s] running install_egg_info
[0.783s] removing '/home/ndev/WALL-E/ros2_ws/install/motor_control/lib/python3.8/site-packages/motor_control-0.0.0-py3.8.egg-info' (and everything under it)
[0.783s] Copying ../../build/motor_control/motor_control.egg-info to /home/ndev/WALL-E/ros2_ws/install/motor_control/lib/python3.8/site-packages/motor_control-0.0.0-py3.8.egg-info
[0.784s] running install_scripts
[0.796s] Installing motor_control_node script to /home/ndev/WALL-E/ros2_ws/install/motor_control/lib/motor_control
[0.796s] writing list of installed files to '/home/ndev/WALL-E/ros2_ws/build/motor_control/install.log'
[0.814s] Invoked command in '/home/ndev/WALL-E/ros2_ws/src/motor_control' returned '0': CONDA_PROMPT_MODIFIER=(base) PYTHONPATH=/home/ndev/WALL-E/ros2_ws/build/motor_control/prefix_override:/usr/lib/python3/dist-packages/colcon_core/task/python/colcon_distutils_commands:/home/ndev/WALL-E/ros2_ws/install/motor_control/lib/python3.8/site-packages:${PYTHONPATH} /usr/bin/python3 -W ignore:setup.py install is deprecated setup.py egg_info --egg-base ../../build/motor_control build --build-base /home/ndev/WALL-E/ros2_ws/build/motor_control/build install --record /home/ndev/WALL-E/ros2_ws/build/motor_control/install.log --install-scripts $base/lib/motor_control --single-version-externally-managed install_data
