[0.700s] DEBUG:colcon:Command line arguments: ['/home/walle/.local/bin/colcon', 'build']
[0.700s] DEBUG:colcon:Parsed command line arguments: Namespace(log_base=None, log_level=None, verb_name='build', build_base='build', install_base='install', merge_install=False, symlink_install=False, test_result_base=None, continue_on_error=False, executor='parallel', parallel_workers=4, event_handlers=None, ignore_user_meta=False, metas=['./colcon.meta'], base_paths=['.'], packages_ignore=None, packages_ignore_regex=None, paths=None, packages_up_to=None, packages_up_to_regex=None, packages_above=None, packages_above_and_dependencies=None, packages_above_depth=None, packages_select_by_dep=None, packages_skip_by_dep=None, packages_skip_up_to=None, packages_select_build_failed=False, packages_skip_build_finished=False, packages_select_test_failures=False, packages_skip_test_passed=False, packages_select=None, packages_skip=None, packages_select_regex=None, packages_skip_regex=None, packages_start=None, packages_end=None, cmake_args=None, cmake_target=None, cmake_target_skip_unavailable=False, cmake_clean_cache=False, cmake_clean_first=False, cmake_force_configure=False, ament_cmake_args=None, catkin_cmake_args=None, catkin_skip_building_tests=False, verb_parser=<colcon_defaults.argument_parser.defaults.DefaultArgumentsDecorator object at 0xffff82061b10>, verb_extension=<colcon_core.verb.build.BuildVerb object at 0xffff820616c0>, main=<bound method BuildVerb.main of <colcon_core.verb.build.BuildVerb object at 0xffff820616c0>>)
[1.666s] Level 1:colcon.colcon_core.package_discovery:discover_packages(colcon_meta) check parameters
[1.666s] Level 1:colcon.colcon_core.package_discovery:discover_packages(recursive) check parameters
[1.667s] Level 1:colcon.colcon_core.package_discovery:discover_packages(ignore) check parameters
[1.667s] Level 1:colcon.colcon_core.package_discovery:discover_packages(path) check parameters
[1.667s] Level 1:colcon.colcon_core.package_discovery:discover_packages(colcon_meta) discover
[1.667s] Level 1:colcon.colcon_core.package_discovery:discover_packages(recursive) discover
[1.667s] INFO:colcon.colcon_core.package_discovery:Crawling recursively for packages in '/home/walle/WALL-E/ros2_ws'
[1.668s] Level 1:colcon.colcon_core.package_identification:_identify(.) by extensions ['ignore', 'ignore_ament_install']
[1.668s] Level 1:colcon.colcon_core.package_identification:_identify(.) by extension 'ignore'
[1.669s] Level 1:colcon.colcon_core.package_identification:_identify(.) by extension 'ignore_ament_install'
[1.669s] Level 1:colcon.colcon_core.package_identification:_identify(.) by extensions ['colcon_pkg']
[1.669s] Level 1:colcon.colcon_core.package_identification:_identify(.) by extension 'colcon_pkg'
[1.669s] Level 1:colcon.colcon_core.package_identification:_identify(.) by extensions ['colcon_meta']
[1.669s] Level 1:colcon.colcon_core.package_identification:_identify(.) by extension 'colcon_meta'
[1.670s] Level 1:colcon.colcon_core.package_identification:_identify(.) by extensions ['ros']
[1.670s] Level 1:colcon.colcon_core.package_identification:_identify(.) by extension 'ros'
[1.724s] Level 1:colcon.colcon_core.package_identification:_identify(.) by extensions ['cmake', 'python']
[1.724s] Level 1:colcon.colcon_core.package_identification:_identify(.) by extension 'cmake'
[1.725s] Level 1:colcon.colcon_core.package_identification:_identify(.) by extension 'python'
[1.725s] Level 1:colcon.colcon_core.package_identification:_identify(.) by extensions ['python_setup_py']
[1.726s] Level 1:colcon.colcon_core.package_identification:_identify(.) by extension 'python_setup_py'
[1.727s] Level 1:colcon.colcon_core.package_identification:_identify(build) by extensions ['ignore', 'ignore_ament_install']
[1.727s] Level 1:colcon.colcon_core.package_identification:_identify(build) by extension 'ignore'
[1.728s] Level 1:colcon.colcon_core.package_identification:_identify(build) ignored
[1.729s] Level 1:colcon.colcon_core.package_identification:_identify(install) by extensions ['ignore', 'ignore_ament_install']
[1.730s] Level 1:colcon.colcon_core.package_identification:_identify(install) by extension 'ignore'
[1.730s] Level 1:colcon.colcon_core.package_identification:_identify(install) ignored
[1.731s] Level 1:colcon.colcon_core.package_identification:_identify(log) by extensions ['ignore', 'ignore_ament_install']
[1.731s] Level 1:colcon.colcon_core.package_identification:_identify(log) by extension 'ignore'
[1.732s] Level 1:colcon.colcon_core.package_identification:_identify(log) ignored
[1.733s] Level 1:colcon.colcon_core.package_identification:_identify(src) by extensions ['ignore', 'ignore_ament_install']
[1.733s] Level 1:colcon.colcon_core.package_identification:_identify(src) by extension 'ignore'
[1.734s] Level 1:colcon.colcon_core.package_identification:_identify(src) by extension 'ignore_ament_install'
[1.734s] Level 1:colcon.colcon_core.package_identification:_identify(src) by extensions ['colcon_pkg']
[1.735s] Level 1:colcon.colcon_core.package_identification:_identify(src) by extension 'colcon_pkg'
[1.735s] Level 1:colcon.colcon_core.package_identification:_identify(src) by extensions ['colcon_meta']
[1.736s] Level 1:colcon.colcon_core.package_identification:_identify(src) by extension 'colcon_meta'
[1.736s] Level 1:colcon.colcon_core.package_identification:_identify(src) by extensions ['ros']
[1.736s] Level 1:colcon.colcon_core.package_identification:_identify(src) by extension 'ros'
[1.737s] Level 1:colcon.colcon_core.package_identification:_identify(src) by extensions ['cmake', 'python']
[1.738s] Level 1:colcon.colcon_core.package_identification:_identify(src) by extension 'cmake'
[1.738s] Level 1:colcon.colcon_core.package_identification:_identify(src) by extension 'python'
[1.739s] Level 1:colcon.colcon_core.package_identification:_identify(src) by extensions ['python_setup_py']
[1.739s] Level 1:colcon.colcon_core.package_identification:_identify(src) by extension 'python_setup_py'
[1.740s] Level 1:colcon.colcon_core.package_identification:_identify(src/motor_control) by extensions ['ignore', 'ignore_ament_install']
[1.741s] Level 1:colcon.colcon_core.package_identification:_identify(src/motor_control) by extension 'ignore'
[1.741s] Level 1:colcon.colcon_core.package_identification:_identify(src/motor_control) by extension 'ignore_ament_install'
[1.742s] Level 1:colcon.colcon_core.package_identification:_identify(src/motor_control) by extensions ['colcon_pkg']
[1.742s] Level 1:colcon.colcon_core.package_identification:_identify(src/motor_control) by extension 'colcon_pkg'
[1.743s] Level 1:colcon.colcon_core.package_identification:_identify(src/motor_control) by extensions ['colcon_meta']
[1.743s] Level 1:colcon.colcon_core.package_identification:_identify(src/motor_control) by extension 'colcon_meta'
[1.744s] Level 1:colcon.colcon_core.package_identification:_identify(src/motor_control) by extensions ['ros']
[1.744s] Level 1:colcon.colcon_core.package_identification:_identify(src/motor_control) by extension 'ros'
[1.760s] DEBUG:colcon.colcon_core.package_identification:Package 'src/motor_control' with type 'ros.ament_python' and name 'motor_control'
[1.761s] Level 1:colcon.colcon_core.package_identification:_identify(src/teleop) by extensions ['ignore', 'ignore_ament_install']
[1.761s] Level 1:colcon.colcon_core.package_identification:_identify(src/teleop) by extension 'ignore'
[1.762s] Level 1:colcon.colcon_core.package_identification:_identify(src/teleop) by extension 'ignore_ament_install'
[1.762s] Level 1:colcon.colcon_core.package_identification:_identify(src/teleop) by extensions ['colcon_pkg']
[1.762s] Level 1:colcon.colcon_core.package_identification:_identify(src/teleop) by extension 'colcon_pkg'
[1.763s] Level 1:colcon.colcon_core.package_identification:_identify(src/teleop) by extensions ['colcon_meta']
[1.763s] Level 1:colcon.colcon_core.package_identification:_identify(src/teleop) by extension 'colcon_meta'
[1.764s] Level 1:colcon.colcon_core.package_identification:_identify(src/teleop) by extensions ['ros']
[1.764s] Level 1:colcon.colcon_core.package_identification:_identify(src/teleop) by extension 'ros'
[1.769s] DEBUG:colcon.colcon_core.package_identification:Package 'src/teleop' with type 'ros.ament_cmake' and name 'teleop'
[1.769s] Level 1:colcon.colcon_core.package_discovery:discover_packages(recursive) using defaults
[1.770s] Level 1:colcon.colcon_core.package_discovery:discover_packages(ignore) discover
[1.770s] Level 1:colcon.colcon_core.package_discovery:discover_packages(ignore) using defaults
[1.770s] Level 1:colcon.colcon_core.package_discovery:discover_packages(path) discover
[1.770s] Level 1:colcon.colcon_core.package_discovery:discover_packages(path) using defaults
[1.882s] Level 5:colcon.colcon_core.verb:set package 'motor_control' build argument 'cmake_args' from command line to 'None'
[1.883s] Level 5:colcon.colcon_core.verb:set package 'motor_control' build argument 'cmake_target' from command line to 'None'
[1.883s] Level 5:colcon.colcon_core.verb:set package 'motor_control' build argument 'cmake_target_skip_unavailable' from command line to 'False'
[1.883s] Level 5:colcon.colcon_core.verb:set package 'motor_control' build argument 'cmake_clean_cache' from command line to 'False'
[1.883s] Level 5:colcon.colcon_core.verb:set package 'motor_control' build argument 'cmake_clean_first' from command line to 'False'
[1.884s] Level 5:colcon.colcon_core.verb:set package 'motor_control' build argument 'cmake_force_configure' from command line to 'False'
[1.884s] Level 5:colcon.colcon_core.verb:set package 'motor_control' build argument 'ament_cmake_args' from command line to 'None'
[1.884s] Level 5:colcon.colcon_core.verb:set package 'motor_control' build argument 'catkin_cmake_args' from command line to 'None'
[1.884s] Level 5:colcon.colcon_core.verb:set package 'motor_control' build argument 'catkin_skip_building_tests' from command line to 'False'
[1.885s] DEBUG:colcon.colcon_core.verb:Building package 'motor_control' with the following arguments: {'ament_cmake_args': None, 'build_base': '/home/walle/WALL-E/ros2_ws/build/motor_control', 'catkin_cmake_args': None, 'catkin_skip_building_tests': False, 'cmake_args': None, 'cmake_clean_cache': False, 'cmake_clean_first': False, 'cmake_force_configure': False, 'cmake_target': None, 'cmake_target_skip_unavailable': False, 'install_base': '/home/walle/WALL-E/ros2_ws/install/motor_control', 'merge_install': False, 'path': '/home/walle/WALL-E/ros2_ws/src/motor_control', 'symlink_install': False, 'test_result_base': None}
[1.887s] Level 5:colcon.colcon_core.verb:set package 'teleop' build argument 'cmake_args' from command line to 'None'
[1.887s] Level 5:colcon.colcon_core.verb:set package 'teleop' build argument 'cmake_target' from command line to 'None'
[1.887s] Level 5:colcon.colcon_core.verb:set package 'teleop' build argument 'cmake_target_skip_unavailable' from command line to 'False'
[1.887s] Level 5:colcon.colcon_core.verb:set package 'teleop' build argument 'cmake_clean_cache' from command line to 'False'
[1.888s] Level 5:colcon.colcon_core.verb:set package 'teleop' build argument 'cmake_clean_first' from command line to 'False'
[1.888s] Level 5:colcon.colcon_core.verb:set package 'teleop' build argument 'cmake_force_configure' from command line to 'False'
[1.888s] Level 5:colcon.colcon_core.verb:set package 'teleop' build argument 'ament_cmake_args' from command line to 'None'
[1.888s] Level 5:colcon.colcon_core.verb:set package 'teleop' build argument 'catkin_cmake_args' from command line to 'None'
[1.888s] Level 5:colcon.colcon_core.verb:set package 'teleop' build argument 'catkin_skip_building_tests' from command line to 'False'
[1.889s] DEBUG:colcon.colcon_core.verb:Building package 'teleop' with the following arguments: {'ament_cmake_args': None, 'build_base': '/home/walle/WALL-E/ros2_ws/build/teleop', 'catkin_cmake_args': None, 'catkin_skip_building_tests': False, 'cmake_args': None, 'cmake_clean_cache': False, 'cmake_clean_first': False, 'cmake_force_configure': False, 'cmake_target': None, 'cmake_target_skip_unavailable': False, 'install_base': '/home/walle/WALL-E/ros2_ws/install/teleop', 'merge_install': False, 'path': '/home/walle/WALL-E/ros2_ws/src/teleop', 'symlink_install': False, 'test_result_base': None}
[1.889s] INFO:colcon.colcon_core.executor:Executing jobs using 'parallel' executor
[1.895s] DEBUG:colcon.colcon_parallel_executor.executor.parallel:run_until_complete
[1.896s] INFO:colcon.colcon_ros.task.ament_python.build:Building ROS package in '/home/walle/WALL-E/ros2_ws/src/motor_control' with build type 'ament_python'
[1.897s] Level 1:colcon.colcon_core.shell:create_environment_hook('motor_control', 'ament_prefix_path')
[1.911s] INFO:colcon.colcon_core.plugin_system:Skipping extension 'colcon_core.shell.bat': Not used on non-Windows systems
[1.913s] INFO:colcon.colcon_core.shell:Creating environment hook '/home/walle/WALL-E/ros2_ws/install/motor_control/share/motor_control/hook/ament_prefix_path.ps1'
[1.916s] INFO:colcon.colcon_core.shell:Creating environment descriptor '/home/walle/WALL-E/ros2_ws/install/motor_control/share/motor_control/hook/ament_prefix_path.dsv'
[1.919s] INFO:colcon.colcon_core.shell:Creating environment hook '/home/walle/WALL-E/ros2_ws/install/motor_control/share/motor_control/hook/ament_prefix_path.sh'
[1.925s] INFO:colcon.colcon_core.shell:Skip shell extension 'powershell' for command environment: Not usable outside of PowerShell
[1.925s] DEBUG:colcon.colcon_core.shell:Skip shell extension 'dsv' for command environment
[1.959s] INFO:colcon.colcon_ros.task.ament_cmake.build:Building ROS package in '/home/walle/WALL-E/ros2_ws/src/teleop' with build type 'ament_cmake'
[1.960s] INFO:colcon.colcon_cmake.task.cmake.build:Building CMake package in '/home/walle/WALL-E/ros2_ws/src/teleop'
[1.962s] INFO:colcon.colcon_core.shell:Skip shell extension 'powershell' for command environment: Not usable outside of PowerShell
[1.963s] DEBUG:colcon.colcon_core.shell:Skip shell extension 'dsv' for command environment
[3.819s] INFO:colcon.colcon_core.task.python.build:Building Python package in '/home/walle/WALL-E/ros2_ws/src/motor_control'
[3.820s] INFO:colcon.colcon_core.shell:Skip shell extension 'powershell' for command environment: Not usable outside of PowerShell
[3.821s] DEBUG:colcon.colcon_core.shell:Skip shell extension 'dsv' for command environment
[3.869s] DEBUG:colcon.colcon_core.event_handler.log_command:Invoking command in '/home/walle/WALL-E/ros2_ws/build/teleop': CMAKE_PREFIX_PATH=${CMAKE_PREFIX_PATH}:/home/walle/WALL-E/ros2_ws/install/motor_control:/opt/ros/humble /usr/bin/cmake --build /home/walle/WALL-E/ros2_ws/build/teleop -- -j4 -l4
[4.148s] DEBUG:colcon.colcon_core.event_handler.log_command:Invoked command in '/home/walle/WALL-E/ros2_ws/build/teleop' returned '0': CMAKE_PREFIX_PATH=${CMAKE_PREFIX_PATH}:/home/walle/WALL-E/ros2_ws/install/motor_control:/opt/ros/humble /usr/bin/cmake --build /home/walle/WALL-E/ros2_ws/build/teleop -- -j4 -l4
[4.344s] DEBUG:colcon.colcon_core.event_handler.log_command:Invoking command in '/home/walle/WALL-E/ros2_ws/build/teleop': CMAKE_PREFIX_PATH=${CMAKE_PREFIX_PATH}:/home/walle/WALL-E/ros2_ws/install/motor_control:/opt/ros/humble /usr/bin/cmake --install /home/walle/WALL-E/ros2_ws/build/teleop
[4.406s] Level 1:colcon.colcon_core.environment:create_environment_scripts_only(teleop)
[4.412s] DEBUG:colcon.colcon_core.event_handler.log_command:Invoked command in '/home/walle/WALL-E/ros2_ws/build/teleop' returned '0': CMAKE_PREFIX_PATH=${CMAKE_PREFIX_PATH}:/home/walle/WALL-E/ros2_ws/install/motor_control:/opt/ros/humble /usr/bin/cmake --install /home/walle/WALL-E/ros2_ws/build/teleop
[4.428s] Level 1:colcon.colcon_core.environment:checking '/home/walle/WALL-E/ros2_ws/install/teleop' for CMake module files
[4.431s] Level 1:colcon.colcon_core.environment:checking '/home/walle/WALL-E/ros2_ws/install/teleop' for CMake config files
[4.432s] Level 1:colcon.colcon_core.shell:create_environment_hook('teleop', 'cmake_prefix_path')
[4.433s] INFO:colcon.colcon_core.shell:Creating environment hook '/home/walle/WALL-E/ros2_ws/install/teleop/share/teleop/hook/cmake_prefix_path.ps1'
[4.436s] INFO:colcon.colcon_core.shell:Creating environment descriptor '/home/walle/WALL-E/ros2_ws/install/teleop/share/teleop/hook/cmake_prefix_path.dsv'
[4.438s] INFO:colcon.colcon_core.shell:Creating environment hook '/home/walle/WALL-E/ros2_ws/install/teleop/share/teleop/hook/cmake_prefix_path.sh'
[4.444s] Level 1:colcon.colcon_core.environment:checking '/home/walle/WALL-E/ros2_ws/install/teleop/bin'
[4.445s] Level 1:colcon.colcon_core.environment:checking '/home/walle/WALL-E/ros2_ws/install/teleop/lib/pkgconfig/teleop.pc'
[4.446s] Level 1:colcon.colcon_core.environment:checking '/home/walle/WALL-E/ros2_ws/install/teleop/lib/python3.10/site-packages'
[4.448s] Level 1:colcon.colcon_core.environment:checking '/home/walle/WALL-E/ros2_ws/install/teleop/bin'
[4.450s] INFO:colcon.colcon_core.shell:Creating package script '/home/walle/WALL-E/ros2_ws/install/teleop/share/teleop/package.ps1'
[4.456s] INFO:colcon.colcon_core.shell:Creating package descriptor '/home/walle/WALL-E/ros2_ws/install/teleop/share/teleop/package.dsv'
[4.459s] INFO:colcon.colcon_core.shell:Creating package script '/home/walle/WALL-E/ros2_ws/install/teleop/share/teleop/package.sh'
[4.466s] INFO:colcon.colcon_core.shell:Creating package script '/home/walle/WALL-E/ros2_ws/install/teleop/share/teleop/package.bash'
[4.470s] INFO:colcon.colcon_core.shell:Creating package script '/home/walle/WALL-E/ros2_ws/install/teleop/share/teleop/package.zsh'
[4.474s] Level 1:colcon.colcon_core.environment:create_file_with_runtime_dependencies(/home/walle/WALL-E/ros2_ws/install/teleop/share/colcon-core/packages/teleop)
[4.653s] Level 1:colcon.colcon_core.environment:create_environment_scripts_only(teleop)
[4.654s] Level 1:colcon.colcon_core.environment:checking '/home/walle/WALL-E/ros2_ws/install/teleop' for CMake module files
[4.658s] Level 1:colcon.colcon_core.environment:checking '/home/walle/WALL-E/ros2_ws/install/teleop' for CMake config files
[4.659s] Level 1:colcon.colcon_core.shell:create_environment_hook('teleop', 'cmake_prefix_path')
[4.661s] INFO:colcon.colcon_core.shell:Creating environment hook '/home/walle/WALL-E/ros2_ws/install/teleop/share/teleop/hook/cmake_prefix_path.ps1'
[4.666s] INFO:colcon.colcon_core.shell:Creating environment descriptor '/home/walle/WALL-E/ros2_ws/install/teleop/share/teleop/hook/cmake_prefix_path.dsv'
[4.668s] INFO:colcon.colcon_core.shell:Creating environment hook '/home/walle/WALL-E/ros2_ws/install/teleop/share/teleop/hook/cmake_prefix_path.sh'
[4.672s] Level 1:colcon.colcon_core.environment:checking '/home/walle/WALL-E/ros2_ws/install/teleop/bin'
[4.672s] Level 1:colcon.colcon_core.environment:checking '/home/walle/WALL-E/ros2_ws/install/teleop/lib/pkgconfig/teleop.pc'
[4.674s] Level 1:colcon.colcon_core.environment:checking '/home/walle/WALL-E/ros2_ws/install/teleop/lib/python3.10/site-packages'
[4.675s] Level 1:colcon.colcon_core.environment:checking '/home/walle/WALL-E/ros2_ws/install/teleop/bin'
[4.677s] INFO:colcon.colcon_core.shell:Creating package script '/home/walle/WALL-E/ros2_ws/install/teleop/share/teleop/package.ps1'
[4.682s] INFO:colcon.colcon_core.shell:Creating package descriptor '/home/walle/WALL-E/ros2_ws/install/teleop/share/teleop/package.dsv'
[4.685s] INFO:colcon.colcon_core.shell:Creating package script '/home/walle/WALL-E/ros2_ws/install/teleop/share/teleop/package.sh'
[4.688s] INFO:colcon.colcon_core.shell:Creating package script '/home/walle/WALL-E/ros2_ws/install/teleop/share/teleop/package.bash'
[4.692s] INFO:colcon.colcon_core.shell:Creating package script '/home/walle/WALL-E/ros2_ws/install/teleop/share/teleop/package.zsh'
[4.696s] Level 1:colcon.colcon_core.environment:create_file_with_runtime_dependencies(/home/walle/WALL-E/ros2_ws/install/teleop/share/colcon-core/packages/teleop)
[6.095s] DEBUG:colcon.colcon_core.event_handler.log_command:Invoking command in '/home/walle/WALL-E/ros2_ws/src/motor_control': PYTHONPATH=/home/walle/WALL-E/ros2_ws/build/motor_control/prefix_override:/home/walle/.local/lib/python3.10/site-packages/colcon_core/task/python/colcon_distutils_commands:/home/walle/WALL-E/ros2_ws/install/motor_control/lib/python3.10/site-packages:${PYTHONPATH} /usr/bin/python3 -W ignore:setup.py install is deprecated setup.py egg_info --egg-base ../../build/motor_control build --build-base /home/walle/WALL-E/ros2_ws/build/motor_control/build install --record /home/walle/WALL-E/ros2_ws/build/motor_control/install.log --install-scripts $base/lib/motor_control --single-version-externally-managed install_data
[8.307s] Level 1:colcon.colcon_core.environment:checking '/home/walle/WALL-E/ros2_ws/install/motor_control' for CMake module files
[8.310s] DEBUG:colcon.colcon_core.event_handler.log_command:Invoked command in '/home/walle/WALL-E/ros2_ws/src/motor_control' returned '0': PYTHONPATH=/home/walle/WALL-E/ros2_ws/build/motor_control/prefix_override:/home/walle/.local/lib/python3.10/site-packages/colcon_core/task/python/colcon_distutils_commands:/home/walle/WALL-E/ros2_ws/install/motor_control/lib/python3.10/site-packages:${PYTHONPATH} /usr/bin/python3 -W ignore:setup.py install is deprecated setup.py egg_info --egg-base ../../build/motor_control build --build-base /home/walle/WALL-E/ros2_ws/build/motor_control/build install --record /home/walle/WALL-E/ros2_ws/build/motor_control/install.log --install-scripts $base/lib/motor_control --single-version-externally-managed install_data
[8.313s] Level 1:colcon.colcon_core.environment:checking '/home/walle/WALL-E/ros2_ws/install/motor_control' for CMake config files
[8.318s] Level 1:colcon.colcon_core.environment:checking '/home/walle/WALL-E/ros2_ws/install/motor_control/lib'
[8.319s] Level 1:colcon.colcon_core.environment:checking '/home/walle/WALL-E/ros2_ws/install/motor_control/bin'
[8.319s] Level 1:colcon.colcon_core.environment:checking '/home/walle/WALL-E/ros2_ws/install/motor_control/lib/pkgconfig/motor_control.pc'
[8.321s] Level 1:colcon.colcon_core.environment:checking '/home/walle/WALL-E/ros2_ws/install/motor_control/lib/python3.10/site-packages'
[8.321s] Level 1:colcon.colcon_core.shell:create_environment_hook('motor_control', 'pythonpath')
[8.322s] INFO:colcon.colcon_core.shell:Creating environment hook '/home/walle/WALL-E/ros2_ws/install/motor_control/share/motor_control/hook/pythonpath.ps1'
[8.326s] INFO:colcon.colcon_core.shell:Creating environment descriptor '/home/walle/WALL-E/ros2_ws/install/motor_control/share/motor_control/hook/pythonpath.dsv'
[8.329s] INFO:colcon.colcon_core.shell:Creating environment hook '/home/walle/WALL-E/ros2_ws/install/motor_control/share/motor_control/hook/pythonpath.sh'
[8.332s] Level 1:colcon.colcon_core.environment:checking '/home/walle/WALL-E/ros2_ws/install/motor_control/bin'
[8.333s] Level 1:colcon.colcon_core.environment:create_environment_scripts_only(motor_control)
[8.334s] INFO:colcon.colcon_core.shell:Creating package script '/home/walle/WALL-E/ros2_ws/install/motor_control/share/motor_control/package.ps1'
[8.337s] INFO:colcon.colcon_core.shell:Creating package descriptor '/home/walle/WALL-E/ros2_ws/install/motor_control/share/motor_control/package.dsv'
[8.339s] INFO:colcon.colcon_core.shell:Creating package script '/home/walle/WALL-E/ros2_ws/install/motor_control/share/motor_control/package.sh'
[8.343s] INFO:colcon.colcon_core.shell:Creating package script '/home/walle/WALL-E/ros2_ws/install/motor_control/share/motor_control/package.bash'
[8.345s] INFO:colcon.colcon_core.shell:Creating package script '/home/walle/WALL-E/ros2_ws/install/motor_control/share/motor_control/package.zsh'
[8.347s] Level 1:colcon.colcon_core.environment:create_file_with_runtime_dependencies(/home/walle/WALL-E/ros2_ws/install/motor_control/share/colcon-core/packages/motor_control)
[8.349s] DEBUG:colcon.colcon_parallel_executor.executor.parallel:closing loop
[8.350s] DEBUG:colcon.colcon_parallel_executor.executor.parallel:loop closed
[8.351s] DEBUG:colcon.colcon_parallel_executor.executor.parallel:run_until_complete finished with '0'
[8.351s] DEBUG:colcon.colcon_core.event_reactor:joining thread
[8.384s] INFO:colcon.colcon_core.plugin_system:Skipping extension 'colcon_notification.desktop_notification.terminal_notifier': Not used on non-Darwin systems
[8.385s] INFO:colcon.colcon_core.plugin_system:Skipping extension 'colcon_notification.desktop_notification.win32': Not used on non-Windows systems
[8.385s] INFO:colcon.colcon_notification.desktop_notification:Sending desktop notification using 'notify2'
[8.442s] DEBUG:colcon.colcon_core.event_reactor:joined thread
[8.444s] INFO:colcon.colcon_core.shell:Creating prefix script '/home/walle/WALL-E/ros2_ws/install/local_setup.ps1'
[8.449s] INFO:colcon.colcon_core.shell:Creating prefix util module '/home/walle/WALL-E/ros2_ws/install/_local_setup_util_ps1.py'
[8.459s] INFO:colcon.colcon_core.shell:Creating prefix chain script '/home/walle/WALL-E/ros2_ws/install/setup.ps1'
[8.466s] INFO:colcon.colcon_core.shell:Creating prefix script '/home/walle/WALL-E/ros2_ws/install/local_setup.sh'
[8.470s] INFO:colcon.colcon_core.shell:Creating prefix util module '/home/walle/WALL-E/ros2_ws/install/_local_setup_util_sh.py'
[8.474s] INFO:colcon.colcon_core.shell:Creating prefix chain script '/home/walle/WALL-E/ros2_ws/install/setup.sh'
[8.482s] INFO:colcon.colcon_core.shell:Creating prefix script '/home/walle/WALL-E/ros2_ws/install/local_setup.bash'
[8.486s] INFO:colcon.colcon_core.shell:Creating prefix chain script '/home/walle/WALL-E/ros2_ws/install/setup.bash'
[8.493s] INFO:colcon.colcon_core.shell:Creating prefix script '/home/walle/WALL-E/ros2_ws/install/local_setup.zsh'
[8.497s] INFO:colcon.colcon_core.shell:Creating prefix chain script '/home/walle/WALL-E/ros2_ws/install/setup.zsh'
