[4.196s] Invoking command in '/home/walle/WALL-E/ros2_ws/src/motor_control': PYTHONPATH=/home/walle/WALL-E/ros2_ws/build/motor_control/prefix_override:/home/walle/.local/lib/python3.10/site-packages/colcon_core/task/python/colcon_distutils_commands:/home/walle/WALL-E/ros2_ws/install/motor_control/lib/python3.10/site-packages:${PYTHONPATH} /usr/bin/python3 -W ignore:setup.py install is deprecated setup.py egg_info --egg-base ../../build/motor_control build --build-base /home/walle/WALL-E/ros2_ws/build/motor_control/build install --record /home/walle/WALL-E/ros2_ws/build/motor_control/install.log --install-scripts $base/lib/motor_control --single-version-externally-managed install_data
[5.952s] /usr/lib/python3/dist-packages/setuptools/dist.py:723: UserWarning: Usage of dash-separated 'script-dir' will not be supported in future versions. Please use the underscore name 'script_dir' instead
[5.953s]   warnings.warn(
[6.015s] running egg_info
[6.021s] writing ../../build/motor_control/motor_control.egg-info/PKG-INFO
[6.022s] writing dependency_links to ../../build/motor_control/motor_control.egg-info/dependency_links.txt
[6.024s] writing entry points to ../../build/motor_control/motor_control.egg-info/entry_points.txt
[6.028s] writing requirements to ../../build/motor_control/motor_control.egg-info/requires.txt
[6.029s] writing top-level names to ../../build/motor_control/motor_control.egg-info/top_level.txt
[6.040s] reading manifest file '../../build/motor_control/motor_control.egg-info/SOURCES.txt'
[6.047s] writing manifest file '../../build/motor_control/motor_control.egg-info/SOURCES.txt'
[6.048s] running build
[6.050s] running build_py
[6.051s] copying motor_control/motor_control_node.py -> /home/walle/WALL-E/ros2_ws/build/motor_control/build/lib/motor_control
[6.054s] running install
[6.056s] running install_lib
[6.060s] copying /home/walle/WALL-E/ros2_ws/build/motor_control/build/lib/motor_control/motor_control_node.py -> /home/walle/WALL-E/ros2_ws/install/motor_control/lib/python3.10/site-packages/motor_control
[6.069s] byte-compiling /home/walle/WALL-E/ros2_ws/install/motor_control/lib/python3.10/site-packages/motor_control/motor_control_node.py to motor_control_node.cpython-310.pyc
[6.074s] running install_data
[6.074s] running install_egg_info
[6.086s] removing '/home/walle/WALL-E/ros2_ws/install/motor_control/lib/python3.10/site-packages/motor_control-0.0.0-py3.10.egg-info' (and everything under it)
[6.089s] Copying ../../build/motor_control/motor_control.egg-info to /home/walle/WALL-E/ros2_ws/install/motor_control/lib/python3.10/site-packages/motor_control-0.0.0-py3.10.egg-info
[6.100s] running install_scripts
[6.237s] Installing motor_control_node script to /home/walle/WALL-E/ros2_ws/install/motor_control/lib/motor_control
[6.240s] writing list of installed files to '/home/walle/WALL-E/ros2_ws/build/motor_control/install.log'
[6.411s] Invoked command in '/home/walle/WALL-E/ros2_ws/src/motor_control' returned '0': PYTHONPATH=/home/walle/WALL-E/ros2_ws/build/motor_control/prefix_override:/home/walle/.local/lib/python3.10/site-packages/colcon_core/task/python/colcon_distutils_commands:/home/walle/WALL-E/ros2_ws/install/motor_control/lib/python3.10/site-packages:${PYTHONPATH} /usr/bin/python3 -W ignore:setup.py install is deprecated setup.py egg_info --egg-base ../../build/motor_control build --build-base /home/walle/WALL-E/ros2_ws/build/motor_control/build install --record /home/walle/WALL-E/ros2_ws/build/motor_control/install.log --install-scripts $base/lib/motor_control --single-version-externally-managed install_data
