[0.613s] Invoking command in '/home/ndev/WALL-E/ros2_ws/src/motor_control': CONDA_PROMPT_MODIFIER=(base) PYTHONPATH=/home/ndev/WALL-E/ros2_ws/build/motor_control/prefix_override:/usr/lib/python3/dist-packages/colcon_core/task/python/colcon_distutils_commands:/home/ndev/WALL-E/ros2_ws/install/motor_control/lib/python3.8/site-packages:${PYTHONPATH} /usr/bin/python3 -W ignore:setup.py install is deprecated setup.py egg_info --egg-base ../../build/motor_control build --build-base /home/ndev/WALL-E/ros2_ws/build/motor_control/build install --record /home/ndev/WALL-E/ros2_ws/build/motor_control/install.log --install-scripts $base/lib/motor_control --single-version-externally-managed install_data
[0.780s] running egg_info
[0.780s] writing ../../build/motor_control/motor_control.egg-info/PKG-INFO
[0.780s] writing dependency_links to ../../build/motor_control/motor_control.egg-info/dependency_links.txt
[0.780s] writing entry points to ../../build/motor_control/motor_control.egg-info/entry_points.txt
[0.780s] writing requirements to ../../build/motor_control/motor_control.egg-info/requires.txt
[0.780s] writing top-level names to ../../build/motor_control/motor_control.egg-info/top_level.txt
[0.809s] reading manifest file '../../build/motor_control/motor_control.egg-info/SOURCES.txt'
[0.810s] writing manifest file '../../build/motor_control/motor_control.egg-info/SOURCES.txt'
[0.810s] running build
[0.810s] running build_py
[0.810s] running install
[0.811s] running install_lib
[0.812s] running install_data
[0.812s] running install_egg_info
[0.813s] removing '/home/ndev/WALL-E/ros2_ws/install/motor_control/lib/python3.8/site-packages/motor_control-0.0.0-py3.8.egg-info' (and everything under it)
[0.814s] Copying ../../build/motor_control/motor_control.egg-info to /home/ndev/WALL-E/ros2_ws/install/motor_control/lib/python3.8/site-packages/motor_control-0.0.0-py3.8.egg-info
[0.815s] running install_scripts
[0.828s] Installing motor_control_node script to /home/ndev/WALL-E/ros2_ws/install/motor_control/lib/motor_control
[0.829s] writing list of installed files to '/home/ndev/WALL-E/ros2_ws/build/motor_control/install.log'
[0.859s] Invoked command in '/home/ndev/WALL-E/ros2_ws/src/motor_control' returned '0': CONDA_PROMPT_MODIFIER=(base) PYTHONPATH=/home/ndev/WALL-E/ros2_ws/build/motor_control/prefix_override:/usr/lib/python3/dist-packages/colcon_core/task/python/colcon_distutils_commands:/home/ndev/WALL-E/ros2_ws/install/motor_control/lib/python3.8/site-packages:${PYTHONPATH} /usr/bin/python3 -W ignore:setup.py install is deprecated setup.py egg_info --egg-base ../../build/motor_control build --build-base /home/ndev/WALL-E/ros2_ws/build/motor_control/build install --record /home/ndev/WALL-E/ros2_ws/build/motor_control/install.log --install-scripts $base/lib/motor_control --single-version-externally-managed install_data
